LOG SESSION STARTED - 2026-01-18 13:41:05

====================================================================================================
Ritch Mueller And Nicolau

Errors:
    - Runtime Error: Failed to find lawyer elements at getLawyersInPage():52 (Error fetching lawyers on page 1) 1x
    - Runtime Error: Failed to find lawyer elements at getLawyersInPage():52 (Error fetching lawyers on page 2) 1x
    - Runtime Error: Failed to find lawyer elements at getLawyersInPage():52 (Error fetching lawyers on page 3) 1x
====================================================================================================

====================================================================================================
Consortium Legal

Errors:
    - Runtime Error: Failed to find lawyer elements at getLawyersInPage():45 (Error fetching lawyers on page 1) 1x
    - Runtime Error: Failed to find lawyer elements at getLawyersInPage():45 (Error fetching lawyers on page 2) 1x
    - Runtime Error: Failed to find lawyer elements at getLawyersInPage():45 (Error fetching lawyers on page 3) 1x
    - Runtime Error: Failed to find lawyer elements at getLawyersInPage():45 (Error fetching lawyers on page 4) 1x
    - Runtime Error: Failed to find lawyer elements at getLawyersInPage():45 (Error fetching lawyers on page 5) 1x
    - Runtime Error: Failed to find lawyer elements at getLawyersInPage():45 (Error fetching lawyers on page 6) 1x
    - Runtime Error: Failed to find lawyer elements at getLawyersInPage():45 (Error fetching lawyers on page 7) 1x
    - Runtime Error: Failed to find lawyer elements at getLawyersInPage():45 (Error fetching lawyers on page 8) 1x
====================================================================================================

====================================================================================================
Fangda Partners

Errors:
    - WebDriver Error: no such element: Unable to locate element: {"method":"xpath" at accessPage():39 (Error accessing page 1) 1x
====================================================================================================

====================================================================================================
Philippe & Partners

Errors:
    - Runtime Error: NullPointerException at openNewTab():55 (Error reading 31th lawyer at page 1) 1x
    - Runtime Error: NullPointerException at openNewTab():55 (Error reading 32th lawyer at page 1) 1x
====================================================================================================

====================================================================================================
Vinge

Errors:
    - WebDriver Error: java.net.http.HttpTimeoutException: request timed out (Error accessing page 1) 1x
====================================================================================================

====================================================================================================
Covington And Burling LLP

Errors:
    - Runtime Error: Failed to find lawyer elements at getLawyersInPage():59 (Error fetching lawyers on page 3) 1x
    - Runtime Error: Failed to find lawyer elements at getLawyersInPage():59 (Error fetching lawyers on page 4) 1x
====================================================================================================

====================================================================================================
Haynes And Boone

Errors:
    - Runtime Error: Failed to find lawyer elements at getLawyersInPage():51 (Error fetching lawyers on page 1) 1x
====================================================================================================

====================================================================================================
Garcia Bodan

Errors:
    - Runtime Error: Failed to find lawyer elements at getLawyersInPage():69 (Error fetching lawyers on page 1) 1x
====================================================================================================

====================================================================================================
Werksmans

Errors:
    - WebDriver Error: no such element: Unable to locate element: {"method":"xpath" at getPracticeArea():86 (Error reading 100th lawyer at page 1) 1x
    - WebDriver Error: no such element: Unable to locate element: {"method":"xpath" at getPracticeArea():86 (Error reading 101th lawyer at page 1) 1x
    - WebDriver Error: no such element: Unable to locate element: {"method":"xpath" at getPracticeArea():86 (Error reading 102th lawyer at page 1) 1x
    - WebDriver Error: no such element: Unable to locate element: {"method":"xpath" at getPracticeArea():86 (Error reading 103th lawyer at page 1) 1x
    - WebDriver Error: no such element: Unable to locate element: {"method":"xpath" at getPracticeArea():86 (Error reading 104th lawyer at page 1) 1x
    - WebDriver Error: no such element: Unable to locate element: {"method":"xpath" at getPracticeArea():86 (Error reading 105th lawyer at page 1) 1x
    - WebDriver Error: no such element: Unable to locate element: {"method":"xpath" at getPracticeArea():86 (Error reading 106th lawyer at page 1) 1x
    - WebDriver Error: no such element: Unable to locate element: {"method":"xpath" at getPracticeArea():86 (Error reading 107th lawyer at page 1) 1x
    - WebDriver Error: no such element: Unable to locate element: {"method":"xpath" at getPracticeArea():86 (Error reading 108th lawyer at page 1) 1x
    - WebDriver Error: no such element: Unable to locate element: {"method":"xpath" at getPracticeArea():86 (Error reading 109th lawyer at page 1) 1x
    - WebDriver Error: no such element: Unable to locate element: {"method":"xpath" at getPracticeArea():86 (Error reading 10th lawyer at page 1) 1x
    - WebDriver Error: no such element: Unable to locate element: {"method":"xpath" at getPracticeArea():86 (Error reading 110th lawyer at page 1) 1x
    - WebDriver Error: no such element: Unable to locate element: {"method":"xpath" at getPracticeArea():86 (Error reading 111th lawyer at page 1) 1x
    - WebDriver Error: no such element: Unable to locate element: {"method":"xpath" at getPracticeArea():86 (Error reading 112th lawyer at page 1) 1x
    - WebDriver Error: no such element: Unable to locate element: {"method":"xpath" at getPracticeArea():86 (Error reading 113th lawyer at page 1) 1x
    - WebDriver Error: no such element: Unable to locate element: {"method":"xpath" at getPracticeArea():86 (Error reading 114th lawyer at page 1) 1x
    - WebDriver Error: no such element: Unable to locate element: {"method":"xpath" at getPracticeArea():86 (Error reading 115th lawyer at page 1) 1x
    - WebDriver Error: no such element: Unable to locate element: {"method":"xpath" at getPracticeArea():86 (Error reading 116th lawyer at page 1) 1x
    - WebDriver Error: no such element: Unable to locate element: {"method":"xpath" at getPracticeArea():86 (Error reading 117th lawyer at page 1) 1x
    - WebDriver Error: no such element: Unable to locate element: {"method":"xpath" at getPracticeArea():86 (Error reading 118th lawyer at page 1) 1x
    - WebDriver Error: no such element: Unable to locate element: {"method":"xpath" at getPracticeArea():86 (Error reading 119th lawyer at page 1) 1x
    - WebDriver Error: no such element: Unable to locate element: {"method":"xpath" at getPracticeArea():86 (Error reading 11th lawyer at page 1) 1x
    - WebDriver Error: no such element: Unable to locate element: {"method":"xpath" at getPracticeArea():86 (Error reading 120th lawyer at page 1) 1x
    - WebDriver Error: no such element: Unable to locate element: {"method":"xpath" at getPracticeArea():86 (Error reading 121th lawyer at page 1) 1x
    - WebDriver Error: no such element: Unable to locate element: {"method":"xpath" at getPracticeArea():86 (Error reading 122th lawyer at page 1) 1x
    - WebDriver Error: no such element: Unable to locate element: {"method":"xpath" at getPracticeArea():86 (Error reading 123th lawyer at page 1) 1x
    - WebDriver Error: no such element: Unable to locate element: {"method":"xpath" at getPracticeArea():86 (Error reading 124th lawyer at page 1) 1x
    - WebDriver Error: no such element: Unable to locate element: {"method":"xpath" at getPracticeArea():86 (Error reading 125th lawyer at page 1) 1x
    - WebDriver Error: no such element: Unable to locate element: {"method":"xpath" at getPracticeArea():86 (Error reading 126th lawyer at page 1) 1x
    - WebDriver Error: no such element: Unable to locate element: {"method":"xpath" at getPracticeArea():86 (Error reading 127th lawyer at page 1) 1x
    - WebDriver Error: no such element: Unable to locate element: {"method":"xpath" at getPracticeArea():86 (Error reading 128th lawyer at page 1) 1x
    - WebDriver Error: no such element: Unable to locate element: {"method":"xpath" at getPracticeArea():86 (Error reading 129th lawyer at page 1) 1x
    - WebDriver Error: no such element: Unable to locate element: {"method":"xpath" at getPracticeArea():86 (Error reading 12th lawyer at page 1) 1x
    - WebDriver Error: no such element: Unable to locate element: {"method":"xpath" at getPracticeArea():86 (Error reading 130th lawyer at page 1) 1x
    - WebDriver Error: no such element: Unable to locate element: {"method":"xpath" at getPracticeArea():86 (Error reading 131th lawyer at page 1) 1x
    - WebDriver Error: no such element: Unable to locate element: {"method":"xpath" at getPracticeArea():86 (Error reading 132th lawyer at page 1) 1x
    - WebDriver Error: no such element: Unable to locate element: {"method":"xpath" at getPracticeArea():86 (Error reading 133th lawyer at page 1) 1x
    - WebDriver Error: no such element: Unable to locate element: {"method":"xpath" at getPracticeArea():86 (Error reading 134th lawyer at page 1) 1x
    - WebDriver Error: no such element: Unable to locate element: {"method":"xpath" at getPracticeArea():86 (Error reading 135th lawyer at page 1) 1x
    - WebDriver Error: no such element: Unable to locate element: {"method":"xpath" at getPracticeArea():86 (Error reading 136th lawyer at page 1) 1x
    - WebDriver Error: no such element: Unable to locate element: {"method":"xpath" at getPracticeArea():86 (Error reading 137th lawyer at page 1) 1x
    - WebDriver Error: no such element: Unable to locate element: {"method":"xpath" at getPracticeArea():86 (Error reading 138th lawyer at page 1) 1x
    - WebDriver Error: no such element: Unable to locate element: {"method":"xpath" at getPracticeArea():86 (Error reading 139th lawyer at page 1) 1x
    - WebDriver Error: no such element: Unable to locate element: {"method":"xpath" at getPracticeArea():86 (Error reading 13th lawyer at page 1) 1x
    - WebDriver Error: no such element: Unable to locate element: {"method":"xpath" at getPracticeArea():86 (Error reading 140th lawyer at page 1) 1x
    - WebDriver Error: no such element: Unable to locate element: {"method":"xpath" at getPracticeArea():86 (Error reading 141th lawyer at page 1) 1x
    - WebDriver Error: no such element: Unable to locate element: {"method":"xpath" at getPracticeArea():86 (Error reading 142th lawyer at page 1) 1x
    - WebDriver Error: no such element: Unable to locate element: {"method":"xpath" at getPracticeArea():86 (Error reading 143th lawyer at page 1) 1x
    - WebDriver Error: no such element: Unable to locate element: {"method":"xpath" at getPracticeArea():86 (Error reading 144th lawyer at page 1) 1x
    - WebDriver Error: no such element: Unable to locate element: {"method":"xpath" at getPracticeArea():86 (Error reading 145th lawyer at page 1) 1x
    - WebDriver Error: no such element: Unable to locate element: {"method":"xpath" at getPracticeArea():86 (Error reading 146th lawyer at page 1) 1x
    - WebDriver Error: no such element: Unable to locate element: {"method":"xpath" at getPracticeArea():86 (Error reading 147th lawyer at page 1) 1x
    - WebDriver Error: no such element: Unable to locate element: {"method":"xpath" at getPracticeArea():86 (Error reading 148th lawyer at page 1) 1x
    - WebDriver Error: no such element: Unable to locate element: {"method":"xpath" at getPracticeArea():86 (Error reading 149th lawyer at page 1) 1x
    - WebDriver Error: no such element: Unable to locate element: {"method":"xpath" at getPracticeArea():86 (Error reading 14th lawyer at page 1) 1x
    - WebDriver Error: no such element: Unable to locate element: {"method":"xpath" at getPracticeArea():86 (Error reading 150th lawyer at page 1) 1x
    - WebDriver Error: no such element: Unable to locate element: {"method":"xpath" at getPracticeArea():86 (Error reading 151th lawyer at page 1) 1x
    - WebDriver Error: no such element: Unable to locate element: {"method":"xpath" at getPracticeArea():86 (Error reading 152th lawyer at page 1) 1x
    - WebDriver Error: no such element: Unable to locate element: {"method":"xpath" at getPracticeArea():86 (Error reading 153th lawyer at page 1) 1x
    - WebDriver Error: no such element: Unable to locate element: {"method":"xpath" at getPracticeArea():86 (Error reading 154th lawyer at page 1) 1x
    - WebDriver Error: no such element: Unable to locate element: {"method":"xpath" at getPracticeArea():86 (Error reading 155th lawyer at page 1) 1x
    - WebDriver Error: no such element: Unable to locate element: {"method":"xpath" at getPracticeArea():86 (Error reading 15th lawyer at page 1) 1x
    - WebDriver Error: no such element: Unable to locate element: {"method":"xpath" at getPracticeArea():86 (Error reading 16th lawyer at page 1) 1x
    - WebDriver Error: no such element: Unable to locate element: {"method":"xpath" at getPracticeArea():86 (Error reading 17th lawyer at page 1) 1x
    - WebDriver Error: no such element: Unable to locate element: {"method":"xpath" at getPracticeArea():86 (Error reading 18th lawyer at page 1) 1x
    - WebDriver Error: no such element: Unable to locate element: {"method":"xpath" at getPracticeArea():86 (Error reading 19th lawyer at page 1) 1x
    - WebDriver Error: no such element: Unable to locate element: {"method":"xpath" at getPracticeArea():86 (Error reading 1th lawyer at page 1) 1x
    - WebDriver Error: no such element: Unable to locate element: {"method":"xpath" at getPracticeArea():86 (Error reading 20th lawyer at page 1) 1x
    - WebDriver Error: no such element: Unable to locate element: {"method":"xpath" at getPracticeArea():86 (Error reading 21th lawyer at page 1) 1x
    - WebDriver Error: no such element: Unable to locate element: {"method":"xpath" at getPracticeArea():86 (Error reading 22th lawyer at page 1) 1x
    - WebDriver Error: no such element: Unable to locate element: {"method":"xpath" at getPracticeArea():86 (Error reading 23th lawyer at page 1) 1x
    - WebDriver Error: no such element: Unable to locate element: {"method":"xpath" at getPracticeArea():86 (Error reading 24th lawyer at page 1) 1x
    - WebDriver Error: no such element: Unable to locate element: {"method":"xpath" at getPracticeArea():86 (Error reading 25th lawyer at page 1) 1x
    - WebDriver Error: no such element: Unable to locate element: {"method":"xpath" at getPracticeArea():86 (Error reading 26th lawyer at page 1) 1x
    - WebDriver Error: no such element: Unable to locate element: {"method":"xpath" at getPracticeArea():86 (Error reading 27th lawyer at page 1) 1x
    - WebDriver Error: no such element: Unable to locate element: {"method":"xpath" at getPracticeArea():86 (Error reading 28th lawyer at page 1) 1x
    - WebDriver Error: no such element: Unable to locate element: {"method":"xpath" at getPracticeArea():86 (Error reading 29th lawyer at page 1) 1x
    - WebDriver Error: no such element: Unable to locate element: {"method":"xpath" at getPracticeArea():86 (Error reading 2th lawyer at page 1) 1x
    - WebDriver Error: no such element: Unable to locate element: {"method":"xpath" at getPracticeArea():86 (Error reading 30th lawyer at page 1) 1x
    - WebDriver Error: no such element: Unable to locate element: {"method":"xpath" at getPracticeArea():86 (Error reading 31th lawyer at page 1) 1x
    - WebDriver Error: no such element: Unable to locate element: {"method":"xpath" at getPracticeArea():86 (Error reading 32th lawyer at page 1) 1x
    - WebDriver Error: no such element: Unable to locate element: {"method":"xpath" at getPracticeArea():86 (Error reading 33th lawyer at page 1) 1x
    - WebDriver Error: no such element: Unable to locate element: {"method":"xpath" at getPracticeArea():86 (Error reading 34th lawyer at page 1) 1x
    - WebDriver Error: no such element: Unable to locate element: {"method":"xpath" at getPracticeArea():86 (Error reading 35th lawyer at page 1) 1x
    - WebDriver Error: no such element: Unable to locate element: {"method":"xpath" at getPracticeArea():86 (Error reading 36th lawyer at page 1) 1x
    - WebDriver Error: no such element: Unable to locate element: {"method":"xpath" at getPracticeArea():86 (Error reading 37th lawyer at page 1) 1x
    - WebDriver Error: no such element: Unable to locate element: {"method":"xpath" at getPracticeArea():86 (Error reading 38th lawyer at page 1) 1x
    - WebDriver Error: no such element: Unable to locate element: {"method":"xpath" at getPracticeArea():86 (Error reading 39th lawyer at page 1) 1x
    - WebDriver Error: no such element: Unable to locate element: {"method":"xpath" at getPracticeArea():86 (Error reading 3th lawyer at page 1) 1x
    - WebDriver Error: no such element: Unable to locate element: {"method":"xpath" at getPracticeArea():86 (Error reading 40th lawyer at page 1) 1x
    - WebDriver Error: no such element: Unable to locate element: {"method":"xpath" at getPracticeArea():86 (Error reading 41th lawyer at page 1) 1x
    - WebDriver Error: no such element: Unable to locate element: {"method":"xpath" at getPracticeArea():86 (Error reading 42th lawyer at page 1) 1x
    - WebDriver Error: no such element: Unable to locate element: {"method":"xpath" at getPracticeArea():86 (Error reading 43th lawyer at page 1) 1x
    - WebDriver Error: no such element: Unable to locate element: {"method":"xpath" at getPracticeArea():86 (Error reading 44th lawyer at page 1) 1x
    - WebDriver Error: no such element: Unable to locate element: {"method":"xpath" at getPracticeArea():86 (Error reading 45th lawyer at page 1) 1x
    - WebDriver Error: no such element: Unable to locate element: {"method":"xpath" at getPracticeArea():86 (Error reading 46th lawyer at page 1) 1x
    - WebDriver Error: no such element: Unable to locate element: {"method":"xpath" at getPracticeArea():86 (Error reading 47th lawyer at page 1) 1x
    - WebDriver Error: no such element: Unable to locate element: {"method":"xpath" at getPracticeArea():86 (Error reading 48th lawyer at page 1) 1x
    - WebDriver Error: no such element: Unable to locate element: {"method":"xpath" at getPracticeArea():86 (Error reading 49th lawyer at page 1) 1x
    - WebDriver Error: no such element: Unable to locate element: {"method":"xpath" at getPracticeArea():86 (Error reading 4th lawyer at page 1) 1x
    - WebDriver Error: no such element: Unable to locate element: {"method":"xpath" at getPracticeArea():86 (Error reading 50th lawyer at page 1) 1x
    - WebDriver Error: no such element: Unable to locate element: {"method":"xpath" at getPracticeArea():86 (Error reading 51th lawyer at page 1) 1x
    - WebDriver Error: no such element: Unable to locate element: {"method":"xpath" at getPracticeArea():86 (Error reading 52th lawyer at page 1) 1x
    - WebDriver Error: no such element: Unable to locate element: {"method":"xpath" at getPracticeArea():86 (Error reading 53th lawyer at page 1) 1x
    - WebDriver Error: no such element: Unable to locate element: {"method":"xpath" at getPracticeArea():86 (Error reading 54th lawyer at page 1) 1x
    - WebDriver Error: no such element: Unable to locate element: {"method":"xpath" at getPracticeArea():86 (Error reading 55th lawyer at page 1) 1x
    - WebDriver Error: no such element: Unable to locate element: {"method":"xpath" at getPracticeArea():86 (Error reading 56th lawyer at page 1) 1x
    - WebDriver Error: no such element: Unable to locate element: {"method":"xpath" at getPracticeArea():86 (Error reading 57th lawyer at page 1) 1x
    - WebDriver Error: no such element: Unable to locate element: {"method":"xpath" at getPracticeArea():86 (Error reading 58th lawyer at page 1) 1x
    - WebDriver Error: no such element: Unable to locate element: {"method":"xpath" at getPracticeArea():86 (Error reading 59th lawyer at page 1) 1x
    - WebDriver Error: no such element: Unable to locate element: {"method":"xpath" at getPracticeArea():86 (Error reading 5th lawyer at page 1) 1x
    - WebDriver Error: no such element: Unable to locate element: {"method":"xpath" at getPracticeArea():86 (Error reading 60th lawyer at page 1) 1x
    - WebDriver Error: no such element: Unable to locate element: {"method":"xpath" at getPracticeArea():86 (Error reading 61th lawyer at page 1) 1x
    - WebDriver Error: no such element: Unable to locate element: {"method":"xpath" at getPracticeArea():86 (Error reading 62th lawyer at page 1) 1x
    - WebDriver Error: no such element: Unable to locate element: {"method":"xpath" at getPracticeArea():86 (Error reading 63th lawyer at page 1) 1x
    - WebDriver Error: no such element: Unable to locate element: {"method":"xpath" at getPracticeArea():86 (Error reading 64th lawyer at page 1) 1x
    - WebDriver Error: no such element: Unable to locate element: {"method":"xpath" at getPracticeArea():86 (Error reading 65th lawyer at page 1) 1x
    - WebDriver Error: no such element: Unable to locate element: {"method":"xpath" at getPracticeArea():86 (Error reading 66th lawyer at page 1) 1x
    - WebDriver Error: no such element: Unable to locate element: {"method":"xpath" at getPracticeArea():86 (Error reading 67th lawyer at page 1) 1x
    - WebDriver Error: no such element: Unable to locate element: {"method":"xpath" at getPracticeArea():86 (Error reading 68th lawyer at page 1) 1x
    - WebDriver Error: no such element: Unable to locate element: {"method":"xpath" at getPracticeArea():86 (Error reading 69th lawyer at page 1) 1x
    - WebDriver Error: no such element: Unable to locate element: {"method":"xpath" at getPracticeArea():86 (Error reading 6th lawyer at page 1) 1x
    - WebDriver Error: no such element: Unable to locate element: {"method":"xpath" at getPracticeArea():86 (Error reading 70th lawyer at page 1) 1x
    - WebDriver Error: no such element: Unable to locate element: {"method":"xpath" at getPracticeArea():86 (Error reading 71th lawyer at page 1) 1x
    - WebDriver Error: no such element: Unable to locate element: {"method":"xpath" at getPracticeArea():86 (Error reading 72th lawyer at page 1) 1x
    - WebDriver Error: no such element: Unable to locate element: {"method":"xpath" at getPracticeArea():86 (Error reading 73th lawyer at page 1) 1x
    - WebDriver Error: no such element: Unable to locate element: {"method":"xpath" at getPracticeArea():86 (Error reading 74th lawyer at page 1) 1x
    - WebDriver Error: no such element: Unable to locate element: {"method":"xpath" at getPracticeArea():86 (Error reading 75th lawyer at page 1) 1x
    - WebDriver Error: no such element: Unable to locate element: {"method":"xpath" at getPracticeArea():86 (Error reading 76th lawyer at page 1) 1x
    - WebDriver Error: no such element: Unable to locate element: {"method":"xpath" at getPracticeArea():86 (Error reading 77th lawyer at page 1) 1x
    - WebDriver Error: no such element: Unable to locate element: {"method":"xpath" at getPracticeArea():86 (Error reading 78th lawyer at page 1) 1x
    - WebDriver Error: no such element: Unable to locate element: {"method":"xpath" at getPracticeArea():86 (Error reading 79th lawyer at page 1) 1x
    - WebDriver Error: no such element: Unable to locate element: {"method":"xpath" at getPracticeArea():86 (Error reading 7th lawyer at page 1) 1x
    - WebDriver Error: no such element: Unable to locate element: {"method":"xpath" at getPracticeArea():86 (Error reading 80th lawyer at page 1) 1x
    - WebDriver Error: no such element: Unable to locate element: {"method":"xpath" at getPracticeArea():86 (Error reading 81th lawyer at page 1) 1x
    - WebDriver Error: no such element: Unable to locate element: {"method":"xpath" at getPracticeArea():86 (Error reading 82th lawyer at page 1) 1x
    - WebDriver Error: no such element: Unable to locate element: {"method":"xpath" at getPracticeArea():86 (Error reading 83th lawyer at page 1) 1x
    - WebDriver Error: no such element: Unable to locate element: {"method":"xpath" at getPracticeArea():86 (Error reading 84th lawyer at page 1) 1x
    - WebDriver Error: no such element: Unable to locate element: {"method":"xpath" at getPracticeArea():86 (Error reading 85th lawyer at page 1) 1x
    - WebDriver Error: no such element: Unable to locate element: {"method":"xpath" at getPracticeArea():86 (Error reading 86th lawyer at page 1) 1x
    - WebDriver Error: no such element: Unable to locate element: {"method":"xpath" at getPracticeArea():86 (Error reading 87th lawyer at page 1) 1x
    - WebDriver Error: no such element: Unable to locate element: {"method":"xpath" at getPracticeArea():86 (Error reading 88th lawyer at page 1) 1x
    - WebDriver Error: no such element: Unable to locate element: {"method":"xpath" at getPracticeArea():86 (Error reading 89th lawyer at page 1) 1x
    - WebDriver Error: no such element: Unable to locate element: {"method":"xpath" at getPracticeArea():86 (Error reading 8th lawyer at page 1) 1x
    - WebDriver Error: no such element: Unable to locate element: {"method":"xpath" at getPracticeArea():86 (Error reading 90th lawyer at page 1) 1x
    - WebDriver Error: no such element: Unable to locate element: {"method":"xpath" at getPracticeArea():86 (Error reading 91th lawyer at page 1) 1x
    - WebDriver Error: no such element: Unable to locate element: {"method":"xpath" at getPracticeArea():86 (Error reading 92th lawyer at page 1) 1x
    - WebDriver Error: no such element: Unable to locate element: {"method":"xpath" at getPracticeArea():86 (Error reading 93th lawyer at page 1) 1x
    - WebDriver Error: no such element: Unable to locate element: {"method":"xpath" at getPracticeArea():86 (Error reading 94th lawyer at page 1) 1x
    - WebDriver Error: no such element: Unable to locate element: {"method":"xpath" at getPracticeArea():86 (Error reading 95th lawyer at page 1) 1x
    - WebDriver Error: no such element: Unable to locate element: {"method":"xpath" at getPracticeArea():86 (Error reading 96th lawyer at page 1) 1x
    - WebDriver Error: no such element: Unable to locate element: {"method":"xpath" at getPracticeArea():86 (Error reading 97th lawyer at page 1) 1x
    - WebDriver Error: no such element: Unable to locate element: {"method":"xpath" at getPracticeArea():86 (Error reading 98th lawyer at page 1) 1x
    - WebDriver Error: no such element: Unable to locate element: {"method":"xpath" at getPracticeArea():86 (Error reading 99th lawyer at page 1) 1x
    - WebDriver Error: no such element: Unable to locate element: {"method":"xpath" at getPracticeArea():86 (Error reading 9th lawyer at page 1) 1x
====================================================================================================

====================================================================================================
Szecskay

Errors:
    - WebDriver Error: unknown error: net::ERR_CONNECTION_TIMED_OUT at accessPage():36 (Error accessing page 1) 1x
====================================================================================================

====================================================================================================
Lex Caribbean

Errors:
    - Runtime Error: Failed to find lawyer elements at getLawyersInPage():57 (Error fetching lawyers on page 1) 1x
====================================================================================================

====================================================================================================
Langseth Advokat

Errors:
    - Runtime Error: Failed to find lawyer elements at getLawyersInPage():48 (Error fetching lawyers on page 1) 1x
====================================================================================================

====================================================================================================
S Horowitz & Co

Errors:
    - Runtime Error: Failed to find lawyer elements at getLawyersInPage():53 (Error fetching lawyers on page 1) 1x
====================================================================================================

====================================================================================================
Pulegal

Errors:
    - Runtime Error: Failed to find lawyer elements at getLawyersInPage():52 (Error fetching lawyers on page 1) 1x
====================================================================================================

====================================================================================================
Myers Fletcher And Gordon

Errors:
    - Runtime Error: Failed to find lawyer elements at getLawyersInPage():59 (Error fetching lawyers on page 1) 1x
====================================================================================================

====================================================================================================
Ogletree Deakins

Errors:
    - WebDriver Error: invalid argument at openNewTab():66 (Error reading 12th lawyer at page 1) 1x
====================================================================================================

====================================================================================================
Sidley

Errors:
    - Runtime Error: Failed to find lawyer elements at getLawyersInPage():88 (Error fetching lawyers on page 1) 1x
    - Runtime Error: Failed to find lawyer elements at getLawyersInPage():88 (Error fetching lawyers on page 2) 1x
    - Runtime Error: Failed to find lawyer elements at getLawyersInPage():88 (Error fetching lawyers on page 3) 1x
    - Runtime Error: Failed to find lawyer elements at getLawyersInPage():88 (Error fetching lawyers on page 4) 1x
====================================================================================================

====================================================================================================
FPS Law

Errors:
    - WebDriver Error: no such element: element not found at openNewTab():53 (Error reading 2th lawyer at page 1) 1x
====================================================================================================

====================================================================================================
Gomez Acebo And Pombo

Errors:
    - InterruptedException: sleep interrupted at goToPage():56 (Error accessing page 4) 1x
====================================================================================================

====================================================================================================
DGKV

Errors:
    - Runtime Error: Failed to find lawyer elements at getLawyersInPage():61 (Error fetching lawyers on page 1) 1x
    - Runtime Error: Failed to find lawyer elements at getLawyersInPage():61 (Error fetching lawyers on page 2) 1x
    - Runtime Error: Failed to find lawyer elements at getLawyersInPage():61 (Error fetching lawyers on page 3) 1x
====================================================================================================

====================================================================================================
Clifford Chance

Errors:
    - WebDriver Error: Build info: version: '4.35.0', revision: '1c58e5028b' at accessPage():72 (Error accessing page 10) 1x
    - WebDriver Error: Build info: version: '4.35.0', revision: '1c58e5028b' at accessPage():72 (Error accessing page 11) 1x
    - WebDriver Error: Build info: version: '4.35.0', revision: '1c58e5028b' at accessPage():72 (Error accessing page 12) 1x
    - WebDriver Error: Build info: version: '4.35.0', revision: '1c58e5028b' at accessPage():72 (Error accessing page 13) 1x
    - WebDriver Error: Build info: version: '4.35.0', revision: '1c58e5028b' at accessPage():72 (Error accessing page 14) 1x
    - WebDriver Error: Build info: version: '4.35.0', revision: '1c58e5028b' at accessPage():72 (Error accessing page 15) 1x
    - WebDriver Error: Build info: version: '4.35.0', revision: '1c58e5028b' at accessPage():72 (Error accessing page 2) 1x
    - WebDriver Error: Build info: version: '4.35.0', revision: '1c58e5028b' at accessPage():72 (Error accessing page 3) 1x
    - WebDriver Error: Build info: version: '4.35.0', revision: '1c58e5028b' at accessPage():72 (Error accessing page 4) 1x
    - WebDriver Error: Build info: version: '4.35.0', revision: '1c58e5028b' at accessPage():72 (Error accessing page 5) 1x
    - WebDriver Error: Build info: version: '4.35.0', revision: '1c58e5028b' at accessPage():72 (Error accessing page 6) 1x
    - WebDriver Error: Build info: version: '4.35.0', revision: '1c58e5028b' at accessPage():72 (Error accessing page 7) 1x
    - WebDriver Error: Build info: version: '4.35.0', revision: '1c58e5028b' at accessPage():72 (Error accessing page 8) 1x
    - WebDriver Error: Build info: version: '4.35.0', revision: '1c58e5028b' at accessPage():72 (Error accessing page 9) 1x
    - WebDriver Error: Build info: version: '4.35.0', revision: '1c58e5028b' at getSocials():140 (Error reading 100th lawyer at page 1) 1x
    - WebDriver Error: Build info: version: '4.35.0', revision: '1c58e5028b' at getSocials():140 (Error reading 101th lawyer at page 1) 1x
    - WebDriver Error: Build info: version: '4.35.0', revision: '1c58e5028b' at getSocials():140 (Error reading 102th lawyer at page 1) 1x
    - WebDriver Error: Build info: version: '4.35.0', revision: '1c58e5028b' at getSocials():140 (Error reading 103th lawyer at page 1) 1x
    - WebDriver Error: Build info: version: '4.35.0', revision: '1c58e5028b' at getSocials():140 (Error reading 104th lawyer at page 1) 1x
    - WebDriver Error: Build info: version: '4.35.0', revision: '1c58e5028b' at getSocials():140 (Error reading 105th lawyer at page 1) 1x
    - WebDriver Error: Build info: version: '4.35.0', revision: '1c58e5028b' at getSocials():140 (Error reading 106th lawyer at page 1) 1x
    - WebDriver Error: Build info: version: '4.35.0', revision: '1c58e5028b' at getSocials():140 (Error reading 107th lawyer at page 1) 1x
    - WebDriver Error: Build info: version: '4.35.0', revision: '1c58e5028b' at getSocials():140 (Error reading 108th lawyer at page 1) 1x
    - WebDriver Error: Build info: version: '4.35.0', revision: '1c58e5028b' at getSocials():140 (Error reading 33th lawyer at page 1) 1x
    - WebDriver Error: Build info: version: '4.35.0', revision: '1c58e5028b' at getSocials():140 (Error reading 34th lawyer at page 1) 1x
    - WebDriver Error: Build info: version: '4.35.0', revision: '1c58e5028b' at getSocials():140 (Error reading 35th lawyer at page 1) 1x
    - WebDriver Error: Build info: version: '4.35.0', revision: '1c58e5028b' at getSocials():140 (Error reading 36th lawyer at page 1) 1x
    - WebDriver Error: Build info: version: '4.35.0', revision: '1c58e5028b' at getSocials():140 (Error reading 37th lawyer at page 1) 1x
    - WebDriver Error: Build info: version: '4.35.0', revision: '1c58e5028b' at getSocials():140 (Error reading 38th lawyer at page 1) 1x
    - WebDriver Error: Build info: version: '4.35.0', revision: '1c58e5028b' at getSocials():140 (Error reading 39th lawyer at page 1) 1x
    - WebDriver Error: Build info: version: '4.35.0', revision: '1c58e5028b' at getSocials():140 (Error reading 40th lawyer at page 1) 1x
    - WebDriver Error: Build info: version: '4.35.0', revision: '1c58e5028b' at getSocials():140 (Error reading 41th lawyer at page 1) 1x
    - WebDriver Error: Build info: version: '4.35.0', revision: '1c58e5028b' at getSocials():140 (Error reading 42th lawyer at page 1) 1x
    - WebDriver Error: Build info: version: '4.35.0', revision: '1c58e5028b' at getSocials():140 (Error reading 43th lawyer at page 1) 1x
    - WebDriver Error: Build info: version: '4.35.0', revision: '1c58e5028b' at getSocials():140 (Error reading 44th lawyer at page 1) 1x
    - WebDriver Error: Build info: version: '4.35.0', revision: '1c58e5028b' at getSocials():140 (Error reading 45th lawyer at page 1) 1x
    - WebDriver Error: Build info: version: '4.35.0', revision: '1c58e5028b' at getSocials():140 (Error reading 46th lawyer at page 1) 1x
    - WebDriver Error: Build info: version: '4.35.0', revision: '1c58e5028b' at getSocials():140 (Error reading 47th lawyer at page 1) 1x
    - WebDriver Error: Build info: version: '4.35.0', revision: '1c58e5028b' at getSocials():140 (Error reading 48th lawyer at page 1) 1x
    - WebDriver Error: Build info: version: '4.35.0', revision: '1c58e5028b' at getSocials():140 (Error reading 49th lawyer at page 1) 1x
    - WebDriver Error: Build info: version: '4.35.0', revision: '1c58e5028b' at getSocials():140 (Error reading 50th lawyer at page 1) 1x
    - WebDriver Error: Build info: version: '4.35.0', revision: '1c58e5028b' at getSocials():140 (Error reading 51th lawyer at page 1) 1x
    - WebDriver Error: Build info: version: '4.35.0', revision: '1c58e5028b' at getSocials():140 (Error reading 52th lawyer at page 1) 1x
    - WebDriver Error: Build info: version: '4.35.0', revision: '1c58e5028b' at getSocials():140 (Error reading 53th lawyer at page 1) 1x
    - WebDriver Error: Build info: version: '4.35.0', revision: '1c58e5028b' at getSocials():140 (Error reading 54th lawyer at page 1) 1x
    - WebDriver Error: Build info: version: '4.35.0', revision: '1c58e5028b' at getSocials():140 (Error reading 55th lawyer at page 1) 1x
    - WebDriver Error: Build info: version: '4.35.0', revision: '1c58e5028b' at getSocials():140 (Error reading 56th lawyer at page 1) 1x
    - WebDriver Error: Build info: version: '4.35.0', revision: '1c58e5028b' at getSocials():140 (Error reading 57th lawyer at page 1) 1x
    - WebDriver Error: Build info: version: '4.35.0', revision: '1c58e5028b' at getSocials():140 (Error reading 58th lawyer at page 1) 1x
    - WebDriver Error: Build info: version: '4.35.0', revision: '1c58e5028b' at getSocials():140 (Error reading 59th lawyer at page 1) 1x
    - WebDriver Error: Build info: version: '4.35.0', revision: '1c58e5028b' at getSocials():140 (Error reading 60th lawyer at page 1) 1x
    - WebDriver Error: Build info: version: '4.35.0', revision: '1c58e5028b' at getSocials():140 (Error reading 61th lawyer at page 1) 1x
    - WebDriver Error: Build info: version: '4.35.0', revision: '1c58e5028b' at getSocials():140 (Error reading 62th lawyer at page 1) 1x
    - WebDriver Error: Build info: version: '4.35.0', revision: '1c58e5028b' at getSocials():140 (Error reading 63th lawyer at page 1) 1x
    - WebDriver Error: Build info: version: '4.35.0', revision: '1c58e5028b' at getSocials():140 (Error reading 64th lawyer at page 1) 1x
    - WebDriver Error: Build info: version: '4.35.0', revision: '1c58e5028b' at getSocials():140 (Error reading 65th lawyer at page 1) 1x
    - WebDriver Error: Build info: version: '4.35.0', revision: '1c58e5028b' at getSocials():140 (Error reading 66th lawyer at page 1) 1x
    - WebDriver Error: Build info: version: '4.35.0', revision: '1c58e5028b' at getSocials():140 (Error reading 67th lawyer at page 1) 1x
    - WebDriver Error: Build info: version: '4.35.0', revision: '1c58e5028b' at getSocials():140 (Error reading 68th lawyer at page 1) 1x
    - WebDriver Error: Build info: version: '4.35.0', revision: '1c58e5028b' at getSocials():140 (Error reading 69th lawyer at page 1) 1x
    - WebDriver Error: Build info: version: '4.35.0', revision: '1c58e5028b' at getSocials():140 (Error reading 70th lawyer at page 1) 1x
    - WebDriver Error: Build info: version: '4.35.0', revision: '1c58e5028b' at getSocials():140 (Error reading 71th lawyer at page 1) 1x
    - WebDriver Error: Build info: version: '4.35.0', revision: '1c58e5028b' at getSocials():140 (Error reading 72th lawyer at page 1) 1x
    - WebDriver Error: Build info: version: '4.35.0', revision: '1c58e5028b' at getSocials():140 (Error reading 73th lawyer at page 1) 1x
    - WebDriver Error: Build info: version: '4.35.0', revision: '1c58e5028b' at getSocials():140 (Error reading 74th lawyer at page 1) 1x
    - WebDriver Error: Build info: version: '4.35.0', revision: '1c58e5028b' at getSocials():140 (Error reading 75th lawyer at page 1) 1x
    - WebDriver Error: Build info: version: '4.35.0', revision: '1c58e5028b' at getSocials():140 (Error reading 76th lawyer at page 1) 1x
    - WebDriver Error: Build info: version: '4.35.0', revision: '1c58e5028b' at getSocials():140 (Error reading 77th lawyer at page 1) 1x
    - WebDriver Error: Build info: version: '4.35.0', revision: '1c58e5028b' at getSocials():140 (Error reading 78th lawyer at page 1) 1x
    - WebDriver Error: Build info: version: '4.35.0', revision: '1c58e5028b' at getSocials():140 (Error reading 79th lawyer at page 1) 1x
    - WebDriver Error: Build info: version: '4.35.0', revision: '1c58e5028b' at getSocials():140 (Error reading 80th lawyer at page 1) 1x
    - WebDriver Error: Build info: version: '4.35.0', revision: '1c58e5028b' at getSocials():140 (Error reading 81th lawyer at page 1) 1x
    - WebDriver Error: Build info: version: '4.35.0', revision: '1c58e5028b' at getSocials():140 (Error reading 82th lawyer at page 1) 1x
    - WebDriver Error: Build info: version: '4.35.0', revision: '1c58e5028b' at getSocials():140 (Error reading 83th lawyer at page 1) 1x
    - WebDriver Error: Build info: version: '4.35.0', revision: '1c58e5028b' at getSocials():140 (Error reading 84th lawyer at page 1) 1x
    - WebDriver Error: Build info: version: '4.35.0', revision: '1c58e5028b' at getSocials():140 (Error reading 85th lawyer at page 1) 1x
    - WebDriver Error: Build info: version: '4.35.0', revision: '1c58e5028b' at getSocials():140 (Error reading 86th lawyer at page 1) 1x
    - WebDriver Error: Build info: version: '4.35.0', revision: '1c58e5028b' at getSocials():140 (Error reading 87th lawyer at page 1) 1x
    - WebDriver Error: Build info: version: '4.35.0', revision: '1c58e5028b' at getSocials():140 (Error reading 88th lawyer at page 1) 1x
    - WebDriver Error: Build info: version: '4.35.0', revision: '1c58e5028b' at getSocials():140 (Error reading 89th lawyer at page 1) 1x
    - WebDriver Error: Build info: version: '4.35.0', revision: '1c58e5028b' at getSocials():140 (Error reading 90th lawyer at page 1) 1x
    - WebDriver Error: Build info: version: '4.35.0', revision: '1c58e5028b' at getSocials():140 (Error reading 91th lawyer at page 1) 1x
    - WebDriver Error: Build info: version: '4.35.0', revision: '1c58e5028b' at getSocials():140 (Error reading 92th lawyer at page 1) 1x
    - WebDriver Error: Build info: version: '4.35.0', revision: '1c58e5028b' at getSocials():140 (Error reading 93th lawyer at page 1) 1x
    - WebDriver Error: Build info: version: '4.35.0', revision: '1c58e5028b' at getSocials():140 (Error reading 94th lawyer at page 1) 1x
    - WebDriver Error: Build info: version: '4.35.0', revision: '1c58e5028b' at getSocials():140 (Error reading 95th lawyer at page 1) 1x
    - WebDriver Error: Build info: version: '4.35.0', revision: '1c58e5028b' at getSocials():140 (Error reading 96th lawyer at page 1) 1x
    - WebDriver Error: Build info: version: '4.35.0', revision: '1c58e5028b' at getSocials():140 (Error reading 97th lawyer at page 1) 1x
    - WebDriver Error: Build info: version: '4.35.0', revision: '1c58e5028b' at getSocials():140 (Error reading 98th lawyer at page 1) 1x
    - WebDriver Error: Build info: version: '4.35.0', revision: '1c58e5028b' at getSocials():140 (Error reading 99th lawyer at page 1) 1x
====================================================================================================

====================================================================================================
LEFOSSE

Errors:
    - Runtime Error: Failed to find lawyer elements at getLawyersInPage():52 (Error fetching lawyers on page 1) 1x
    - Runtime Error: Failed to find lawyer elements at getLawyersInPage():52 (Error fetching lawyers on page 10) 1x
    - Runtime Error: Failed to find lawyer elements at getLawyersInPage():52 (Error fetching lawyers on page 11) 1x
    - Runtime Error: Failed to find lawyer elements at getLawyersInPage():52 (Error fetching lawyers on page 2) 1x
    - Runtime Error: Failed to find lawyer elements at getLawyersInPage():52 (Error fetching lawyers on page 3) 1x
    - Runtime Error: Failed to find lawyer elements at getLawyersInPage():52 (Error fetching lawyers on page 4) 1x
    - Runtime Error: Failed to find lawyer elements at getLawyersInPage():52 (Error fetching lawyers on page 5) 1x
    - Runtime Error: Failed to find lawyer elements at getLawyersInPage():52 (Error fetching lawyers on page 6) 1x
    - Runtime Error: Failed to find lawyer elements at getLawyersInPage():52 (Error fetching lawyers on page 7) 1x
    - Runtime Error: Failed to find lawyer elements at getLawyersInPage():52 (Error fetching lawyers on page 8) 1x
    - Runtime Error: Failed to find lawyer elements at getLawyersInPage():52 (Error fetching lawyers on page 9) 1x
====================================================================================================

====================================================================================================
Miller Thomson LLP

Errors:
    - WebDriver Error: no such element: Unable to locate element: {"method":"css se at newInstance():62 (Error reading 10th lawyer at page 2) 1x
====================================================================================================

====================================================================================================
Matheson

Errors:
    - Runtime Error: Failed to find lawyer elements at getLawyersInPage():51 (Error fetching lawyers on page 1) 1x
====================================================================================================

====================================================================================================
Stephenson Harwood

Errors:
    - Runtime Error: Failed to find lawyer elements at getLawyersInPage():78 (Error fetching lawyers on page 1) 1x
    - WebDriver Error: no such element: Unable to locate element: {"method":"css se at accessPage():55 (Error accessing page 10) 1x
    - WebDriver Error: no such element: Unable to locate element: {"method":"css se at accessPage():55 (Error accessing page 11) 1x
    - WebDriver Error: no such element: Unable to locate element: {"method":"css se at accessPage():55 (Error accessing page 12) 1x
    - WebDriver Error: no such element: Unable to locate element: {"method":"css se at accessPage():55 (Error accessing page 13) 1x
    - WebDriver Error: no such element: Unable to locate element: {"method":"css se at accessPage():55 (Error accessing page 14) 1x
    - WebDriver Error: no such element: Unable to locate element: {"method":"css se at accessPage():55 (Error accessing page 15) 1x
    - WebDriver Error: no such element: Unable to locate element: {"method":"css se at accessPage():55 (Error accessing page 16) 1x
    - WebDriver Error: no such element: Unable to locate element: {"method":"css se at accessPage():55 (Error accessing page 17) 1x
    - WebDriver Error: no such element: Unable to locate element: {"method":"css se at accessPage():55 (Error accessing page 18) 1x
    - WebDriver Error: no such element: Unable to locate element: {"method":"css se at accessPage():55 (Error accessing page 19) 1x
    - WebDriver Error: no such element: Unable to locate element: {"method":"css se at accessPage():55 (Error accessing page 2) 1x
    - WebDriver Error: no such element: Unable to locate element: {"method":"css se at accessPage():55 (Error accessing page 20) 1x
    - WebDriver Error: no such element: Unable to locate element: {"method":"css se at accessPage():55 (Error accessing page 21) 1x
    - WebDriver Error: no such element: Unable to locate element: {"method":"css se at accessPage():55 (Error accessing page 22) 1x
    - WebDriver Error: no such element: Unable to locate element: {"method":"css se at accessPage():55 (Error accessing page 23) 1x
    - WebDriver Error: no such element: Unable to locate element: {"method":"css se at accessPage():55 (Error accessing page 24) 1x
    - WebDriver Error: no such element: Unable to locate element: {"method":"css se at accessPage():55 (Error accessing page 25) 1x
    - WebDriver Error: no such element: Unable to locate element: {"method":"css se at accessPage():55 (Error accessing page 26) 1x
    - WebDriver Error: no such element: Unable to locate element: {"method":"css se at accessPage():55 (Error accessing page 27) 1x
    - WebDriver Error: no such element: Unable to locate element: {"method":"css se at accessPage():55 (Error accessing page 28) 1x
    - WebDriver Error: no such element: Unable to locate element: {"method":"css se at accessPage():55 (Error accessing page 29) 1x
    - WebDriver Error: no such element: Unable to locate element: {"method":"css se at accessPage():55 (Error accessing page 3) 1x
    - WebDriver Error: no such element: Unable to locate element: {"method":"css se at accessPage():55 (Error accessing page 30) 1x
    - WebDriver Error: no such element: Unable to locate element: {"method":"css se at accessPage():55 (Error accessing page 4) 1x
    - WebDriver Error: no such element: Unable to locate element: {"method":"css se at accessPage():55 (Error accessing page 5) 1x
    - WebDriver Error: no such element: Unable to locate element: {"method":"css se at accessPage():55 (Error accessing page 6) 1x
    - WebDriver Error: no such element: Unable to locate element: {"method":"css se at accessPage():55 (Error accessing page 7) 1x
    - WebDriver Error: no such element: Unable to locate element: {"method":"css se at accessPage():55 (Error accessing page 8) 1x
    - WebDriver Error: no such element: Unable to locate element: {"method":"css se at accessPage():55 (Error accessing page 9) 1x
====================================================================================================

====================================================================================================
AWA

Errors:
    - Runtime Error: Failed to find lawyer elements at getLawyersInPage():75 (Error fetching lawyers on page 1) 1x
    - Runtime Error: Failed to find lawyer elements at getLawyersInPage():75 (Error fetching lawyers on page 10) 1x
    - Runtime Error: Failed to find lawyer elements at getLawyersInPage():75 (Error fetching lawyers on page 11) 1x
    - Runtime Error: Failed to find lawyer elements at getLawyersInPage():75 (Error fetching lawyers on page 12) 1x
    - Runtime Error: Failed to find lawyer elements at getLawyersInPage():75 (Error fetching lawyers on page 13) 1x
    - Runtime Error: Failed to find lawyer elements at getLawyersInPage():75 (Error fetching lawyers on page 14) 1x
    - Runtime Error: Failed to find lawyer elements at getLawyersInPage():75 (Error fetching lawyers on page 15) 1x
    - Runtime Error: Failed to find lawyer elements at getLawyersInPage():75 (Error fetching lawyers on page 16) 1x
    - Runtime Error: Failed to find lawyer elements at getLawyersInPage():75 (Error fetching lawyers on page 2) 1x
    - Runtime Error: Failed to find lawyer elements at getLawyersInPage():75 (Error fetching lawyers on page 3) 1x
    - Runtime Error: Failed to find lawyer elements at getLawyersInPage():75 (Error fetching lawyers on page 4) 1x
    - Runtime Error: Failed to find lawyer elements at getLawyersInPage():75 (Error fetching lawyers on page 5) 1x
    - Runtime Error: Failed to find lawyer elements at getLawyersInPage():75 (Error fetching lawyers on page 6) 1x
    - Runtime Error: Failed to find lawyer elements at getLawyersInPage():75 (Error fetching lawyers on page 7) 1x
    - Runtime Error: Failed to find lawyer elements at getLawyersInPage():75 (Error fetching lawyers on page 8) 1x
    - Runtime Error: Failed to find lawyer elements at getLawyersInPage():75 (Error fetching lawyers on page 9) 1x
    - WebDriver Error: Build info: version: '4.35.0', revision: '1c58e5028b' at accessPage():47 (Error accessing page 17) 1x
    - WebDriver Error: Build info: version: '4.35.0', revision: '1c58e5028b' at accessPage():47 (Error accessing page 18) 1x
    - WebDriver Error: Build info: version: '4.35.0', revision: '1c58e5028b' at accessPage():47 (Error accessing page 19) 1x
    - WebDriver Error: Build info: version: '4.35.0', revision: '1c58e5028b' at accessPage():47 (Error accessing page 20) 1x
    - WebDriver Error: Build info: version: '4.35.0', revision: '1c58e5028b' at accessPage():47 (Error accessing page 21) 1x
    - WebDriver Error: Build info: version: '4.35.0', revision: '1c58e5028b' at accessPage():47 (Error accessing page 22) 1x
    - WebDriver Error: Build info: version: '4.35.0', revision: '1c58e5028b' at accessPage():47 (Error accessing page 23) 1x
    - WebDriver Error: Build info: version: '4.35.0', revision: '1c58e5028b' at accessPage():47 (Error accessing page 24) 1x
    - WebDriver Error: Build info: version: '4.35.0', revision: '1c58e5028b' at accessPage():47 (Error accessing page 25) 1x
    - WebDriver Error: Build info: version: '4.35.0', revision: '1c58e5028b' at accessPage():47 (Error accessing page 26) 1x
    - WebDriver Error: Build info: version: '4.35.0', revision: '1c58e5028b' at accessPage():47 (Error accessing page 27) 1x
    - WebDriver Error: Build info: version: '4.35.0', revision: '1c58e5028b' at accessPage():47 (Error accessing page 28) 1x
====================================================================================================

====================================================================================================
MdME

Errors:
    - WebDriver Error: no such element: Unable to locate element: {"method":"css se at newInstance():62 (Error reading 11th lawyer at page 1) 1x
    - WebDriver Error: no such element: Unable to locate element: {"method":"css se at newInstance():62 (Error reading 25th lawyer at page 1) 1x
====================================================================================================

====================================================================================================
AOil

Errors:
    - WebDriver Error: unknown error: net::ERR_NAME_NOT_RESOLVED at accessPage():32 (Error accessing page 1) 1x
====================================================================================================

====================================================================================================
Simmons And Simmons

Errors:
    - WebDriver Error: no such element: Unable to locate element: {"method":"css se at getSocials():98 (Error reading 1th lawyer at page 1) 1x
    - WebDriver Error: no such element: Unable to locate element: {"method":"css se at getSocials():98 (Error reading 2th lawyer at page 1) 1x
    - WebDriver Error: no such element: Unable to locate element: {"method":"css se at getSocials():98 (Error reading 3th lawyer at page 1) 1x
====================================================================================================

====================================================================================================
Orrick

Errors:
    - Runtime Error: Failed to find lawyer elements at getLawyersInPage():92 (Error fetching lawyers on page 2) 1x
====================================================================================================

====================================================================================================
BCLP Law

Errors:
    - WebDriver Error: Build info: version: '4.35.0', revision: '1c58e5028b' at accessPage():49 (Error accessing page 10) 1x
    - WebDriver Error: Build info: version: '4.35.0', revision: '1c58e5028b' at accessPage():49 (Error accessing page 11) 1x
    - WebDriver Error: Build info: version: '4.35.0', revision: '1c58e5028b' at accessPage():49 (Error accessing page 12) 1x
    - WebDriver Error: Build info: version: '4.35.0', revision: '1c58e5028b' at accessPage():49 (Error accessing page 13) 1x
    - WebDriver Error: Build info: version: '4.35.0', revision: '1c58e5028b' at accessPage():49 (Error accessing page 14) 1x
    - WebDriver Error: Build info: version: '4.35.0', revision: '1c58e5028b' at accessPage():49 (Error accessing page 15) 1x
    - WebDriver Error: Build info: version: '4.35.0', revision: '1c58e5028b' at accessPage():49 (Error accessing page 16) 1x
    - WebDriver Error: Build info: version: '4.35.0', revision: '1c58e5028b' at accessPage():49 (Error accessing page 17) 1x
    - WebDriver Error: Build info: version: '4.35.0', revision: '1c58e5028b' at accessPage():49 (Error accessing page 18) 1x
    - WebDriver Error: Build info: version: '4.35.0', revision: '1c58e5028b' at accessPage():49 (Error accessing page 19) 1x
    - WebDriver Error: Build info: version: '4.35.0', revision: '1c58e5028b' at accessPage():49 (Error accessing page 20) 1x
    - WebDriver Error: Build info: version: '4.35.0', revision: '1c58e5028b' at accessPage():49 (Error accessing page 21) 1x
    - WebDriver Error: Build info: version: '4.35.0', revision: '1c58e5028b' at accessPage():49 (Error accessing page 22) 1x
    - WebDriver Error: Build info: version: '4.35.0', revision: '1c58e5028b' at accessPage():49 (Error accessing page 23) 1x
    - WebDriver Error: Build info: version: '4.35.0', revision: '1c58e5028b' at accessPage():49 (Error accessing page 24) 1x
    - WebDriver Error: Build info: version: '4.35.0', revision: '1c58e5028b' at accessPage():49 (Error accessing page 25) 1x
    - WebDriver Error: Build info: version: '4.35.0', revision: '1c58e5028b' at accessPage():49 (Error accessing page 26) 1x
    - WebDriver Error: Build info: version: '4.35.0', revision: '1c58e5028b' at accessPage():49 (Error accessing page 27) 1x
    - WebDriver Error: Build info: version: '4.35.0', revision: '1c58e5028b' at accessPage():49 (Error accessing page 28) 1x
    - WebDriver Error: Build info: version: '4.35.0', revision: '1c58e5028b' at accessPage():49 (Error accessing page 29) 1x
    - WebDriver Error: Build info: version: '4.35.0', revision: '1c58e5028b' at accessPage():49 (Error accessing page 30) 1x
    - WebDriver Error: Build info: version: '4.35.0', revision: '1c58e5028b' at accessPage():49 (Error accessing page 31) 1x
    - WebDriver Error: Build info: version: '4.35.0', revision: '1c58e5028b' at accessPage():49 (Error accessing page 32) 1x
    - WebDriver Error: Build info: version: '4.35.0', revision: '1c58e5028b' at accessPage():49 (Error accessing page 33) 1x
    - WebDriver Error: Build info: version: '4.35.0', revision: '1c58e5028b' at accessPage():49 (Error accessing page 34) 1x
    - WebDriver Error: Build info: version: '4.35.0', revision: '1c58e5028b' at accessPage():49 (Error accessing page 35) 1x
    - WebDriver Error: Build info: version: '4.35.0', revision: '1c58e5028b' at accessPage():49 (Error accessing page 36) 1x
    - WebDriver Error: Build info: version: '4.35.0', revision: '1c58e5028b' at accessPage():49 (Error accessing page 37) 1x
    - WebDriver Error: Build info: version: '4.35.0', revision: '1c58e5028b' at accessPage():49 (Error accessing page 38) 1x
    - WebDriver Error: Build info: version: '4.35.0', revision: '1c58e5028b' at accessPage():49 (Error accessing page 39) 1x
    - WebDriver Error: Build info: version: '4.35.0', revision: '1c58e5028b' at accessPage():49 (Error accessing page 4) 1x
    - WebDriver Error: Build info: version: '4.35.0', revision: '1c58e5028b' at accessPage():49 (Error accessing page 40) 1x
    - WebDriver Error: Build info: version: '4.35.0', revision: '1c58e5028b' at accessPage():49 (Error accessing page 41) 1x
    - WebDriver Error: Build info: version: '4.35.0', revision: '1c58e5028b' at accessPage():49 (Error accessing page 42) 1x
    - WebDriver Error: Build info: version: '4.35.0', revision: '1c58e5028b' at accessPage():49 (Error accessing page 43) 1x
    - WebDriver Error: Build info: version: '4.35.0', revision: '1c58e5028b' at accessPage():49 (Error accessing page 44) 1x
    - WebDriver Error: Build info: version: '4.35.0', revision: '1c58e5028b' at accessPage():49 (Error accessing page 45) 1x
    - WebDriver Error: Build info: version: '4.35.0', revision: '1c58e5028b' at accessPage():49 (Error accessing page 46) 1x
    - WebDriver Error: Build info: version: '4.35.0', revision: '1c58e5028b' at accessPage():49 (Error accessing page 47) 1x
    - WebDriver Error: Build info: version: '4.35.0', revision: '1c58e5028b' at accessPage():49 (Error accessing page 48) 1x
    - WebDriver Error: Build info: version: '4.35.0', revision: '1c58e5028b' at accessPage():49 (Error accessing page 49) 1x
    - WebDriver Error: Build info: version: '4.35.0', revision: '1c58e5028b' at accessPage():49 (Error accessing page 5) 1x
    - WebDriver Error: Build info: version: '4.35.0', revision: '1c58e5028b' at accessPage():49 (Error accessing page 50) 1x
    - WebDriver Error: Build info: version: '4.35.0', revision: '1c58e5028b' at accessPage():49 (Error accessing page 51) 1x
    - WebDriver Error: Build info: version: '4.35.0', revision: '1c58e5028b' at accessPage():49 (Error accessing page 52) 1x
    - WebDriver Error: Build info: version: '4.35.0', revision: '1c58e5028b' at accessPage():49 (Error accessing page 53) 1x
    - WebDriver Error: Build info: version: '4.35.0', revision: '1c58e5028b' at accessPage():49 (Error accessing page 54) 1x
    - WebDriver Error: Build info: version: '4.35.0', revision: '1c58e5028b' at accessPage():49 (Error accessing page 55) 1x
    - WebDriver Error: Build info: version: '4.35.0', revision: '1c58e5028b' at accessPage():49 (Error accessing page 56) 1x
    - WebDriver Error: Build info: version: '4.35.0', revision: '1c58e5028b' at accessPage():49 (Error accessing page 57) 1x
    - WebDriver Error: Build info: version: '4.35.0', revision: '1c58e5028b' at accessPage():49 (Error accessing page 58) 1x
    - WebDriver Error: Build info: version: '4.35.0', revision: '1c58e5028b' at accessPage():49 (Error accessing page 59) 1x
    - WebDriver Error: Build info: version: '4.35.0', revision: '1c58e5028b' at accessPage():49 (Error accessing page 6) 1x
    - WebDriver Error: Build info: version: '4.35.0', revision: '1c58e5028b' at accessPage():49 (Error accessing page 60) 1x
    - WebDriver Error: Build info: version: '4.35.0', revision: '1c58e5028b' at accessPage():49 (Error accessing page 61) 1x
    - WebDriver Error: Build info: version: '4.35.0', revision: '1c58e5028b' at accessPage():49 (Error accessing page 62) 1x
    - WebDriver Error: Build info: version: '4.35.0', revision: '1c58e5028b' at accessPage():49 (Error accessing page 63) 1x
    - WebDriver Error: Build info: version: '4.35.0', revision: '1c58e5028b' at accessPage():49 (Error accessing page 64) 1x
    - WebDriver Error: Build info: version: '4.35.0', revision: '1c58e5028b' at accessPage():49 (Error accessing page 65) 1x
    - WebDriver Error: Build info: version: '4.35.0', revision: '1c58e5028b' at accessPage():49 (Error accessing page 66) 1x
    - WebDriver Error: Build info: version: '4.35.0', revision: '1c58e5028b' at accessPage():49 (Error accessing page 7) 1x
    - WebDriver Error: Build info: version: '4.35.0', revision: '1c58e5028b' at accessPage():49 (Error accessing page 8) 1x
    - WebDriver Error: Build info: version: '4.35.0', revision: '1c58e5028b' at accessPage():49 (Error accessing page 9) 1x
====================================================================================================

====================================================================================================
KLC Law

Errors:
    - Runtime Error: Failed to find lawyer elements at getLawyersInPage():48 (Error fetching lawyers on page 1) 1x
    - Runtime Error: Failed to find lawyer elements at getLawyersInPage():48 (Error fetching lawyers on page 2) 1x
====================================================================================================

====================================================================================================
Ashitiva

Errors:
    - WebDriver Error: unknown error: net::ERR_CONNECTION_TIMED_OUT at accessPage():31 (Error accessing page 1) 1x
====================================================================================================

====================================================================================================
Roca Junyent

Errors:
    - WebDriver Error: invalid argument at openNewTab():66 (Error reading 10th lawyer at page 2) 1x
    - WebDriver Error: invalid argument at openNewTab():66 (Error reading 10th lawyer at page 3) 1x
    - WebDriver Error: invalid argument at openNewTab():66 (Error reading 10th lawyer at page 4) 1x
    - WebDriver Error: invalid argument at openNewTab():66 (Error reading 10th lawyer at page 5) 1x
    - WebDriver Error: invalid argument at openNewTab():66 (Error reading 11th lawyer at page 2) 1x
    - WebDriver Error: invalid argument at openNewTab():66 (Error reading 11th lawyer at page 3) 1x
    - WebDriver Error: invalid argument at openNewTab():66 (Error reading 11th lawyer at page 4) 1x
    - WebDriver Error: invalid argument at openNewTab():66 (Error reading 11th lawyer at page 5) 1x
    - WebDriver Error: invalid argument at openNewTab():66 (Error reading 12th lawyer at page 2) 1x
    - WebDriver Error: invalid argument at openNewTab():66 (Error reading 12th lawyer at page 3) 1x
    - WebDriver Error: invalid argument at openNewTab():66 (Error reading 12th lawyer at page 4) 1x
    - WebDriver Error: invalid argument at openNewTab():66 (Error reading 12th lawyer at page 5) 1x
    - WebDriver Error: invalid argument at openNewTab():66 (Error reading 2th lawyer at page 2) 1x
    - WebDriver Error: invalid argument at openNewTab():66 (Error reading 2th lawyer at page 3) 1x
    - WebDriver Error: invalid argument at openNewTab():66 (Error reading 2th lawyer at page 4) 1x
    - WebDriver Error: invalid argument at openNewTab():66 (Error reading 2th lawyer at page 5) 1x
    - WebDriver Error: invalid argument at openNewTab():66 (Error reading 3th lawyer at page 2) 1x
    - WebDriver Error: invalid argument at openNewTab():66 (Error reading 3th lawyer at page 3) 1x
    - WebDriver Error: invalid argument at openNewTab():66 (Error reading 3th lawyer at page 4) 1x
    - WebDriver Error: invalid argument at openNewTab():66 (Error reading 3th lawyer at page 5) 1x
    - WebDriver Error: invalid argument at openNewTab():66 (Error reading 4th lawyer at page 2) 1x
    - WebDriver Error: invalid argument at openNewTab():66 (Error reading 4th lawyer at page 3) 1x
    - WebDriver Error: invalid argument at openNewTab():66 (Error reading 4th lawyer at page 4) 1x
    - WebDriver Error: invalid argument at openNewTab():66 (Error reading 4th lawyer at page 5) 1x
    - WebDriver Error: invalid argument at openNewTab():66 (Error reading 5th lawyer at page 2) 1x
    - WebDriver Error: invalid argument at openNewTab():66 (Error reading 5th lawyer at page 3) 1x
    - WebDriver Error: invalid argument at openNewTab():66 (Error reading 5th lawyer at page 4) 1x
    - WebDriver Error: invalid argument at openNewTab():66 (Error reading 5th lawyer at page 5) 1x
    - WebDriver Error: invalid argument at openNewTab():66 (Error reading 6th lawyer at page 2) 1x
    - WebDriver Error: invalid argument at openNewTab():66 (Error reading 6th lawyer at page 3) 1x
    - WebDriver Error: invalid argument at openNewTab():66 (Error reading 6th lawyer at page 4) 1x
    - WebDriver Error: invalid argument at openNewTab():66 (Error reading 6th lawyer at page 5) 1x
    - WebDriver Error: invalid argument at openNewTab():66 (Error reading 7th lawyer at page 2) 1x
    - WebDriver Error: invalid argument at openNewTab():66 (Error reading 7th lawyer at page 3) 1x
    - WebDriver Error: invalid argument at openNewTab():66 (Error reading 7th lawyer at page 4) 1x
    - WebDriver Error: invalid argument at openNewTab():66 (Error reading 7th lawyer at page 5) 1x
    - WebDriver Error: invalid argument at openNewTab():66 (Error reading 8th lawyer at page 2) 1x
    - WebDriver Error: invalid argument at openNewTab():66 (Error reading 8th lawyer at page 3) 1x
    - WebDriver Error: invalid argument at openNewTab():66 (Error reading 8th lawyer at page 4) 1x
    - WebDriver Error: invalid argument at openNewTab():66 (Error reading 8th lawyer at page 5) 1x
    - WebDriver Error: invalid argument at openNewTab():66 (Error reading 9th lawyer at page 2) 1x
    - WebDriver Error: invalid argument at openNewTab():66 (Error reading 9th lawyer at page 3) 1x
    - WebDriver Error: invalid argument at openNewTab():66 (Error reading 9th lawyer at page 4) 1x
    - WebDriver Error: invalid argument at openNewTab():66 (Error reading 9th lawyer at page 5) 1x
====================================================================================================

====================================================================================================
Arthur Cox

Errors:
    - Runtime Error: Failed to find lawyer elements at getLawyersInPage():70 (Error fetching lawyers on page 10) 1x
    - Runtime Error: Failed to find lawyer elements at getLawyersInPage():70 (Error fetching lawyers on page 11) 1x
    - Runtime Error: Failed to find lawyer elements at getLawyersInPage():70 (Error fetching lawyers on page 12) 1x
    - Runtime Error: Failed to find lawyer elements at getLawyersInPage():70 (Error fetching lawyers on page 13) 1x
    - Runtime Error: Failed to find lawyer elements at getLawyersInPage():70 (Error fetching lawyers on page 14) 1x
    - Runtime Error: Failed to find lawyer elements at getLawyersInPage():70 (Error fetching lawyers on page 15) 1x
    - Runtime Error: Failed to find lawyer elements at getLawyersInPage():70 (Error fetching lawyers on page 16) 1x
    - Runtime Error: Failed to find lawyer elements at getLawyersInPage():70 (Error fetching lawyers on page 5) 1x
    - Runtime Error: Failed to find lawyer elements at getLawyersInPage():70 (Error fetching lawyers on page 6) 1x
    - Runtime Error: Failed to find lawyer elements at getLawyersInPage():70 (Error fetching lawyers on page 7) 1x
    - Runtime Error: Failed to find lawyer elements at getLawyersInPage():70 (Error fetching lawyers on page 8) 1x
    - Runtime Error: Failed to find lawyer elements at getLawyersInPage():70 (Error fetching lawyers on page 9) 1x
    - WebDriver Error: Build info: version: '4.35.0', revision: '1c58e5028b' at accessPage():41 (Error accessing page 17) 1x
    - WebDriver Error: Build info: version: '4.35.0', revision: '1c58e5028b' at accessPage():41 (Error accessing page 18) 1x
    - WebDriver Error: Build info: version: '4.35.0', revision: '1c58e5028b' at accessPage():41 (Error accessing page 19) 1x
    - WebDriver Error: Build info: version: '4.35.0', revision: '1c58e5028b' at accessPage():41 (Error accessing page 20) 1x
====================================================================================================

====================================================================================================
Hill Dickinson

Errors:
    - Runtime Error: Failed to find lawyer elements at getLawyersInPage():63 (Error fetching lawyers on page 1) 1x
    - Runtime Error: Failed to find lawyer elements at getLawyersInPage():63 (Error fetching lawyers on page 10) 1x
    - Runtime Error: Failed to find lawyer elements at getLawyersInPage():63 (Error fetching lawyers on page 11) 1x
    - Runtime Error: Failed to find lawyer elements at getLawyersInPage():63 (Error fetching lawyers on page 12) 1x
    - Runtime Error: Failed to find lawyer elements at getLawyersInPage():63 (Error fetching lawyers on page 13) 1x
    - Runtime Error: Failed to find lawyer elements at getLawyersInPage():63 (Error fetching lawyers on page 2) 1x
    - Runtime Error: Failed to find lawyer elements at getLawyersInPage():63 (Error fetching lawyers on page 3) 1x
    - Runtime Error: Failed to find lawyer elements at getLawyersInPage():63 (Error fetching lawyers on page 4) 1x
    - Runtime Error: Failed to find lawyer elements at getLawyersInPage():63 (Error fetching lawyers on page 5) 1x
    - Runtime Error: Failed to find lawyer elements at getLawyersInPage():63 (Error fetching lawyers on page 6) 1x
    - Runtime Error: Failed to find lawyer elements at getLawyersInPage():63 (Error fetching lawyers on page 7) 1x
    - Runtime Error: Failed to find lawyer elements at getLawyersInPage():63 (Error fetching lawyers on page 8) 1x
    - Runtime Error: Failed to find lawyer elements at getLawyersInPage():63 (Error fetching lawyers on page 9) 1x
====================================================================================================

====================================================================================================
Poulschmith

Errors:
    - Runtime Error: class org.openqa.selenium.remote.RemoteWebElement cannot be  at accessPage():42 (Error accessing page 1) 1x
====================================================================================================

====================================================================================================
Steinmetz Haring Gurman

Errors:
    - Runtime Error: Failed to find lawyer elements at getLawyersInPage():48 (Error fetching lawyers on page 1) 1x
====================================================================================================

====================================================================================================
BCF Law

Errors:
    - Runtime Error: Failed to find lawyer elements at getLawyersInPage():56 (Error fetching lawyers on page 1) 1x
====================================================================================================

====================================================================================================
MVJ Markovi Vukoti Jovkovi

Errors:
    - Runtime Error: Failed to find lawyer elements at getLawyersInPage():45 (Error fetching lawyers on page 1) 1x
====================================================================================================

====================================================================================================
CBA

Errors:
    - Runtime Error: Failed to find lawyer elements at getLawyersInPage():45 (Error fetching lawyers on page 1) 1x
====================================================================================================

====================================================================================================
elih And Partnerji

Errors:
    - Runtime Error: Failed to find lawyer elements at getLawyersInPage():49 (Error fetching lawyers on page 1) 1x
====================================================================================================

====================================================================================================
Ronan Daly Jermyn

Errors:
    - Runtime Error: Failed to find lawyer elements at getLawyersInPage():53 (Error fetching lawyers on page 10) 1x
    - Runtime Error: Failed to find lawyer elements at getLawyersInPage():53 (Error fetching lawyers on page 11) 1x
    - Runtime Error: Failed to find lawyer elements at getLawyersInPage():53 (Error fetching lawyers on page 12) 1x
    - Runtime Error: Failed to find lawyer elements at getLawyersInPage():53 (Error fetching lawyers on page 13) 1x
    - Runtime Error: Failed to find lawyer elements at getLawyersInPage():53 (Error fetching lawyers on page 14) 1x
    - Runtime Error: Failed to find lawyer elements at getLawyersInPage():53 (Error fetching lawyers on page 15) 1x
    - Runtime Error: Failed to find lawyer elements at getLawyersInPage():53 (Error fetching lawyers on page 16) 1x
    - Runtime Error: Failed to find lawyer elements at getLawyersInPage():53 (Error fetching lawyers on page 17) 1x
    - Runtime Error: Failed to find lawyer elements at getLawyersInPage():53 (Error fetching lawyers on page 18) 1x
    - Runtime Error: Failed to find lawyer elements at getLawyersInPage():53 (Error fetching lawyers on page 19) 1x
    - Runtime Error: Failed to find lawyer elements at getLawyersInPage():53 (Error fetching lawyers on page 2) 1x
    - Runtime Error: Failed to find lawyer elements at getLawyersInPage():53 (Error fetching lawyers on page 20) 1x
    - Runtime Error: Failed to find lawyer elements at getLawyersInPage():53 (Error fetching lawyers on page 3) 1x
    - Runtime Error: Failed to find lawyer elements at getLawyersInPage():53 (Error fetching lawyers on page 4) 1x
    - Runtime Error: Failed to find lawyer elements at getLawyersInPage():53 (Error fetching lawyers on page 5) 1x
    - Runtime Error: Failed to find lawyer elements at getLawyersInPage():53 (Error fetching lawyers on page 6) 1x
    - Runtime Error: Failed to find lawyer elements at getLawyersInPage():53 (Error fetching lawyers on page 7) 1x
    - Runtime Error: Failed to find lawyer elements at getLawyersInPage():53 (Error fetching lawyers on page 8) 1x
    - Runtime Error: Failed to find lawyer elements at getLawyersInPage():53 (Error fetching lawyers on page 9) 1x
    - WebDriver Error: Build info: version: '4.35.0', revision: '1c58e5028b' at accessPage():33 (Error accessing page 21) 1x
    - WebDriver Error: Build info: version: '4.35.0', revision: '1c58e5028b' at accessPage():33 (Error accessing page 22) 1x
    - WebDriver Error: Build info: version: '4.35.0', revision: '1c58e5028b' at accessPage():33 (Error accessing page 23) 1x
    - WebDriver Error: Build info: version: '4.35.0', revision: '1c58e5028b' at accessPage():33 (Error accessing page 24) 1x
    - WebDriver Error: Build info: version: '4.35.0', revision: '1c58e5028b' at accessPage():33 (Error accessing page 25) 1x
    - WebDriver Error: Build info: version: '4.35.0', revision: '1c58e5028b' at accessPage():33 (Error accessing page 26) 1x
    - WebDriver Error: Build info: version: '4.35.0', revision: '1c58e5028b' at accessPage():33 (Error accessing page 27) 1x
    - WebDriver Error: Build info: version: '4.35.0', revision: '1c58e5028b' at accessPage():33 (Error accessing page 28) 1x
    - WebDriver Error: Build info: version: '4.35.0', revision: '1c58e5028b' at accessPage():33 (Error accessing page 29) 1x
    - WebDriver Error: Build info: version: '4.35.0', revision: '1c58e5028b' at accessPage():33 (Error accessing page 30) 1x
    - WebDriver Error: Build info: version: '4.35.0', revision: '1c58e5028b' at accessPage():33 (Error accessing page 31) 1x
    - WebDriver Error: Build info: version: '4.35.0', revision: '1c58e5028b' at accessPage():33 (Error accessing page 32) 1x
    - WebDriver Error: Build info: version: '4.35.0', revision: '1c58e5028b' at accessPage():33 (Error accessing page 33) 1x
    - WebDriver Error: Build info: version: '4.35.0', revision: '1c58e5028b' at accessPage():33 (Error accessing page 34) 1x
    - WebDriver Error: Build info: version: '4.35.0', revision: '1c58e5028b' at accessPage():33 (Error accessing page 35) 1x
    - WebDriver Error: Build info: version: '4.35.0', revision: '1c58e5028b' at accessPage():33 (Error accessing page 36) 1x
    - WebDriver Error: Build info: version: '4.35.0', revision: '1c58e5028b' at accessPage():33 (Error accessing page 37) 1x
    - WebDriver Error: Build info: version: '4.35.0', revision: '1c58e5028b' at accessPage():33 (Error accessing page 38) 1x
    - WebDriver Error: Build info: version: '4.35.0', revision: '1c58e5028b' at accessPage():33 (Error accessing page 39) 1x
    - WebDriver Error: Build info: version: '4.35.0', revision: '1c58e5028b' at accessPage():33 (Error accessing page 40) 1x
====================================================================================================

====================================================================================================
Squire Patton Boggs

Errors:
    - Runtime Error: Failed to find lawyer elements at getLawyersInPage():73 (Error fetching lawyers on page 1) 1x
====================================================================================================

====================================================================================================
Moore Legal Kovcs

Errors:
    - Runtime Error: Failed to find lawyer elements at getLawyersInPage():45 (Error fetching lawyers on page 1) 1x
====================================================================================================

====================================================================================================
Nova Law

Errors:
    - WebDriver Error: no such element: Unable to locate element: {"method":"css se at getLink():57 (Error reading 10th lawyer at page 1) 1x
    - WebDriver Error: no such element: Unable to locate element: {"method":"css se at getLink():57 (Error reading 11th lawyer at page 1) 1x
    - WebDriver Error: no such element: Unable to locate element: {"method":"css se at getLink():57 (Error reading 12th lawyer at page 1) 1x
    - WebDriver Error: no such element: Unable to locate element: {"method":"css se at getLink():57 (Error reading 13th lawyer at page 1) 1x
    - WebDriver Error: no such element: Unable to locate element: {"method":"css se at getLink():57 (Error reading 14th lawyer at page 1) 1x
    - WebDriver Error: no such element: Unable to locate element: {"method":"css se at getLink():57 (Error reading 15th lawyer at page 1) 1x
    - WebDriver Error: no such element: Unable to locate element: {"method":"css se at getLink():57 (Error reading 16th lawyer at page 1) 1x
    - WebDriver Error: no such element: Unable to locate element: {"method":"css se at getLink():57 (Error reading 17th lawyer at page 1) 1x
    - WebDriver Error: no such element: Unable to locate element: {"method":"css se at getLink():57 (Error reading 18th lawyer at page 1) 1x
    - WebDriver Error: no such element: Unable to locate element: {"method":"css se at getLink():57 (Error reading 19th lawyer at page 1) 1x
    - WebDriver Error: no such element: Unable to locate element: {"method":"css se at getLink():57 (Error reading 20th lawyer at page 1) 1x
    - WebDriver Error: no such element: Unable to locate element: {"method":"css se at getLink():57 (Error reading 3th lawyer at page 1) 1x
    - WebDriver Error: no such element: Unable to locate element: {"method":"css se at getLink():57 (Error reading 4th lawyer at page 1) 1x
    - WebDriver Error: no such element: Unable to locate element: {"method":"css se at getLink():57 (Error reading 5th lawyer at page 1) 1x
    - WebDriver Error: no such element: Unable to locate element: {"method":"css se at getLink():57 (Error reading 6th lawyer at page 1) 1x
    - WebDriver Error: no such element: Unable to locate element: {"method":"css se at getLink():57 (Error reading 7th lawyer at page 1) 1x
    - WebDriver Error: no such element: Unable to locate element: {"method":"css se at getLink():57 (Error reading 8th lawyer at page 1) 1x
    - WebDriver Error: no such element: Unable to locate element: {"method":"css se at getLink():57 (Error reading 9th lawyer at page 1) 1x
====================================================================================================

====================================================================================================
Ritch Mueller

Errors:
    - Runtime Error: Failed to find lawyer elements at getLawyersInPage():43 (Error fetching lawyers on page 1) 1x
    - Runtime Error: Failed to find lawyer elements at getLawyersInPage():43 (Error fetching lawyers on page 2) 1x
    - Runtime Error: Failed to find lawyer elements at getLawyersInPage():43 (Error fetching lawyers on page 3) 1x
====================================================================================================

====================================================================================================
Morgan Lewis

Errors:
    - InterruptedException: sleep interrupted at accessPage():74 (Error accessing page 41) 1x
    - WebDriver Error: no such element: Unable to locate element: {"method":"css se at accessPage():82 (Error accessing page 10) 1x
    - WebDriver Error: no such element: Unable to locate element: {"method":"css se at accessPage():82 (Error accessing page 11) 1x
    - WebDriver Error: no such element: Unable to locate element: {"method":"css se at accessPage():82 (Error accessing page 12) 1x
    - WebDriver Error: no such element: Unable to locate element: {"method":"css se at accessPage():82 (Error accessing page 15) 1x
    - WebDriver Error: no such element: Unable to locate element: {"method":"css se at accessPage():82 (Error accessing page 16) 1x
    - WebDriver Error: no such element: Unable to locate element: {"method":"css se at accessPage():82 (Error accessing page 17) 1x
    - WebDriver Error: no such element: Unable to locate element: {"method":"css se at accessPage():82 (Error accessing page 18) 1x
    - WebDriver Error: no such element: Unable to locate element: {"method":"css se at accessPage():82 (Error accessing page 25) 1x
    - WebDriver Error: no such element: Unable to locate element: {"method":"css se at accessPage():82 (Error accessing page 27) 1x
    - WebDriver Error: no such element: Unable to locate element: {"method":"css se at accessPage():82 (Error accessing page 28) 1x
    - WebDriver Error: no such element: Unable to locate element: {"method":"css se at accessPage():82 (Error accessing page 32) 1x
    - WebDriver Error: no such element: Unable to locate element: {"method":"css se at accessPage():82 (Error accessing page 33) 1x
    - WebDriver Error: no such element: Unable to locate element: {"method":"css se at accessPage():82 (Error accessing page 36) 1x
    - WebDriver Error: no such element: Unable to locate element: {"method":"css se at accessPage():82 (Error accessing page 39) 1x
    - WebDriver Error: no such element: Unable to locate element: {"method":"css se at accessPage():82 (Error accessing page 5) 1x
    - WebDriver Error: no such element: Unable to locate element: {"method":"css se at accessPage():82 (Error accessing page 8) 1x
    - WebDriver Error: no such element: Unable to locate element: {"method":"css se at accessPage():82 (Error accessing page 9) 1x
====================================================================================================

====================================================================================================
PM&P

Errors:
    - WebDriver Error: unknown error: unsupported protocol at openNewTab():45 (Error reading 5th lawyer at page 1) 1x
====================================================================================================

====================================================================================================
Sorainen

Errors:
    - WebDriver Error: unknown error: net::ERR_CONNECTION_TIMED_OUT at accessPage():33 (Error accessing page 1) 1x
====================================================================================================

====================================================================================================
Hans Offia And Associates

Errors:
    - WebDriver Error: no such element: Unable to locate element: {"method":"css se at newInstance():62 (Error reading 3th lawyer at page 1) 1x
====================================================================================================

====================================================================================================
Farroco Abreu Guarnieri Zotelli

Errors:
    - Runtime Error: Failed to find lawyer elements at getLawyersInPage():46 (Error fetching lawyers on page 1) 1x
====================================================================================================

====================================================================================================
WALLESS

Errors:
    - WebDriver Error: no such element: element not found at openNewTab():53 (Error reading 2th lawyer at page 1) 1x
====================================================================================================

====================================================================================================
Werksmans

Errors:
    - WebDriver Error: no such element: Unable to locate element: {"method":"xpath" at getPracticeArea():86 (Error reading 100th lawyer at page 1) 1x
    - WebDriver Error: no such element: Unable to locate element: {"method":"xpath" at getPracticeArea():86 (Error reading 101th lawyer at page 1) 1x
    - WebDriver Error: no such element: Unable to locate element: {"method":"xpath" at getPracticeArea():86 (Error reading 102th lawyer at page 1) 1x
    - WebDriver Error: no such element: Unable to locate element: {"method":"xpath" at getPracticeArea():86 (Error reading 103th lawyer at page 1) 1x
    - WebDriver Error: no such element: Unable to locate element: {"method":"xpath" at getPracticeArea():86 (Error reading 104th lawyer at page 1) 1x
    - WebDriver Error: no such element: Unable to locate element: {"method":"xpath" at getPracticeArea():86 (Error reading 105th lawyer at page 1) 1x
    - WebDriver Error: no such element: Unable to locate element: {"method":"xpath" at getPracticeArea():86 (Error reading 106th lawyer at page 1) 1x
    - WebDriver Error: no such element: Unable to locate element: {"method":"xpath" at getPracticeArea():86 (Error reading 107th lawyer at page 1) 1x
    - WebDriver Error: no such element: Unable to locate element: {"method":"xpath" at getPracticeArea():86 (Error reading 108th lawyer at page 1) 1x
    - WebDriver Error: no such element: Unable to locate element: {"method":"xpath" at getPracticeArea():86 (Error reading 109th lawyer at page 1) 1x
    - WebDriver Error: no such element: Unable to locate element: {"method":"xpath" at getPracticeArea():86 (Error reading 10th lawyer at page 1) 1x
    - WebDriver Error: no such element: Unable to locate element: {"method":"xpath" at getPracticeArea():86 (Error reading 110th lawyer at page 1) 1x
    - WebDriver Error: no such element: Unable to locate element: {"method":"xpath" at getPracticeArea():86 (Error reading 111th lawyer at page 1) 1x
    - WebDriver Error: no such element: Unable to locate element: {"method":"xpath" at getPracticeArea():86 (Error reading 112th lawyer at page 1) 1x
    - WebDriver Error: no such element: Unable to locate element: {"method":"xpath" at getPracticeArea():86 (Error reading 113th lawyer at page 1) 1x
    - WebDriver Error: no such element: Unable to locate element: {"method":"xpath" at getPracticeArea():86 (Error reading 114th lawyer at page 1) 1x
    - WebDriver Error: no such element: Unable to locate element: {"method":"xpath" at getPracticeArea():86 (Error reading 115th lawyer at page 1) 1x
    - WebDriver Error: no such element: Unable to locate element: {"method":"xpath" at getPracticeArea():86 (Error reading 116th lawyer at page 1) 1x
    - WebDriver Error: no such element: Unable to locate element: {"method":"xpath" at getPracticeArea():86 (Error reading 117th lawyer at page 1) 1x
    - WebDriver Error: no such element: Unable to locate element: {"method":"xpath" at getPracticeArea():86 (Error reading 118th lawyer at page 1) 1x
    - WebDriver Error: no such element: Unable to locate element: {"method":"xpath" at getPracticeArea():86 (Error reading 119th lawyer at page 1) 1x
    - WebDriver Error: no such element: Unable to locate element: {"method":"xpath" at getPracticeArea():86 (Error reading 11th lawyer at page 1) 1x
    - WebDriver Error: no such element: Unable to locate element: {"method":"xpath" at getPracticeArea():86 (Error reading 120th lawyer at page 1) 1x
    - WebDriver Error: no such element: Unable to locate element: {"method":"xpath" at getPracticeArea():86 (Error reading 121th lawyer at page 1) 1x
    - WebDriver Error: no such element: Unable to locate element: {"method":"xpath" at getPracticeArea():86 (Error reading 122th lawyer at page 1) 1x
    - WebDriver Error: no such element: Unable to locate element: {"method":"xpath" at getPracticeArea():86 (Error reading 123th lawyer at page 1) 1x
    - WebDriver Error: no such element: Unable to locate element: {"method":"xpath" at getPracticeArea():86 (Error reading 124th lawyer at page 1) 1x
    - WebDriver Error: no such element: Unable to locate element: {"method":"xpath" at getPracticeArea():86 (Error reading 125th lawyer at page 1) 1x
    - WebDriver Error: no such element: Unable to locate element: {"method":"xpath" at getPracticeArea():86 (Error reading 126th lawyer at page 1) 1x
    - WebDriver Error: no such element: Unable to locate element: {"method":"xpath" at getPracticeArea():86 (Error reading 127th lawyer at page 1) 1x
    - WebDriver Error: no such element: Unable to locate element: {"method":"xpath" at getPracticeArea():86 (Error reading 128th lawyer at page 1) 1x
    - WebDriver Error: no such element: Unable to locate element: {"method":"xpath" at getPracticeArea():86 (Error reading 129th lawyer at page 1) 1x
    - WebDriver Error: no such element: Unable to locate element: {"method":"xpath" at getPracticeArea():86 (Error reading 12th lawyer at page 1) 1x
    - WebDriver Error: no such element: Unable to locate element: {"method":"xpath" at getPracticeArea():86 (Error reading 130th lawyer at page 1) 1x
    - WebDriver Error: no such element: Unable to locate element: {"method":"xpath" at getPracticeArea():86 (Error reading 131th lawyer at page 1) 1x
    - WebDriver Error: no such element: Unable to locate element: {"method":"xpath" at getPracticeArea():86 (Error reading 132th lawyer at page 1) 1x
    - WebDriver Error: no such element: Unable to locate element: {"method":"xpath" at getPracticeArea():86 (Error reading 133th lawyer at page 1) 1x
    - WebDriver Error: no such element: Unable to locate element: {"method":"xpath" at getPracticeArea():86 (Error reading 134th lawyer at page 1) 1x
    - WebDriver Error: no such element: Unable to locate element: {"method":"xpath" at getPracticeArea():86 (Error reading 135th lawyer at page 1) 1x
    - WebDriver Error: no such element: Unable to locate element: {"method":"xpath" at getPracticeArea():86 (Error reading 136th lawyer at page 1) 1x
    - WebDriver Error: no such element: Unable to locate element: {"method":"xpath" at getPracticeArea():86 (Error reading 137th lawyer at page 1) 1x
    - WebDriver Error: no such element: Unable to locate element: {"method":"xpath" at getPracticeArea():86 (Error reading 138th lawyer at page 1) 1x
    - WebDriver Error: no such element: Unable to locate element: {"method":"xpath" at getPracticeArea():86 (Error reading 139th lawyer at page 1) 1x
    - WebDriver Error: no such element: Unable to locate element: {"method":"xpath" at getPracticeArea():86 (Error reading 13th lawyer at page 1) 1x
    - WebDriver Error: no such element: Unable to locate element: {"method":"xpath" at getPracticeArea():86 (Error reading 140th lawyer at page 1) 1x
    - WebDriver Error: no such element: Unable to locate element: {"method":"xpath" at getPracticeArea():86 (Error reading 141th lawyer at page 1) 1x
    - WebDriver Error: no such element: Unable to locate element: {"method":"xpath" at getPracticeArea():86 (Error reading 142th lawyer at page 1) 1x
    - WebDriver Error: no such element: Unable to locate element: {"method":"xpath" at getPracticeArea():86 (Error reading 143th lawyer at page 1) 1x
    - WebDriver Error: no such element: Unable to locate element: {"method":"xpath" at getPracticeArea():86 (Error reading 144th lawyer at page 1) 1x
    - WebDriver Error: no such element: Unable to locate element: {"method":"xpath" at getPracticeArea():86 (Error reading 145th lawyer at page 1) 1x
    - WebDriver Error: no such element: Unable to locate element: {"method":"xpath" at getPracticeArea():86 (Error reading 146th lawyer at page 1) 1x
    - WebDriver Error: no such element: Unable to locate element: {"method":"xpath" at getPracticeArea():86 (Error reading 147th lawyer at page 1) 1x
    - WebDriver Error: no such element: Unable to locate element: {"method":"xpath" at getPracticeArea():86 (Error reading 148th lawyer at page 1) 1x
    - WebDriver Error: no such element: Unable to locate element: {"method":"xpath" at getPracticeArea():86 (Error reading 149th lawyer at page 1) 1x
    - WebDriver Error: no such element: Unable to locate element: {"method":"xpath" at getPracticeArea():86 (Error reading 14th lawyer at page 1) 1x
    - WebDriver Error: no such element: Unable to locate element: {"method":"xpath" at getPracticeArea():86 (Error reading 150th lawyer at page 1) 1x
    - WebDriver Error: no such element: Unable to locate element: {"method":"xpath" at getPracticeArea():86 (Error reading 151th lawyer at page 1) 1x
    - WebDriver Error: no such element: Unable to locate element: {"method":"xpath" at getPracticeArea():86 (Error reading 152th lawyer at page 1) 1x
    - WebDriver Error: no such element: Unable to locate element: {"method":"xpath" at getPracticeArea():86 (Error reading 153th lawyer at page 1) 1x
    - WebDriver Error: no such element: Unable to locate element: {"method":"xpath" at getPracticeArea():86 (Error reading 154th lawyer at page 1) 1x
    - WebDriver Error: no such element: Unable to locate element: {"method":"xpath" at getPracticeArea():86 (Error reading 155th lawyer at page 1) 1x
    - WebDriver Error: no such element: Unable to locate element: {"method":"xpath" at getPracticeArea():86 (Error reading 15th lawyer at page 1) 1x
    - WebDriver Error: no such element: Unable to locate element: {"method":"xpath" at getPracticeArea():86 (Error reading 16th lawyer at page 1) 1x
    - WebDriver Error: no such element: Unable to locate element: {"method":"xpath" at getPracticeArea():86 (Error reading 17th lawyer at page 1) 1x
    - WebDriver Error: no such element: Unable to locate element: {"method":"xpath" at getPracticeArea():86 (Error reading 18th lawyer at page 1) 1x
    - WebDriver Error: no such element: Unable to locate element: {"method":"xpath" at getPracticeArea():86 (Error reading 19th lawyer at page 1) 1x
    - WebDriver Error: no such element: Unable to locate element: {"method":"xpath" at getPracticeArea():86 (Error reading 1th lawyer at page 1) 1x
    - WebDriver Error: no such element: Unable to locate element: {"method":"xpath" at getPracticeArea():86 (Error reading 20th lawyer at page 1) 1x
    - WebDriver Error: no such element: Unable to locate element: {"method":"xpath" at getPracticeArea():86 (Error reading 21th lawyer at page 1) 1x
    - WebDriver Error: no such element: Unable to locate element: {"method":"xpath" at getPracticeArea():86 (Error reading 22th lawyer at page 1) 1x
    - WebDriver Error: no such element: Unable to locate element: {"method":"xpath" at getPracticeArea():86 (Error reading 23th lawyer at page 1) 1x
    - WebDriver Error: no such element: Unable to locate element: {"method":"xpath" at getPracticeArea():86 (Error reading 24th lawyer at page 1) 1x
    - WebDriver Error: no such element: Unable to locate element: {"method":"xpath" at getPracticeArea():86 (Error reading 25th lawyer at page 1) 1x
    - WebDriver Error: no such element: Unable to locate element: {"method":"xpath" at getPracticeArea():86 (Error reading 26th lawyer at page 1) 1x
    - WebDriver Error: no such element: Unable to locate element: {"method":"xpath" at getPracticeArea():86 (Error reading 27th lawyer at page 1) 1x
    - WebDriver Error: no such element: Unable to locate element: {"method":"xpath" at getPracticeArea():86 (Error reading 28th lawyer at page 1) 1x
    - WebDriver Error: no such element: Unable to locate element: {"method":"xpath" at getPracticeArea():86 (Error reading 29th lawyer at page 1) 1x
    - WebDriver Error: no such element: Unable to locate element: {"method":"xpath" at getPracticeArea():86 (Error reading 2th lawyer at page 1) 1x
    - WebDriver Error: no such element: Unable to locate element: {"method":"xpath" at getPracticeArea():86 (Error reading 30th lawyer at page 1) 1x
    - WebDriver Error: no such element: Unable to locate element: {"method":"xpath" at getPracticeArea():86 (Error reading 31th lawyer at page 1) 1x
    - WebDriver Error: no such element: Unable to locate element: {"method":"xpath" at getPracticeArea():86 (Error reading 32th lawyer at page 1) 1x
    - WebDriver Error: no such element: Unable to locate element: {"method":"xpath" at getPracticeArea():86 (Error reading 33th lawyer at page 1) 1x
    - WebDriver Error: no such element: Unable to locate element: {"method":"xpath" at getPracticeArea():86 (Error reading 34th lawyer at page 1) 1x
    - WebDriver Error: no such element: Unable to locate element: {"method":"xpath" at getPracticeArea():86 (Error reading 35th lawyer at page 1) 1x
    - WebDriver Error: no such element: Unable to locate element: {"method":"xpath" at getPracticeArea():86 (Error reading 36th lawyer at page 1) 1x
    - WebDriver Error: no such element: Unable to locate element: {"method":"xpath" at getPracticeArea():86 (Error reading 37th lawyer at page 1) 1x
    - WebDriver Error: no such element: Unable to locate element: {"method":"xpath" at getPracticeArea():86 (Error reading 38th lawyer at page 1) 1x
    - WebDriver Error: no such element: Unable to locate element: {"method":"xpath" at getPracticeArea():86 (Error reading 39th lawyer at page 1) 1x
    - WebDriver Error: no such element: Unable to locate element: {"method":"xpath" at getPracticeArea():86 (Error reading 3th lawyer at page 1) 1x
    - WebDriver Error: no such element: Unable to locate element: {"method":"xpath" at getPracticeArea():86 (Error reading 40th lawyer at page 1) 1x
    - WebDriver Error: no such element: Unable to locate element: {"method":"xpath" at getPracticeArea():86 (Error reading 41th lawyer at page 1) 1x
    - WebDriver Error: no such element: Unable to locate element: {"method":"xpath" at getPracticeArea():86 (Error reading 42th lawyer at page 1) 1x
    - WebDriver Error: no such element: Unable to locate element: {"method":"xpath" at getPracticeArea():86 (Error reading 43th lawyer at page 1) 1x
    - WebDriver Error: no such element: Unable to locate element: {"method":"xpath" at getPracticeArea():86 (Error reading 44th lawyer at page 1) 1x
    - WebDriver Error: no such element: Unable to locate element: {"method":"xpath" at getPracticeArea():86 (Error reading 45th lawyer at page 1) 1x
    - WebDriver Error: no such element: Unable to locate element: {"method":"xpath" at getPracticeArea():86 (Error reading 46th lawyer at page 1) 1x
    - WebDriver Error: no such element: Unable to locate element: {"method":"xpath" at getPracticeArea():86 (Error reading 47th lawyer at page 1) 1x
    - WebDriver Error: no such element: Unable to locate element: {"method":"xpath" at getPracticeArea():86 (Error reading 48th lawyer at page 1) 1x
    - WebDriver Error: no such element: Unable to locate element: {"method":"xpath" at getPracticeArea():86 (Error reading 49th lawyer at page 1) 1x
    - WebDriver Error: no such element: Unable to locate element: {"method":"xpath" at getPracticeArea():86 (Error reading 4th lawyer at page 1) 1x
    - WebDriver Error: no such element: Unable to locate element: {"method":"xpath" at getPracticeArea():86 (Error reading 50th lawyer at page 1) 1x
    - WebDriver Error: no such element: Unable to locate element: {"method":"xpath" at getPracticeArea():86 (Error reading 51th lawyer at page 1) 1x
    - WebDriver Error: no such element: Unable to locate element: {"method":"xpath" at getPracticeArea():86 (Error reading 52th lawyer at page 1) 1x
    - WebDriver Error: no such element: Unable to locate element: {"method":"xpath" at getPracticeArea():86 (Error reading 53th lawyer at page 1) 1x
    - WebDriver Error: no such element: Unable to locate element: {"method":"xpath" at getPracticeArea():86 (Error reading 54th lawyer at page 1) 1x
    - WebDriver Error: no such element: Unable to locate element: {"method":"xpath" at getPracticeArea():86 (Error reading 55th lawyer at page 1) 1x
    - WebDriver Error: no such element: Unable to locate element: {"method":"xpath" at getPracticeArea():86 (Error reading 56th lawyer at page 1) 1x
    - WebDriver Error: no such element: Unable to locate element: {"method":"xpath" at getPracticeArea():86 (Error reading 57th lawyer at page 1) 1x
    - WebDriver Error: no such element: Unable to locate element: {"method":"xpath" at getPracticeArea():86 (Error reading 58th lawyer at page 1) 1x
    - WebDriver Error: no such element: Unable to locate element: {"method":"xpath" at getPracticeArea():86 (Error reading 59th lawyer at page 1) 1x
    - WebDriver Error: no such element: Unable to locate element: {"method":"xpath" at getPracticeArea():86 (Error reading 5th lawyer at page 1) 1x
    - WebDriver Error: no such element: Unable to locate element: {"method":"xpath" at getPracticeArea():86 (Error reading 60th lawyer at page 1) 1x
    - WebDriver Error: no such element: Unable to locate element: {"method":"xpath" at getPracticeArea():86 (Error reading 61th lawyer at page 1) 1x
    - WebDriver Error: no such element: Unable to locate element: {"method":"xpath" at getPracticeArea():86 (Error reading 62th lawyer at page 1) 1x
    - WebDriver Error: no such element: Unable to locate element: {"method":"xpath" at getPracticeArea():86 (Error reading 63th lawyer at page 1) 1x
    - WebDriver Error: no such element: Unable to locate element: {"method":"xpath" at getPracticeArea():86 (Error reading 64th lawyer at page 1) 1x
    - WebDriver Error: no such element: Unable to locate element: {"method":"xpath" at getPracticeArea():86 (Error reading 65th lawyer at page 1) 1x
    - WebDriver Error: no such element: Unable to locate element: {"method":"xpath" at getPracticeArea():86 (Error reading 66th lawyer at page 1) 1x
    - WebDriver Error: no such element: Unable to locate element: {"method":"xpath" at getPracticeArea():86 (Error reading 67th lawyer at page 1) 1x
    - WebDriver Error: no such element: Unable to locate element: {"method":"xpath" at getPracticeArea():86 (Error reading 68th lawyer at page 1) 1x
    - WebDriver Error: no such element: Unable to locate element: {"method":"xpath" at getPracticeArea():86 (Error reading 69th lawyer at page 1) 1x
    - WebDriver Error: no such element: Unable to locate element: {"method":"xpath" at getPracticeArea():86 (Error reading 6th lawyer at page 1) 1x
    - WebDriver Error: no such element: Unable to locate element: {"method":"xpath" at getPracticeArea():86 (Error reading 70th lawyer at page 1) 1x
    - WebDriver Error: no such element: Unable to locate element: {"method":"xpath" at getPracticeArea():86 (Error reading 71th lawyer at page 1) 1x
    - WebDriver Error: no such element: Unable to locate element: {"method":"xpath" at getPracticeArea():86 (Error reading 72th lawyer at page 1) 1x
    - WebDriver Error: no such element: Unable to locate element: {"method":"xpath" at getPracticeArea():86 (Error reading 73th lawyer at page 1) 1x
    - WebDriver Error: no such element: Unable to locate element: {"method":"xpath" at getPracticeArea():86 (Error reading 74th lawyer at page 1) 1x
    - WebDriver Error: no such element: Unable to locate element: {"method":"xpath" at getPracticeArea():86 (Error reading 75th lawyer at page 1) 1x
    - WebDriver Error: no such element: Unable to locate element: {"method":"xpath" at getPracticeArea():86 (Error reading 76th lawyer at page 1) 1x
    - WebDriver Error: no such element: Unable to locate element: {"method":"xpath" at getPracticeArea():86 (Error reading 77th lawyer at page 1) 1x
    - WebDriver Error: no such element: Unable to locate element: {"method":"xpath" at getPracticeArea():86 (Error reading 78th lawyer at page 1) 1x
    - WebDriver Error: no such element: Unable to locate element: {"method":"xpath" at getPracticeArea():86 (Error reading 79th lawyer at page 1) 1x
    - WebDriver Error: no such element: Unable to locate element: {"method":"xpath" at getPracticeArea():86 (Error reading 7th lawyer at page 1) 1x
    - WebDriver Error: no such element: Unable to locate element: {"method":"xpath" at getPracticeArea():86 (Error reading 80th lawyer at page 1) 1x
    - WebDriver Error: no such element: Unable to locate element: {"method":"xpath" at getPracticeArea():86 (Error reading 81th lawyer at page 1) 1x
    - WebDriver Error: no such element: Unable to locate element: {"method":"xpath" at getPracticeArea():86 (Error reading 82th lawyer at page 1) 1x
    - WebDriver Error: no such element: Unable to locate element: {"method":"xpath" at getPracticeArea():86 (Error reading 83th lawyer at page 1) 1x
    - WebDriver Error: no such element: Unable to locate element: {"method":"xpath" at getPracticeArea():86 (Error reading 84th lawyer at page 1) 1x
    - WebDriver Error: no such element: Unable to locate element: {"method":"xpath" at getPracticeArea():86 (Error reading 85th lawyer at page 1) 1x
    - WebDriver Error: no such element: Unable to locate element: {"method":"xpath" at getPracticeArea():86 (Error reading 86th lawyer at page 1) 1x
    - WebDriver Error: no such element: Unable to locate element: {"method":"xpath" at getPracticeArea():86 (Error reading 87th lawyer at page 1) 1x
    - WebDriver Error: no such element: Unable to locate element: {"method":"xpath" at getPracticeArea():86 (Error reading 88th lawyer at page 1) 1x
    - WebDriver Error: no such element: Unable to locate element: {"method":"xpath" at getPracticeArea():86 (Error reading 89th lawyer at page 1) 1x
    - WebDriver Error: no such element: Unable to locate element: {"method":"xpath" at getPracticeArea():86 (Error reading 8th lawyer at page 1) 1x
    - WebDriver Error: no such element: Unable to locate element: {"method":"xpath" at getPracticeArea():86 (Error reading 90th lawyer at page 1) 1x
    - WebDriver Error: no such element: Unable to locate element: {"method":"xpath" at getPracticeArea():86 (Error reading 91th lawyer at page 1) 1x
    - WebDriver Error: no such element: Unable to locate element: {"method":"xpath" at getPracticeArea():86 (Error reading 92th lawyer at page 1) 1x
    - WebDriver Error: no such element: Unable to locate element: {"method":"xpath" at getPracticeArea():86 (Error reading 93th lawyer at page 1) 1x
    - WebDriver Error: no such element: Unable to locate element: {"method":"xpath" at getPracticeArea():86 (Error reading 94th lawyer at page 1) 1x
    - WebDriver Error: no such element: Unable to locate element: {"method":"xpath" at getPracticeArea():86 (Error reading 95th lawyer at page 1) 1x
    - WebDriver Error: no such element: Unable to locate element: {"method":"xpath" at getPracticeArea():86 (Error reading 96th lawyer at page 1) 1x
    - WebDriver Error: no such element: Unable to locate element: {"method":"xpath" at getPracticeArea():86 (Error reading 97th lawyer at page 1) 1x
    - WebDriver Error: no such element: Unable to locate element: {"method":"xpath" at getPracticeArea():86 (Error reading 98th lawyer at page 1) 1x
    - WebDriver Error: no such element: Unable to locate element: {"method":"xpath" at getPracticeArea():86 (Error reading 99th lawyer at page 1) 1x
    - WebDriver Error: no such element: Unable to locate element: {"method":"xpath" at getPracticeArea():86 (Error reading 9th lawyer at page 1) 1x
====================================================================================================

====================================================================================================
MdME

Errors:
    - WebDriver Error: no such element: Unable to locate element: {"method":"css se at newInstance():62 (Error reading 11th lawyer at page 1) 1x
    - WebDriver Error: no such element: Unable to locate element: {"method":"css se at newInstance():62 (Error reading 25th lawyer at page 1) 1x
====================================================================================================

====================================================================================================
Philippe & Partners

Errors:
    - Runtime Error: NullPointerException at openNewTab():55 (Error reading 31th lawyer at page 1) 1x
    - Runtime Error: NullPointerException at openNewTab():55 (Error reading 32th lawyer at page 1) 1x
====================================================================================================

====================================================================================================
Szecskay

Errors:
    - WebDriver Error: unknown error: net::ERR_CONNECTION_TIMED_OUT at accessPage():36 (Error accessing page 1) 1x
====================================================================================================

====================================================================================================
AOil

Errors:
    - WebDriver Error: unknown error: net::ERR_NAME_NOT_RESOLVED at accessPage():32 (Error accessing page 1) 1x
====================================================================================================

====================================================================================================
PM&P

Errors:
    - WebDriver Error: unknown error: unsupported protocol at openNewTab():45 (Error reading 5th lawyer at page 1) 1x
====================================================================================================

====================================================================================================
Consortium Legal

Errors:
    - Runtime Error: Failed to find lawyer elements at getLawyersInPage():45 (Error fetching lawyers on page 1) 1x
    - Runtime Error: Failed to find lawyer elements at getLawyersInPage():45 (Error fetching lawyers on page 2) 1x
    - Runtime Error: Failed to find lawyer elements at getLawyersInPage():45 (Error fetching lawyers on page 3) 1x
    - Runtime Error: Failed to find lawyer elements at getLawyersInPage():45 (Error fetching lawyers on page 4) 1x
    - Runtime Error: Failed to find lawyer elements at getLawyersInPage():45 (Error fetching lawyers on page 5) 1x
    - Runtime Error: Failed to find lawyer elements at getLawyersInPage():45 (Error fetching lawyers on page 6) 1x
    - Runtime Error: Failed to find lawyer elements at getLawyersInPage():45 (Error fetching lawyers on page 7) 1x
    - Runtime Error: Failed to find lawyer elements at getLawyersInPage():45 (Error fetching lawyers on page 8) 1x
====================================================================================================

====================================================================================================
Nova Law

Errors:
    - WebDriver Error: no such element: Unable to locate element: {"method":"css se at getLink():57 (Error reading 10th lawyer at page 1) 1x
    - WebDriver Error: no such element: Unable to locate element: {"method":"css se at getLink():57 (Error reading 11th lawyer at page 1) 1x
    - WebDriver Error: no such element: Unable to locate element: {"method":"css se at getLink():57 (Error reading 12th lawyer at page 1) 1x
    - WebDriver Error: no such element: Unable to locate element: {"method":"css se at getLink():57 (Error reading 13th lawyer at page 1) 1x
    - WebDriver Error: no such element: Unable to locate element: {"method":"css se at getLink():57 (Error reading 14th lawyer at page 1) 1x
    - WebDriver Error: no such element: Unable to locate element: {"method":"css se at getLink():57 (Error reading 15th lawyer at page 1) 1x
    - WebDriver Error: no such element: Unable to locate element: {"method":"css se at getLink():57 (Error reading 16th lawyer at page 1) 1x
    - WebDriver Error: no such element: Unable to locate element: {"method":"css se at getLink():57 (Error reading 17th lawyer at page 1) 1x
    - WebDriver Error: no such element: Unable to locate element: {"method":"css se at getLink():57 (Error reading 18th lawyer at page 1) 1x
    - WebDriver Error: no such element: Unable to locate element: {"method":"css se at getLink():57 (Error reading 19th lawyer at page 1) 1x
    - WebDriver Error: no such element: Unable to locate element: {"method":"css se at getLink():57 (Error reading 20th lawyer at page 1) 1x
    - WebDriver Error: no such element: Unable to locate element: {"method":"css se at getLink():57 (Error reading 3th lawyer at page 1) 1x
    - WebDriver Error: no such element: Unable to locate element: {"method":"css se at getLink():57 (Error reading 4th lawyer at page 1) 1x
    - WebDriver Error: no such element: Unable to locate element: {"method":"css se at getLink():57 (Error reading 5th lawyer at page 1) 1x
    - WebDriver Error: no such element: Unable to locate element: {"method":"css se at getLink():57 (Error reading 6th lawyer at page 1) 1x
    - WebDriver Error: no such element: Unable to locate element: {"method":"css se at getLink():57 (Error reading 7th lawyer at page 1) 1x
    - WebDriver Error: no such element: Unable to locate element: {"method":"css se at getLink():57 (Error reading 8th lawyer at page 1) 1x
    - WebDriver Error: no such element: Unable to locate element: {"method":"css se at getLink():57 (Error reading 9th lawyer at page 1) 1x
====================================================================================================

====================================================================================================
Ronan Daly Jermyn

Errors:
    - Runtime Error: Failed to find lawyer elements at getLawyersInPage():53 (Error fetching lawyers on page 10) 1x
    - Runtime Error: Failed to find lawyer elements at getLawyersInPage():53 (Error fetching lawyers on page 11) 1x
    - Runtime Error: Failed to find lawyer elements at getLawyersInPage():53 (Error fetching lawyers on page 12) 1x
    - Runtime Error: Failed to find lawyer elements at getLawyersInPage():53 (Error fetching lawyers on page 13) 1x
    - Runtime Error: Failed to find lawyer elements at getLawyersInPage():53 (Error fetching lawyers on page 14) 1x
    - Runtime Error: Failed to find lawyer elements at getLawyersInPage():53 (Error fetching lawyers on page 15) 1x
    - Runtime Error: Failed to find lawyer elements at getLawyersInPage():53 (Error fetching lawyers on page 16) 1x
    - Runtime Error: Failed to find lawyer elements at getLawyersInPage():53 (Error fetching lawyers on page 17) 1x
    - Runtime Error: Failed to find lawyer elements at getLawyersInPage():53 (Error fetching lawyers on page 18) 1x
    - Runtime Error: Failed to find lawyer elements at getLawyersInPage():53 (Error fetching lawyers on page 19) 1x
    - Runtime Error: Failed to find lawyer elements at getLawyersInPage():53 (Error fetching lawyers on page 2) 1x
    - Runtime Error: Failed to find lawyer elements at getLawyersInPage():53 (Error fetching lawyers on page 20) 1x
    - Runtime Error: Failed to find lawyer elements at getLawyersInPage():53 (Error fetching lawyers on page 21) 1x
    - Runtime Error: Failed to find lawyer elements at getLawyersInPage():53 (Error fetching lawyers on page 3) 1x
    - Runtime Error: Failed to find lawyer elements at getLawyersInPage():53 (Error fetching lawyers on page 4) 1x
    - Runtime Error: Failed to find lawyer elements at getLawyersInPage():53 (Error fetching lawyers on page 5) 1x
    - Runtime Error: Failed to find lawyer elements at getLawyersInPage():53 (Error fetching lawyers on page 6) 1x
    - Runtime Error: Failed to find lawyer elements at getLawyersInPage():53 (Error fetching lawyers on page 7) 1x
    - Runtime Error: Failed to find lawyer elements at getLawyersInPage():53 (Error fetching lawyers on page 8) 1x
    - Runtime Error: Failed to find lawyer elements at getLawyersInPage():53 (Error fetching lawyers on page 9) 1x
    - WebDriver Error: Build info: version: '4.35.0', revision: '1c58e5028b' at accessPage():33 (Error accessing page 22) 1x
    - WebDriver Error: Build info: version: '4.35.0', revision: '1c58e5028b' at accessPage():33 (Error accessing page 23) 1x
    - WebDriver Error: Build info: version: '4.35.0', revision: '1c58e5028b' at accessPage():33 (Error accessing page 24) 1x
    - WebDriver Error: Build info: version: '4.35.0', revision: '1c58e5028b' at accessPage():33 (Error accessing page 25) 1x
    - WebDriver Error: Build info: version: '4.35.0', revision: '1c58e5028b' at accessPage():33 (Error accessing page 26) 1x
    - WebDriver Error: Build info: version: '4.35.0', revision: '1c58e5028b' at accessPage():33 (Error accessing page 27) 1x
    - WebDriver Error: Build info: version: '4.35.0', revision: '1c58e5028b' at accessPage():33 (Error accessing page 28) 1x
    - WebDriver Error: Build info: version: '4.35.0', revision: '1c58e5028b' at accessPage():33 (Error accessing page 29) 1x
    - WebDriver Error: Build info: version: '4.35.0', revision: '1c58e5028b' at accessPage():33 (Error accessing page 30) 1x
    - WebDriver Error: Build info: version: '4.35.0', revision: '1c58e5028b' at accessPage():33 (Error accessing page 31) 1x
    - WebDriver Error: Build info: version: '4.35.0', revision: '1c58e5028b' at accessPage():33 (Error accessing page 32) 1x
    - WebDriver Error: Build info: version: '4.35.0', revision: '1c58e5028b' at accessPage():33 (Error accessing page 33) 1x
    - WebDriver Error: Build info: version: '4.35.0', revision: '1c58e5028b' at accessPage():33 (Error accessing page 34) 1x
    - WebDriver Error: Build info: version: '4.35.0', revision: '1c58e5028b' at accessPage():33 (Error accessing page 35) 1x
    - WebDriver Error: Build info: version: '4.35.0', revision: '1c58e5028b' at accessPage():33 (Error accessing page 36) 1x
    - WebDriver Error: Build info: version: '4.35.0', revision: '1c58e5028b' at accessPage():33 (Error accessing page 37) 1x
    - WebDriver Error: Build info: version: '4.35.0', revision: '1c58e5028b' at accessPage():33 (Error accessing page 38) 1x
    - WebDriver Error: Build info: version: '4.35.0', revision: '1c58e5028b' at accessPage():33 (Error accessing page 39) 1x
    - WebDriver Error: Build info: version: '4.35.0', revision: '1c58e5028b' at accessPage():33 (Error accessing page 40) 1x
====================================================================================================

====================================================================================================
Poulschmith

Errors:
    - Runtime Error: class org.openqa.selenium.remote.RemoteWebElement cannot be  at accessPage():42 (Error accessing page 1) 1x
====================================================================================================

====================================================================================================
Simmons And Simmons

Errors:
    - WebDriver Error: no such element: Unable to locate element: {"method":"css se at getSocials():98 (Error reading 1th lawyer at page 1) 1x
    - WebDriver Error: no such element: Unable to locate element: {"method":"css se at getSocials():98 (Error reading 2th lawyer at page 1) 1x
    - WebDriver Error: no such element: Unable to locate element: {"method":"css se at getSocials():98 (Error reading 3th lawyer at page 1) 1x
    - WebDriver Error: no such element: Unable to locate element: {"method":"css se at getSocials():98 (Error reading 4th lawyer at page 1) 1x
    - WebDriver Error: no such element: Unable to locate element: {"method":"css se at getSocials():98 (Error reading 5th lawyer at page 1) 1x
    - WebDriver Error: no such element: Unable to locate element: {"method":"css se at getSocials():98 (Error reading 6th lawyer at page 1) 1x
====================================================================================================

====================================================================================================
Gomez Acebo And Pombo

Errors:
    - WebDriver Error: java.lang.InterruptedException: sleep interrupted at goToPage():46 (Error accessing page 4) 1x
====================================================================================================

====================================================================================================
Porta & Consulenti Associati

Errors:
    - WebDriver Error: no such element: element not found at openNewTab():56 (Error reading 2th lawyer at page 1) 1x
====================================================================================================

====================================================================================================
Hans Offia And Associates

Errors:
    - WebDriver Error: no such element: Unable to locate element: {"method":"css se at newInstance():62 (Error reading 3th lawyer at page 1) 1x
====================================================================================================

====================================================================================================
Ritch Mueller And Nicolau

Errors:
    - Runtime Error: Failed to find lawyer elements at getLawyersInPage():52 (Error fetching lawyers on page 1) 1x
    - Runtime Error: Failed to find lawyer elements at getLawyersInPage():52 (Error fetching lawyers on page 2) 1x
    - Runtime Error: Failed to find lawyer elements at getLawyersInPage():52 (Error fetching lawyers on page 3) 1x
====================================================================================================

====================================================================================================
Roca Junyent

Errors:
    - WebDriver Error: invalid argument at openNewTab():66 (Error reading 10th lawyer at page 2) 1x
    - WebDriver Error: invalid argument at openNewTab():66 (Error reading 10th lawyer at page 3) 1x
    - WebDriver Error: invalid argument at openNewTab():66 (Error reading 10th lawyer at page 4) 1x
    - WebDriver Error: invalid argument at openNewTab():66 (Error reading 10th lawyer at page 5) 1x
    - WebDriver Error: invalid argument at openNewTab():66 (Error reading 11th lawyer at page 2) 1x
    - WebDriver Error: invalid argument at openNewTab():66 (Error reading 11th lawyer at page 3) 1x
    - WebDriver Error: invalid argument at openNewTab():66 (Error reading 11th lawyer at page 4) 1x
    - WebDriver Error: invalid argument at openNewTab():66 (Error reading 11th lawyer at page 5) 1x
    - WebDriver Error: invalid argument at openNewTab():66 (Error reading 12th lawyer at page 2) 1x
    - WebDriver Error: invalid argument at openNewTab():66 (Error reading 12th lawyer at page 3) 1x
    - WebDriver Error: invalid argument at openNewTab():66 (Error reading 12th lawyer at page 4) 1x
    - WebDriver Error: invalid argument at openNewTab():66 (Error reading 12th lawyer at page 5) 1x
    - WebDriver Error: invalid argument at openNewTab():66 (Error reading 2th lawyer at page 2) 1x
    - WebDriver Error: invalid argument at openNewTab():66 (Error reading 2th lawyer at page 3) 1x
    - WebDriver Error: invalid argument at openNewTab():66 (Error reading 2th lawyer at page 4) 1x
    - WebDriver Error: invalid argument at openNewTab():66 (Error reading 2th lawyer at page 5) 1x
    - WebDriver Error: invalid argument at openNewTab():66 (Error reading 3th lawyer at page 2) 1x
    - WebDriver Error: invalid argument at openNewTab():66 (Error reading 3th lawyer at page 3) 1x
    - WebDriver Error: invalid argument at openNewTab():66 (Error reading 3th lawyer at page 4) 1x
    - WebDriver Error: invalid argument at openNewTab():66 (Error reading 3th lawyer at page 5) 1x
    - WebDriver Error: invalid argument at openNewTab():66 (Error reading 4th lawyer at page 2) 1x
    - WebDriver Error: invalid argument at openNewTab():66 (Error reading 4th lawyer at page 3) 1x
    - WebDriver Error: invalid argument at openNewTab():66 (Error reading 4th lawyer at page 4) 1x
    - WebDriver Error: invalid argument at openNewTab():66 (Error reading 4th lawyer at page 5) 1x
    - WebDriver Error: invalid argument at openNewTab():66 (Error reading 5th lawyer at page 2) 1x
    - WebDriver Error: invalid argument at openNewTab():66 (Error reading 5th lawyer at page 3) 1x
    - WebDriver Error: invalid argument at openNewTab():66 (Error reading 5th lawyer at page 4) 1x
    - WebDriver Error: invalid argument at openNewTab():66 (Error reading 5th lawyer at page 5) 1x
    - WebDriver Error: invalid argument at openNewTab():66 (Error reading 6th lawyer at page 2) 1x
    - WebDriver Error: invalid argument at openNewTab():66 (Error reading 6th lawyer at page 3) 1x
    - WebDriver Error: invalid argument at openNewTab():66 (Error reading 6th lawyer at page 4) 1x
    - WebDriver Error: invalid argument at openNewTab():66 (Error reading 6th lawyer at page 5) 1x
    - WebDriver Error: invalid argument at openNewTab():66 (Error reading 7th lawyer at page 2) 1x
    - WebDriver Error: invalid argument at openNewTab():66 (Error reading 7th lawyer at page 3) 1x
    - WebDriver Error: invalid argument at openNewTab():66 (Error reading 7th lawyer at page 4) 1x
    - WebDriver Error: invalid argument at openNewTab():66 (Error reading 7th lawyer at page 5) 1x
    - WebDriver Error: invalid argument at openNewTab():66 (Error reading 8th lawyer at page 2) 1x
    - WebDriver Error: invalid argument at openNewTab():66 (Error reading 8th lawyer at page 3) 1x
    - WebDriver Error: invalid argument at openNewTab():66 (Error reading 8th lawyer at page 4) 1x
    - WebDriver Error: invalid argument at openNewTab():66 (Error reading 8th lawyer at page 5) 1x
    - WebDriver Error: invalid argument at openNewTab():66 (Error reading 9th lawyer at page 2) 1x
    - WebDriver Error: invalid argument at openNewTab():66 (Error reading 9th lawyer at page 3) 1x
    - WebDriver Error: invalid argument at openNewTab():66 (Error reading 9th lawyer at page 4) 1x
    - WebDriver Error: invalid argument at openNewTab():66 (Error reading 9th lawyer at page 5) 1x
====================================================================================================

====================================================================================================
Covington And Burling LLP

Errors:
    - Runtime Error: Failed to find lawyer elements at getLawyersInPage():59 (Error fetching lawyers on page 4) 1x
====================================================================================================

====================================================================================================
Sorainen

Errors:
    - WebDriver Error: unknown error: net::ERR_CONNECTION_TIMED_OUT at accessPage():33 (Error accessing page 1) 1x
====================================================================================================

====================================================================================================
Garcia Bodan

Errors:
    - Runtime Error: Failed to find lawyer elements at getLawyersInPage():69 (Error fetching lawyers on page 1) 1x
====================================================================================================

====================================================================================================
DGKV

Errors:
    - Runtime Error: Failed to find lawyer elements at getLawyersInPage():61 (Error fetching lawyers on page 1) 1x
    - Runtime Error: Failed to find lawyer elements at getLawyersInPage():61 (Error fetching lawyers on page 2) 1x
    - Runtime Error: Failed to find lawyer elements at getLawyersInPage():61 (Error fetching lawyers on page 3) 1x
====================================================================================================

====================================================================================================
MBM

Errors:
    - WebDriver Error: no such element: element not found at openNewTab():62 (Error reading 2th lawyer at page 1) 1x
====================================================================================================

====================================================================================================
Moore Legal Kovcs

Errors:
    - Runtime Error: Failed to find lawyer elements at getLawyersInPage():45 (Error fetching lawyers on page 1) 1x
====================================================================================================

====================================================================================================
Matheson

Errors:
    - Runtime Error: Failed to find lawyer elements at getLawyersInPage():51 (Error fetching lawyers on page 1) 1x
====================================================================================================

====================================================================================================
elih And Partnerji

Errors:
    - Runtime Error: Failed to find lawyer elements at getLawyersInPage():49 (Error fetching lawyers on page 1) 1x
====================================================================================================

====================================================================================================
Clifford Chance

Errors:
    - WebDriver Error: Build info: version: '4.35.0', revision: '1c58e5028b' at accessPage():72 (Error accessing page 10) 1x
    - WebDriver Error: Build info: version: '4.35.0', revision: '1c58e5028b' at accessPage():72 (Error accessing page 11) 1x
    - WebDriver Error: Build info: version: '4.35.0', revision: '1c58e5028b' at accessPage():72 (Error accessing page 12) 1x
    - WebDriver Error: Build info: version: '4.35.0', revision: '1c58e5028b' at accessPage():72 (Error accessing page 13) 1x
    - WebDriver Error: Build info: version: '4.35.0', revision: '1c58e5028b' at accessPage():72 (Error accessing page 14) 1x
    - WebDriver Error: Build info: version: '4.35.0', revision: '1c58e5028b' at accessPage():72 (Error accessing page 15) 1x
    - WebDriver Error: Build info: version: '4.35.0', revision: '1c58e5028b' at accessPage():72 (Error accessing page 2) 1x
    - WebDriver Error: Build info: version: '4.35.0', revision: '1c58e5028b' at accessPage():72 (Error accessing page 3) 1x
    - WebDriver Error: Build info: version: '4.35.0', revision: '1c58e5028b' at accessPage():72 (Error accessing page 4) 1x
    - WebDriver Error: Build info: version: '4.35.0', revision: '1c58e5028b' at accessPage():72 (Error accessing page 5) 1x
    - WebDriver Error: Build info: version: '4.35.0', revision: '1c58e5028b' at accessPage():72 (Error accessing page 6) 1x
    - WebDriver Error: Build info: version: '4.35.0', revision: '1c58e5028b' at accessPage():72 (Error accessing page 7) 1x
    - WebDriver Error: Build info: version: '4.35.0', revision: '1c58e5028b' at accessPage():72 (Error accessing page 8) 1x
    - WebDriver Error: Build info: version: '4.35.0', revision: '1c58e5028b' at accessPage():72 (Error accessing page 9) 1x
    - WebDriver Error: Build info: version: '4.35.0', revision: '1c58e5028b' at getSocials():140 (Error reading 100th lawyer at page 1) 1x
    - WebDriver Error: Build info: version: '4.35.0', revision: '1c58e5028b' at getSocials():140 (Error reading 101th lawyer at page 1) 1x
    - WebDriver Error: Build info: version: '4.35.0', revision: '1c58e5028b' at getSocials():140 (Error reading 102th lawyer at page 1) 1x
    - WebDriver Error: Build info: version: '4.35.0', revision: '1c58e5028b' at getSocials():140 (Error reading 103th lawyer at page 1) 1x
    - WebDriver Error: Build info: version: '4.35.0', revision: '1c58e5028b' at getSocials():140 (Error reading 104th lawyer at page 1) 1x
    - WebDriver Error: Build info: version: '4.35.0', revision: '1c58e5028b' at getSocials():140 (Error reading 105th lawyer at page 1) 1x
    - WebDriver Error: Build info: version: '4.35.0', revision: '1c58e5028b' at getSocials():140 (Error reading 106th lawyer at page 1) 1x
    - WebDriver Error: Build info: version: '4.35.0', revision: '1c58e5028b' at getSocials():140 (Error reading 107th lawyer at page 1) 1x
    - WebDriver Error: Build info: version: '4.35.0', revision: '1c58e5028b' at getSocials():140 (Error reading 108th lawyer at page 1) 1x
    - WebDriver Error: Build info: version: '4.35.0', revision: '1c58e5028b' at getSocials():140 (Error reading 32th lawyer at page 1) 1x
    - WebDriver Error: Build info: version: '4.35.0', revision: '1c58e5028b' at getSocials():140 (Error reading 33th lawyer at page 1) 1x
    - WebDriver Error: Build info: version: '4.35.0', revision: '1c58e5028b' at getSocials():140 (Error reading 34th lawyer at page 1) 1x
    - WebDriver Error: Build info: version: '4.35.0', revision: '1c58e5028b' at getSocials():140 (Error reading 35th lawyer at page 1) 1x
    - WebDriver Error: Build info: version: '4.35.0', revision: '1c58e5028b' at getSocials():140 (Error reading 36th lawyer at page 1) 1x
    - WebDriver Error: Build info: version: '4.35.0', revision: '1c58e5028b' at getSocials():140 (Error reading 37th lawyer at page 1) 1x
    - WebDriver Error: Build info: version: '4.35.0', revision: '1c58e5028b' at getSocials():140 (Error reading 38th lawyer at page 1) 1x
    - WebDriver Error: Build info: version: '4.35.0', revision: '1c58e5028b' at getSocials():140 (Error reading 39th lawyer at page 1) 1x
    - WebDriver Error: Build info: version: '4.35.0', revision: '1c58e5028b' at getSocials():140 (Error reading 40th lawyer at page 1) 1x
    - WebDriver Error: Build info: version: '4.35.0', revision: '1c58e5028b' at getSocials():140 (Error reading 41th lawyer at page 1) 1x
    - WebDriver Error: Build info: version: '4.35.0', revision: '1c58e5028b' at getSocials():140 (Error reading 42th lawyer at page 1) 1x
    - WebDriver Error: Build info: version: '4.35.0', revision: '1c58e5028b' at getSocials():140 (Error reading 43th lawyer at page 1) 1x
    - WebDriver Error: Build info: version: '4.35.0', revision: '1c58e5028b' at getSocials():140 (Error reading 44th lawyer at page 1) 1x
    - WebDriver Error: Build info: version: '4.35.0', revision: '1c58e5028b' at getSocials():140 (Error reading 45th lawyer at page 1) 1x
    - WebDriver Error: Build info: version: '4.35.0', revision: '1c58e5028b' at getSocials():140 (Error reading 46th lawyer at page 1) 1x
    - WebDriver Error: Build info: version: '4.35.0', revision: '1c58e5028b' at getSocials():140 (Error reading 47th lawyer at page 1) 1x
    - WebDriver Error: Build info: version: '4.35.0', revision: '1c58e5028b' at getSocials():140 (Error reading 48th lawyer at page 1) 1x
    - WebDriver Error: Build info: version: '4.35.0', revision: '1c58e5028b' at getSocials():140 (Error reading 49th lawyer at page 1) 1x
    - WebDriver Error: Build info: version: '4.35.0', revision: '1c58e5028b' at getSocials():140 (Error reading 50th lawyer at page 1) 1x
    - WebDriver Error: Build info: version: '4.35.0', revision: '1c58e5028b' at getSocials():140 (Error reading 51th lawyer at page 1) 1x
    - WebDriver Error: Build info: version: '4.35.0', revision: '1c58e5028b' at getSocials():140 (Error reading 52th lawyer at page 1) 1x
    - WebDriver Error: Build info: version: '4.35.0', revision: '1c58e5028b' at getSocials():140 (Error reading 53th lawyer at page 1) 1x
    - WebDriver Error: Build info: version: '4.35.0', revision: '1c58e5028b' at getSocials():140 (Error reading 54th lawyer at page 1) 1x
    - WebDriver Error: Build info: version: '4.35.0', revision: '1c58e5028b' at getSocials():140 (Error reading 55th lawyer at page 1) 1x
    - WebDriver Error: Build info: version: '4.35.0', revision: '1c58e5028b' at getSocials():140 (Error reading 56th lawyer at page 1) 1x
    - WebDriver Error: Build info: version: '4.35.0', revision: '1c58e5028b' at getSocials():140 (Error reading 57th lawyer at page 1) 1x
    - WebDriver Error: Build info: version: '4.35.0', revision: '1c58e5028b' at getSocials():140 (Error reading 58th lawyer at page 1) 1x
    - WebDriver Error: Build info: version: '4.35.0', revision: '1c58e5028b' at getSocials():140 (Error reading 59th lawyer at page 1) 1x
    - WebDriver Error: Build info: version: '4.35.0', revision: '1c58e5028b' at getSocials():140 (Error reading 60th lawyer at page 1) 1x
    - WebDriver Error: Build info: version: '4.35.0', revision: '1c58e5028b' at getSocials():140 (Error reading 61th lawyer at page 1) 1x
    - WebDriver Error: Build info: version: '4.35.0', revision: '1c58e5028b' at getSocials():140 (Error reading 62th lawyer at page 1) 1x
    - WebDriver Error: Build info: version: '4.35.0', revision: '1c58e5028b' at getSocials():140 (Error reading 63th lawyer at page 1) 1x
    - WebDriver Error: Build info: version: '4.35.0', revision: '1c58e5028b' at getSocials():140 (Error reading 64th lawyer at page 1) 1x
    - WebDriver Error: Build info: version: '4.35.0', revision: '1c58e5028b' at getSocials():140 (Error reading 65th lawyer at page 1) 1x
    - WebDriver Error: Build info: version: '4.35.0', revision: '1c58e5028b' at getSocials():140 (Error reading 66th lawyer at page 1) 1x
    - WebDriver Error: Build info: version: '4.35.0', revision: '1c58e5028b' at getSocials():140 (Error reading 67th lawyer at page 1) 1x
    - WebDriver Error: Build info: version: '4.35.0', revision: '1c58e5028b' at getSocials():140 (Error reading 68th lawyer at page 1) 1x
    - WebDriver Error: Build info: version: '4.35.0', revision: '1c58e5028b' at getSocials():140 (Error reading 69th lawyer at page 1) 1x
    - WebDriver Error: Build info: version: '4.35.0', revision: '1c58e5028b' at getSocials():140 (Error reading 70th lawyer at page 1) 1x
    - WebDriver Error: Build info: version: '4.35.0', revision: '1c58e5028b' at getSocials():140 (Error reading 71th lawyer at page 1) 1x
    - WebDriver Error: Build info: version: '4.35.0', revision: '1c58e5028b' at getSocials():140 (Error reading 72th lawyer at page 1) 1x
    - WebDriver Error: Build info: version: '4.35.0', revision: '1c58e5028b' at getSocials():140 (Error reading 73th lawyer at page 1) 1x
    - WebDriver Error: Build info: version: '4.35.0', revision: '1c58e5028b' at getSocials():140 (Error reading 74th lawyer at page 1) 1x
    - WebDriver Error: Build info: version: '4.35.0', revision: '1c58e5028b' at getSocials():140 (Error reading 75th lawyer at page 1) 1x
    - WebDriver Error: Build info: version: '4.35.0', revision: '1c58e5028b' at getSocials():140 (Error reading 76th lawyer at page 1) 1x
    - WebDriver Error: Build info: version: '4.35.0', revision: '1c58e5028b' at getSocials():140 (Error reading 77th lawyer at page 1) 1x
    - WebDriver Error: Build info: version: '4.35.0', revision: '1c58e5028b' at getSocials():140 (Error reading 78th lawyer at page 1) 1x
    - WebDriver Error: Build info: version: '4.35.0', revision: '1c58e5028b' at getSocials():140 (Error reading 79th lawyer at page 1) 1x
    - WebDriver Error: Build info: version: '4.35.0', revision: '1c58e5028b' at getSocials():140 (Error reading 80th lawyer at page 1) 1x
    - WebDriver Error: Build info: version: '4.35.0', revision: '1c58e5028b' at getSocials():140 (Error reading 81th lawyer at page 1) 1x
    - WebDriver Error: Build info: version: '4.35.0', revision: '1c58e5028b' at getSocials():140 (Error reading 82th lawyer at page 1) 1x
    - WebDriver Error: Build info: version: '4.35.0', revision: '1c58e5028b' at getSocials():140 (Error reading 83th lawyer at page 1) 1x
    - WebDriver Error: Build info: version: '4.35.0', revision: '1c58e5028b' at getSocials():140 (Error reading 84th lawyer at page 1) 1x
    - WebDriver Error: Build info: version: '4.35.0', revision: '1c58e5028b' at getSocials():140 (Error reading 85th lawyer at page 1) 1x
    - WebDriver Error: Build info: version: '4.35.0', revision: '1c58e5028b' at getSocials():140 (Error reading 86th lawyer at page 1) 1x
    - WebDriver Error: Build info: version: '4.35.0', revision: '1c58e5028b' at getSocials():140 (Error reading 87th lawyer at page 1) 1x
    - WebDriver Error: Build info: version: '4.35.0', revision: '1c58e5028b' at getSocials():140 (Error reading 88th lawyer at page 1) 1x
    - WebDriver Error: Build info: version: '4.35.0', revision: '1c58e5028b' at getSocials():140 (Error reading 89th lawyer at page 1) 1x
    - WebDriver Error: Build info: version: '4.35.0', revision: '1c58e5028b' at getSocials():140 (Error reading 90th lawyer at page 1) 1x
    - WebDriver Error: Build info: version: '4.35.0', revision: '1c58e5028b' at getSocials():140 (Error reading 91th lawyer at page 1) 1x
    - WebDriver Error: Build info: version: '4.35.0', revision: '1c58e5028b' at getSocials():140 (Error reading 92th lawyer at page 1) 1x
    - WebDriver Error: Build info: version: '4.35.0', revision: '1c58e5028b' at getSocials():140 (Error reading 93th lawyer at page 1) 1x
    - WebDriver Error: Build info: version: '4.35.0', revision: '1c58e5028b' at getSocials():140 (Error reading 94th lawyer at page 1) 1x
    - WebDriver Error: Build info: version: '4.35.0', revision: '1c58e5028b' at getSocials():140 (Error reading 95th lawyer at page 1) 1x
    - WebDriver Error: Build info: version: '4.35.0', revision: '1c58e5028b' at getSocials():140 (Error reading 96th lawyer at page 1) 1x
    - WebDriver Error: Build info: version: '4.35.0', revision: '1c58e5028b' at getSocials():140 (Error reading 97th lawyer at page 1) 1x
    - WebDriver Error: Build info: version: '4.35.0', revision: '1c58e5028b' at getSocials():140 (Error reading 98th lawyer at page 1) 1x
    - WebDriver Error: Build info: version: '4.35.0', revision: '1c58e5028b' at getSocials():140 (Error reading 99th lawyer at page 1) 1x
====================================================================================================

====================================================================================================
Fangda Partners

Errors:
    - WebDriver Error: no such element: Unable to locate element: {"method":"xpath" at accessPage():39 (Error accessing page 1) 1x
====================================================================================================

====================================================================================================
Stephenson Harwood

Errors:
    - Runtime Error: Failed to find lawyer elements at getLawyersInPage():78 (Error fetching lawyers on page 1) 1x
    - WebDriver Error: no such element: Unable to locate element: {"method":"css se at accessPage():55 (Error accessing page 10) 1x
    - WebDriver Error: no such element: Unable to locate element: {"method":"css se at accessPage():55 (Error accessing page 11) 1x
    - WebDriver Error: no such element: Unable to locate element: {"method":"css se at accessPage():55 (Error accessing page 12) 1x
    - WebDriver Error: no such element: Unable to locate element: {"method":"css se at accessPage():55 (Error accessing page 13) 1x
    - WebDriver Error: no such element: Unable to locate element: {"method":"css se at accessPage():55 (Error accessing page 14) 1x
    - WebDriver Error: no such element: Unable to locate element: {"method":"css se at accessPage():55 (Error accessing page 15) 1x
    - WebDriver Error: no such element: Unable to locate element: {"method":"css se at accessPage():55 (Error accessing page 16) 1x
    - WebDriver Error: no such element: Unable to locate element: {"method":"css se at accessPage():55 (Error accessing page 17) 1x
    - WebDriver Error: no such element: Unable to locate element: {"method":"css se at accessPage():55 (Error accessing page 18) 1x
    - WebDriver Error: no such element: Unable to locate element: {"method":"css se at accessPage():55 (Error accessing page 19) 1x
    - WebDriver Error: no such element: Unable to locate element: {"method":"css se at accessPage():55 (Error accessing page 2) 1x
    - WebDriver Error: no such element: Unable to locate element: {"method":"css se at accessPage():55 (Error accessing page 20) 1x
    - WebDriver Error: no such element: Unable to locate element: {"method":"css se at accessPage():55 (Error accessing page 21) 1x
    - WebDriver Error: no such element: Unable to locate element: {"method":"css se at accessPage():55 (Error accessing page 22) 1x
    - WebDriver Error: no such element: Unable to locate element: {"method":"css se at accessPage():55 (Error accessing page 23) 1x
    - WebDriver Error: no such element: Unable to locate element: {"method":"css se at accessPage():55 (Error accessing page 24) 1x
    - WebDriver Error: no such element: Unable to locate element: {"method":"css se at accessPage():55 (Error accessing page 25) 1x
    - WebDriver Error: no such element: Unable to locate element: {"method":"css se at accessPage():55 (Error accessing page 26) 1x
    - WebDriver Error: no such element: Unable to locate element: {"method":"css se at accessPage():55 (Error accessing page 27) 1x
    - WebDriver Error: no such element: Unable to locate element: {"method":"css se at accessPage():55 (Error accessing page 28) 1x
    - WebDriver Error: no such element: Unable to locate element: {"method":"css se at accessPage():55 (Error accessing page 29) 1x
    - WebDriver Error: no such element: Unable to locate element: {"method":"css se at accessPage():55 (Error accessing page 3) 1x
    - WebDriver Error: no such element: Unable to locate element: {"method":"css se at accessPage():55 (Error accessing page 30) 1x
    - WebDriver Error: no such element: Unable to locate element: {"method":"css se at accessPage():55 (Error accessing page 4) 1x
    - WebDriver Error: no such element: Unable to locate element: {"method":"css se at accessPage():55 (Error accessing page 5) 1x
    - WebDriver Error: no such element: Unable to locate element: {"method":"css se at accessPage():55 (Error accessing page 6) 1x
    - WebDriver Error: no such element: Unable to locate element: {"method":"css se at accessPage():55 (Error accessing page 7) 1x
    - WebDriver Error: no such element: Unable to locate element: {"method":"css se at accessPage():55 (Error accessing page 8) 1x
    - WebDriver Error: no such element: Unable to locate element: {"method":"css se at accessPage():55 (Error accessing page 9) 1x
====================================================================================================

====================================================================================================
Langseth Advokat

Errors:
    - Runtime Error: Failed to find lawyer elements at getLawyersInPage():48 (Error fetching lawyers on page 1) 1x
====================================================================================================

====================================================================================================
Myers Fletcher And Gordon

Errors:
    - Runtime Error: Failed to find lawyer elements at getLawyersInPage():59 (Error fetching lawyers on page 1) 1x
====================================================================================================

====================================================================================================
CBA

Errors:
    - Runtime Error: Failed to find lawyer elements at getLawyersInPage():45 (Error fetching lawyers on page 1) 1x
====================================================================================================

====================================================================================================
AWA

Errors:
    - Runtime Error: Failed to find lawyer elements at getLawyersInPage():75 (Error fetching lawyers on page 1) 1x
    - Runtime Error: Failed to find lawyer elements at getLawyersInPage():75 (Error fetching lawyers on page 10) 1x
    - Runtime Error: Failed to find lawyer elements at getLawyersInPage():75 (Error fetching lawyers on page 11) 1x
    - Runtime Error: Failed to find lawyer elements at getLawyersInPage():75 (Error fetching lawyers on page 12) 1x
    - Runtime Error: Failed to find lawyer elements at getLawyersInPage():75 (Error fetching lawyers on page 13) 1x
    - Runtime Error: Failed to find lawyer elements at getLawyersInPage():75 (Error fetching lawyers on page 14) 1x
    - Runtime Error: Failed to find lawyer elements at getLawyersInPage():75 (Error fetching lawyers on page 15) 1x
    - Runtime Error: Failed to find lawyer elements at getLawyersInPage():75 (Error fetching lawyers on page 16) 1x
    - Runtime Error: Failed to find lawyer elements at getLawyersInPage():75 (Error fetching lawyers on page 17) 1x
    - Runtime Error: Failed to find lawyer elements at getLawyersInPage():75 (Error fetching lawyers on page 2) 1x
    - Runtime Error: Failed to find lawyer elements at getLawyersInPage():75 (Error fetching lawyers on page 3) 1x
    - Runtime Error: Failed to find lawyer elements at getLawyersInPage():75 (Error fetching lawyers on page 4) 1x
    - Runtime Error: Failed to find lawyer elements at getLawyersInPage():75 (Error fetching lawyers on page 5) 1x
    - Runtime Error: Failed to find lawyer elements at getLawyersInPage():75 (Error fetching lawyers on page 6) 1x
    - Runtime Error: Failed to find lawyer elements at getLawyersInPage():75 (Error fetching lawyers on page 7) 1x
    - Runtime Error: Failed to find lawyer elements at getLawyersInPage():75 (Error fetching lawyers on page 8) 1x
    - Runtime Error: Failed to find lawyer elements at getLawyersInPage():75 (Error fetching lawyers on page 9) 1x
    - WebDriver Error: Build info: version: '4.35.0', revision: '1c58e5028b' at accessPage():47 (Error accessing page 18) 1x
    - WebDriver Error: Build info: version: '4.35.0', revision: '1c58e5028b' at accessPage():47 (Error accessing page 19) 1x
    - WebDriver Error: Build info: version: '4.35.0', revision: '1c58e5028b' at accessPage():47 (Error accessing page 20) 1x
    - WebDriver Error: Build info: version: '4.35.0', revision: '1c58e5028b' at accessPage():47 (Error accessing page 21) 1x
    - WebDriver Error: Build info: version: '4.35.0', revision: '1c58e5028b' at accessPage():47 (Error accessing page 22) 1x
    - WebDriver Error: Build info: version: '4.35.0', revision: '1c58e5028b' at accessPage():47 (Error accessing page 23) 1x
    - WebDriver Error: Build info: version: '4.35.0', revision: '1c58e5028b' at accessPage():47 (Error accessing page 24) 1x
    - WebDriver Error: Build info: version: '4.35.0', revision: '1c58e5028b' at accessPage():47 (Error accessing page 25) 1x
    - WebDriver Error: Build info: version: '4.35.0', revision: '1c58e5028b' at accessPage():47 (Error accessing page 26) 1x
    - WebDriver Error: Build info: version: '4.35.0', revision: '1c58e5028b' at accessPage():47 (Error accessing page 27) 1x
    - WebDriver Error: Build info: version: '4.35.0', revision: '1c58e5028b' at accessPage():47 (Error accessing page 28) 1x
====================================================================================================

====================================================================================================
Hill Dickinson

Errors:
    - Runtime Error: Failed to find lawyer elements at getLawyersInPage():63 (Error fetching lawyers on page 10) 1x
    - Runtime Error: Failed to find lawyer elements at getLawyersInPage():63 (Error fetching lawyers on page 11) 1x
    - Runtime Error: Failed to find lawyer elements at getLawyersInPage():63 (Error fetching lawyers on page 12) 1x
    - Runtime Error: Failed to find lawyer elements at getLawyersInPage():63 (Error fetching lawyers on page 13) 1x
    - Runtime Error: Failed to find lawyer elements at getLawyersInPage():63 (Error fetching lawyers on page 2) 1x
    - Runtime Error: Failed to find lawyer elements at getLawyersInPage():63 (Error fetching lawyers on page 3) 1x
    - Runtime Error: Failed to find lawyer elements at getLawyersInPage():63 (Error fetching lawyers on page 4) 1x
    - Runtime Error: Failed to find lawyer elements at getLawyersInPage():63 (Error fetching lawyers on page 5) 1x
    - Runtime Error: Failed to find lawyer elements at getLawyersInPage():63 (Error fetching lawyers on page 6) 1x
    - Runtime Error: Failed to find lawyer elements at getLawyersInPage():63 (Error fetching lawyers on page 7) 1x
    - Runtime Error: Failed to find lawyer elements at getLawyersInPage():63 (Error fetching lawyers on page 8) 1x
    - Runtime Error: Failed to find lawyer elements at getLawyersInPage():63 (Error fetching lawyers on page 9) 1x
    - WebDriver Error: Expected condition failed: waiting for presence of element l at accessPage():50 (Error accessing page 1) 1x
====================================================================================================

====================================================================================================
Sidley

Errors:
    - Runtime Error: Failed to find lawyer elements at getLawyersInPage():88 (Error fetching lawyers on page 1) 1x
    - Runtime Error: Failed to find lawyer elements at getLawyersInPage():88 (Error fetching lawyers on page 2) 1x
    - Runtime Error: Failed to find lawyer elements at getLawyersInPage():88 (Error fetching lawyers on page 3) 1x
    - Runtime Error: Failed to find lawyer elements at getLawyersInPage():88 (Error fetching lawyers on page 4) 1x
====================================================================================================

====================================================================================================
BCF Law

Errors:
    - Runtime Error: Failed to find lawyer elements at getLawyersInPage():56 (Error fetching lawyers on page 1) 1x
====================================================================================================

====================================================================================================
Ogletree Deakins

Errors:
    - WebDriver Error: invalid argument at openNewTab():66 (Error reading 12th lawyer at page 1) 1x
====================================================================================================

====================================================================================================
Ritch Mueller

Errors:
    - Runtime Error: Failed to find lawyer elements at getLawyersInPage():43 (Error fetching lawyers on page 1) 1x
    - Runtime Error: Failed to find lawyer elements at getLawyersInPage():43 (Error fetching lawyers on page 2) 1x
    - Runtime Error: Failed to find lawyer elements at getLawyersInPage():43 (Error fetching lawyers on page 3) 1x
====================================================================================================

====================================================================================================
Pulegal

Errors:
    - Runtime Error: Failed to find lawyer elements at getLawyersInPage():52 (Error fetching lawyers on page 1) 1x
====================================================================================================

====================================================================================================
Squire Patton Boggs

Errors:
    - Runtime Error: Failed to find lawyer elements at getLawyersInPage():73 (Error fetching lawyers on page 1) 1x
====================================================================================================

====================================================================================================
KLC Law

Errors:
    - Runtime Error: Failed to find lawyer elements at getLawyersInPage():48 (Error fetching lawyers on page 1) 1x
    - Runtime Error: Failed to find lawyer elements at getLawyersInPage():48 (Error fetching lawyers on page 2) 1x
====================================================================================================

====================================================================================================
BCLP Law

Errors:
    - Runtime Error: Failed to find lawyer elements at getLawyersInPage():65 (Error fetching lawyers on page 10) 1x
====================================================================================================

====================================================================================================
Ashitiva

Errors:
    - WebDriver Error: unknown error: net::ERR_CONNECTION_TIMED_OUT at accessPage():31 (Error accessing page 1) 1x
====================================================================================================

====================================================================================================
Zaki Hashem & Partners

Errors:
    - WebDriver Error: no such element: element not found at openNewTab():83 (Error reading 2th lawyer at page 1) 1x
====================================================================================================

====================================================================================================
Steinmetz Haring Gurman

Errors:
    - Runtime Error: Failed to find lawyer elements at getLawyersInPage():48 (Error fetching lawyers on page 1) 1x
====================================================================================================

====================================================================================================
Haynes And Boone

Errors:
    - Runtime Error: Failed to find lawyer elements at getLawyersInPage():51 (Error fetching lawyers on page 1) 1x
====================================================================================================

====================================================================================================
S Horowitz & Co

Errors:
    - Runtime Error: Failed to find lawyer elements at getLawyersInPage():53 (Error fetching lawyers on page 1) 1x
====================================================================================================

====================================================================================================
Arthur Cox

Errors:
    - Runtime Error: Failed to find lawyer elements at getLawyersInPage():70 (Error fetching lawyers on page 10) 1x
    - Runtime Error: Failed to find lawyer elements at getLawyersInPage():70 (Error fetching lawyers on page 11) 1x
    - Runtime Error: Failed to find lawyer elements at getLawyersInPage():70 (Error fetching lawyers on page 12) 1x
    - Runtime Error: Failed to find lawyer elements at getLawyersInPage():70 (Error fetching lawyers on page 13) 1x
    - Runtime Error: Failed to find lawyer elements at getLawyersInPage():70 (Error fetching lawyers on page 14) 1x
    - Runtime Error: Failed to find lawyer elements at getLawyersInPage():70 (Error fetching lawyers on page 15) 1x
    - Runtime Error: Failed to find lawyer elements at getLawyersInPage():70 (Error fetching lawyers on page 5) 1x
    - Runtime Error: Failed to find lawyer elements at getLawyersInPage():70 (Error fetching lawyers on page 6) 1x
    - Runtime Error: Failed to find lawyer elements at getLawyersInPage():70 (Error fetching lawyers on page 7) 1x
    - Runtime Error: Failed to find lawyer elements at getLawyersInPage():70 (Error fetching lawyers on page 8) 1x
    - Runtime Error: Failed to find lawyer elements at getLawyersInPage():70 (Error fetching lawyers on page 9) 1x
    - WebDriver Error: Build info: version: '4.35.0', revision: '1c58e5028b' at accessPage():41 (Error accessing page 16) 1x
    - WebDriver Error: Build info: version: '4.35.0', revision: '1c58e5028b' at accessPage():41 (Error accessing page 17) 1x
    - WebDriver Error: Build info: version: '4.35.0', revision: '1c58e5028b' at accessPage():41 (Error accessing page 18) 1x
    - WebDriver Error: Build info: version: '4.35.0', revision: '1c58e5028b' at accessPage():41 (Error accessing page 19) 1x
    - WebDriver Error: Build info: version: '4.35.0', revision: '1c58e5028b' at accessPage():41 (Error accessing page 20) 1x
====================================================================================================

====================================================================================================
Morgan Lewis

Errors:
    - WebDriver Error: no such element: Unable to locate element: {"method":"css se at accessPage():82 (Error accessing page 10) 1x
    - WebDriver Error: no such element: Unable to locate element: {"method":"css se at accessPage():82 (Error accessing page 11) 1x
    - WebDriver Error: no such element: Unable to locate element: {"method":"css se at accessPage():82 (Error accessing page 13) 1x
    - WebDriver Error: no such element: Unable to locate element: {"method":"css se at accessPage():82 (Error accessing page 15) 1x
    - WebDriver Error: no such element: Unable to locate element: {"method":"css se at accessPage():82 (Error accessing page 16) 1x
    - WebDriver Error: no such element: Unable to locate element: {"method":"css se at accessPage():82 (Error accessing page 17) 1x
    - WebDriver Error: no such element: Unable to locate element: {"method":"css se at accessPage():82 (Error accessing page 18) 1x
    - WebDriver Error: no such element: Unable to locate element: {"method":"css se at accessPage():82 (Error accessing page 2) 1x
    - WebDriver Error: no such element: Unable to locate element: {"method":"css se at accessPage():82 (Error accessing page 21) 1x
    - WebDriver Error: no such element: Unable to locate element: {"method":"css se at accessPage():82 (Error accessing page 22) 1x
    - WebDriver Error: no such element: Unable to locate element: {"method":"css se at accessPage():82 (Error accessing page 23) 1x
    - WebDriver Error: no such element: Unable to locate element: {"method":"css se at accessPage():82 (Error accessing page 24) 1x
    - WebDriver Error: no such element: Unable to locate element: {"method":"css se at accessPage():82 (Error accessing page 25) 1x
    - WebDriver Error: no such element: Unable to locate element: {"method":"css se at accessPage():82 (Error accessing page 26) 1x
    - WebDriver Error: no such element: Unable to locate element: {"method":"css se at accessPage():82 (Error accessing page 27) 1x
    - WebDriver Error: no such element: Unable to locate element: {"method":"css se at accessPage():82 (Error accessing page 28) 1x
    - WebDriver Error: no such element: Unable to locate element: {"method":"css se at accessPage():82 (Error accessing page 3) 1x
    - WebDriver Error: no such element: Unable to locate element: {"method":"css se at accessPage():82 (Error accessing page 30) 1x
    - WebDriver Error: no such element: Unable to locate element: {"method":"css se at accessPage():82 (Error accessing page 31) 1x
    - WebDriver Error: no such element: Unable to locate element: {"method":"css se at accessPage():82 (Error accessing page 32) 1x
    - WebDriver Error: no such element: Unable to locate element: {"method":"css se at accessPage():82 (Error accessing page 33) 1x
    - WebDriver Error: no such element: Unable to locate element: {"method":"css se at accessPage():82 (Error accessing page 34) 1x
    - WebDriver Error: no such element: Unable to locate element: {"method":"css se at accessPage():82 (Error accessing page 35) 1x
    - WebDriver Error: no such element: Unable to locate element: {"method":"css se at accessPage():82 (Error accessing page 36) 1x
    - WebDriver Error: no such element: Unable to locate element: {"method":"css se at accessPage():82 (Error accessing page 4) 1x
    - WebDriver Error: no such element: Unable to locate element: {"method":"css se at accessPage():82 (Error accessing page 40) 1x
    - WebDriver Error: no such element: Unable to locate element: {"method":"css se at accessPage():82 (Error accessing page 41) 1x
    - WebDriver Error: no such element: Unable to locate element: {"method":"css se at accessPage():82 (Error accessing page 5) 1x
    - WebDriver Error: no such element: Unable to locate element: {"method":"css se at accessPage():82 (Error accessing page 6) 1x
    - WebDriver Error: no such element: Unable to locate element: {"method":"css se at accessPage():82 (Error accessing page 7) 1x
    - WebDriver Error: no such element: Unable to locate element: {"method":"css se at accessPage():82 (Error accessing page 8) 1x
    - WebDriver Error: no such element: Unable to locate element: {"method":"css se at accessPage():82 (Error accessing page 9) 1x
====================================================================================================

====================================================================================================
Vinge

Errors:
    - WebDriver Error: java.net.http.HttpTimeoutException: request timed out (Error accessing page 1) 1x
====================================================================================================

====================================================================================================
Lex Caribbean

Errors:
    - Runtime Error: Failed to find lawyer elements at getLawyersInPage():57 (Error fetching lawyers on page 1) 1x
====================================================================================================

====================================================================================================
Haynes And Boone

Errors:
    - Runtime Error: Failed to find lawyer elements at getLawyersInPage():51 (Error fetching lawyers on page 1) 1x
====================================================================================================

====================================================================================================
Latin Alliance

Errors:
    - Runtime Error: Failed to find lawyer elements at getLawyersInPage():54 (Error fetching lawyers on page 1) 1x
====================================================================================================

====================================================================================================
Ritch Mueller And Nicolau

Errors:
    - Runtime Error: Failed to find lawyer elements at getLawyersInPage():52 (Error fetching lawyers on page 1) 1x
    - Runtime Error: Failed to find lawyer elements at getLawyersInPage():52 (Error fetching lawyers on page 2) 1x
    - Runtime Error: Failed to find lawyer elements at getLawyersInPage():52 (Error fetching lawyers on page 3) 1x
====================================================================================================

====================================================================================================
Szecskay

Errors:
    - WebDriver Error: unknown error: net::ERR_CONNECTION_TIMED_OUT at accessPage():36 (Error accessing page 1) 1x
====================================================================================================

====================================================================================================
Roca Junyent

Errors:
    - WebDriver Error: invalid argument at openNewTab():66 (Error reading 10th lawyer at page 2) 1x
    - WebDriver Error: invalid argument at openNewTab():66 (Error reading 10th lawyer at page 3) 1x
    - WebDriver Error: invalid argument at openNewTab():66 (Error reading 10th lawyer at page 4) 1x
    - WebDriver Error: invalid argument at openNewTab():66 (Error reading 10th lawyer at page 5) 1x
    - WebDriver Error: invalid argument at openNewTab():66 (Error reading 11th lawyer at page 2) 1x
    - WebDriver Error: invalid argument at openNewTab():66 (Error reading 11th lawyer at page 3) 1x
    - WebDriver Error: invalid argument at openNewTab():66 (Error reading 11th lawyer at page 4) 1x
    - WebDriver Error: invalid argument at openNewTab():66 (Error reading 11th lawyer at page 5) 1x
    - WebDriver Error: invalid argument at openNewTab():66 (Error reading 12th lawyer at page 2) 1x
    - WebDriver Error: invalid argument at openNewTab():66 (Error reading 12th lawyer at page 3) 1x
    - WebDriver Error: invalid argument at openNewTab():66 (Error reading 12th lawyer at page 4) 1x
    - WebDriver Error: invalid argument at openNewTab():66 (Error reading 12th lawyer at page 5) 1x
    - WebDriver Error: invalid argument at openNewTab():66 (Error reading 2th lawyer at page 2) 1x
    - WebDriver Error: invalid argument at openNewTab():66 (Error reading 2th lawyer at page 3) 1x
    - WebDriver Error: invalid argument at openNewTab():66 (Error reading 2th lawyer at page 4) 1x
    - WebDriver Error: invalid argument at openNewTab():66 (Error reading 2th lawyer at page 5) 1x
    - WebDriver Error: invalid argument at openNewTab():66 (Error reading 3th lawyer at page 2) 1x
    - WebDriver Error: invalid argument at openNewTab():66 (Error reading 3th lawyer at page 3) 1x
    - WebDriver Error: invalid argument at openNewTab():66 (Error reading 3th lawyer at page 4) 1x
    - WebDriver Error: invalid argument at openNewTab():66 (Error reading 3th lawyer at page 5) 1x
    - WebDriver Error: invalid argument at openNewTab():66 (Error reading 4th lawyer at page 2) 1x
    - WebDriver Error: invalid argument at openNewTab():66 (Error reading 4th lawyer at page 3) 1x
    - WebDriver Error: invalid argument at openNewTab():66 (Error reading 4th lawyer at page 4) 1x
    - WebDriver Error: invalid argument at openNewTab():66 (Error reading 4th lawyer at page 5) 1x
    - WebDriver Error: invalid argument at openNewTab():66 (Error reading 5th lawyer at page 2) 1x
    - WebDriver Error: invalid argument at openNewTab():66 (Error reading 5th lawyer at page 3) 1x
    - WebDriver Error: invalid argument at openNewTab():66 (Error reading 5th lawyer at page 4) 1x
    - WebDriver Error: invalid argument at openNewTab():66 (Error reading 5th lawyer at page 5) 1x
    - WebDriver Error: invalid argument at openNewTab():66 (Error reading 6th lawyer at page 2) 1x
    - WebDriver Error: invalid argument at openNewTab():66 (Error reading 6th lawyer at page 3) 1x
    - WebDriver Error: invalid argument at openNewTab():66 (Error reading 6th lawyer at page 4) 1x
    - WebDriver Error: invalid argument at openNewTab():66 (Error reading 6th lawyer at page 5) 1x
    - WebDriver Error: invalid argument at openNewTab():66 (Error reading 7th lawyer at page 2) 1x
    - WebDriver Error: invalid argument at openNewTab():66 (Error reading 7th lawyer at page 3) 1x
    - WebDriver Error: invalid argument at openNewTab():66 (Error reading 7th lawyer at page 4) 1x
    - WebDriver Error: invalid argument at openNewTab():66 (Error reading 7th lawyer at page 5) 1x
    - WebDriver Error: invalid argument at openNewTab():66 (Error reading 8th lawyer at page 2) 1x
    - WebDriver Error: invalid argument at openNewTab():66 (Error reading 8th lawyer at page 3) 1x
    - WebDriver Error: invalid argument at openNewTab():66 (Error reading 8th lawyer at page 4) 1x
    - WebDriver Error: invalid argument at openNewTab():66 (Error reading 8th lawyer at page 5) 1x
    - WebDriver Error: invalid argument at openNewTab():66 (Error reading 9th lawyer at page 2) 1x
    - WebDriver Error: invalid argument at openNewTab():66 (Error reading 9th lawyer at page 3) 1x
    - WebDriver Error: invalid argument at openNewTab():66 (Error reading 9th lawyer at page 4) 1x
    - WebDriver Error: invalid argument at openNewTab():66 (Error reading 9th lawyer at page 5) 1x
====================================================================================================

====================================================================================================
Fangda Partners

Errors:
    - WebDriver Error: no such element: Unable to locate element: {"method":"xpath" at accessPage():39 (Error accessing page 1) 1x
====================================================================================================

====================================================================================================
Werksmans

Errors:
    - WebDriver Error: no such element: Unable to locate element: {"method":"xpath" at getPracticeArea():86 (Error reading 100th lawyer at page 1) 1x
    - WebDriver Error: no such element: Unable to locate element: {"method":"xpath" at getPracticeArea():86 (Error reading 101th lawyer at page 1) 1x
    - WebDriver Error: no such element: Unable to locate element: {"method":"xpath" at getPracticeArea():86 (Error reading 102th lawyer at page 1) 1x
    - WebDriver Error: no such element: Unable to locate element: {"method":"xpath" at getPracticeArea():86 (Error reading 103th lawyer at page 1) 1x
    - WebDriver Error: no such element: Unable to locate element: {"method":"xpath" at getPracticeArea():86 (Error reading 104th lawyer at page 1) 1x
    - WebDriver Error: no such element: Unable to locate element: {"method":"xpath" at getPracticeArea():86 (Error reading 105th lawyer at page 1) 1x
    - WebDriver Error: no such element: Unable to locate element: {"method":"xpath" at getPracticeArea():86 (Error reading 106th lawyer at page 1) 1x
    - WebDriver Error: no such element: Unable to locate element: {"method":"xpath" at getPracticeArea():86 (Error reading 107th lawyer at page 1) 1x
    - WebDriver Error: no such element: Unable to locate element: {"method":"xpath" at getPracticeArea():86 (Error reading 108th lawyer at page 1) 1x
    - WebDriver Error: no such element: Unable to locate element: {"method":"xpath" at getPracticeArea():86 (Error reading 109th lawyer at page 1) 1x
    - WebDriver Error: no such element: Unable to locate element: {"method":"xpath" at getPracticeArea():86 (Error reading 10th lawyer at page 1) 1x
    - WebDriver Error: no such element: Unable to locate element: {"method":"xpath" at getPracticeArea():86 (Error reading 110th lawyer at page 1) 1x
    - WebDriver Error: no such element: Unable to locate element: {"method":"xpath" at getPracticeArea():86 (Error reading 111th lawyer at page 1) 1x
    - WebDriver Error: no such element: Unable to locate element: {"method":"xpath" at getPracticeArea():86 (Error reading 112th lawyer at page 1) 1x
    - WebDriver Error: no such element: Unable to locate element: {"method":"xpath" at getPracticeArea():86 (Error reading 113th lawyer at page 1) 1x
    - WebDriver Error: no such element: Unable to locate element: {"method":"xpath" at getPracticeArea():86 (Error reading 114th lawyer at page 1) 1x
    - WebDriver Error: no such element: Unable to locate element: {"method":"xpath" at getPracticeArea():86 (Error reading 115th lawyer at page 1) 1x
    - WebDriver Error: no such element: Unable to locate element: {"method":"xpath" at getPracticeArea():86 (Error reading 116th lawyer at page 1) 1x
    - WebDriver Error: no such element: Unable to locate element: {"method":"xpath" at getPracticeArea():86 (Error reading 117th lawyer at page 1) 1x
    - WebDriver Error: no such element: Unable to locate element: {"method":"xpath" at getPracticeArea():86 (Error reading 118th lawyer at page 1) 1x
    - WebDriver Error: no such element: Unable to locate element: {"method":"xpath" at getPracticeArea():86 (Error reading 119th lawyer at page 1) 1x
    - WebDriver Error: no such element: Unable to locate element: {"method":"xpath" at getPracticeArea():86 (Error reading 11th lawyer at page 1) 1x
    - WebDriver Error: no such element: Unable to locate element: {"method":"xpath" at getPracticeArea():86 (Error reading 120th lawyer at page 1) 1x
    - WebDriver Error: no such element: Unable to locate element: {"method":"xpath" at getPracticeArea():86 (Error reading 121th lawyer at page 1) 1x
    - WebDriver Error: no such element: Unable to locate element: {"method":"xpath" at getPracticeArea():86 (Error reading 122th lawyer at page 1) 1x
    - WebDriver Error: no such element: Unable to locate element: {"method":"xpath" at getPracticeArea():86 (Error reading 123th lawyer at page 1) 1x
    - WebDriver Error: no such element: Unable to locate element: {"method":"xpath" at getPracticeArea():86 (Error reading 124th lawyer at page 1) 1x
    - WebDriver Error: no such element: Unable to locate element: {"method":"xpath" at getPracticeArea():86 (Error reading 125th lawyer at page 1) 1x
    - WebDriver Error: no such element: Unable to locate element: {"method":"xpath" at getPracticeArea():86 (Error reading 126th lawyer at page 1) 1x
    - WebDriver Error: no such element: Unable to locate element: {"method":"xpath" at getPracticeArea():86 (Error reading 127th lawyer at page 1) 1x
    - WebDriver Error: no such element: Unable to locate element: {"method":"xpath" at getPracticeArea():86 (Error reading 128th lawyer at page 1) 1x
    - WebDriver Error: no such element: Unable to locate element: {"method":"xpath" at getPracticeArea():86 (Error reading 129th lawyer at page 1) 1x
    - WebDriver Error: no such element: Unable to locate element: {"method":"xpath" at getPracticeArea():86 (Error reading 12th lawyer at page 1) 1x
    - WebDriver Error: no such element: Unable to locate element: {"method":"xpath" at getPracticeArea():86 (Error reading 130th lawyer at page 1) 1x
    - WebDriver Error: no such element: Unable to locate element: {"method":"xpath" at getPracticeArea():86 (Error reading 131th lawyer at page 1) 1x
    - WebDriver Error: no such element: Unable to locate element: {"method":"xpath" at getPracticeArea():86 (Error reading 132th lawyer at page 1) 1x
    - WebDriver Error: no such element: Unable to locate element: {"method":"xpath" at getPracticeArea():86 (Error reading 133th lawyer at page 1) 1x
    - WebDriver Error: no such element: Unable to locate element: {"method":"xpath" at getPracticeArea():86 (Error reading 134th lawyer at page 1) 1x
    - WebDriver Error: no such element: Unable to locate element: {"method":"xpath" at getPracticeArea():86 (Error reading 135th lawyer at page 1) 1x
    - WebDriver Error: no such element: Unable to locate element: {"method":"xpath" at getPracticeArea():86 (Error reading 136th lawyer at page 1) 1x
    - WebDriver Error: no such element: Unable to locate element: {"method":"xpath" at getPracticeArea():86 (Error reading 137th lawyer at page 1) 1x
    - WebDriver Error: no such element: Unable to locate element: {"method":"xpath" at getPracticeArea():86 (Error reading 138th lawyer at page 1) 1x
    - WebDriver Error: no such element: Unable to locate element: {"method":"xpath" at getPracticeArea():86 (Error reading 139th lawyer at page 1) 1x
    - WebDriver Error: no such element: Unable to locate element: {"method":"xpath" at getPracticeArea():86 (Error reading 13th lawyer at page 1) 1x
    - WebDriver Error: no such element: Unable to locate element: {"method":"xpath" at getPracticeArea():86 (Error reading 140th lawyer at page 1) 1x
    - WebDriver Error: no such element: Unable to locate element: {"method":"xpath" at getPracticeArea():86 (Error reading 141th lawyer at page 1) 1x
    - WebDriver Error: no such element: Unable to locate element: {"method":"xpath" at getPracticeArea():86 (Error reading 142th lawyer at page 1) 1x
    - WebDriver Error: no such element: Unable to locate element: {"method":"xpath" at getPracticeArea():86 (Error reading 143th lawyer at page 1) 1x
    - WebDriver Error: no such element: Unable to locate element: {"method":"xpath" at getPracticeArea():86 (Error reading 144th lawyer at page 1) 1x
    - WebDriver Error: no such element: Unable to locate element: {"method":"xpath" at getPracticeArea():86 (Error reading 145th lawyer at page 1) 1x
    - WebDriver Error: no such element: Unable to locate element: {"method":"xpath" at getPracticeArea():86 (Error reading 146th lawyer at page 1) 1x
    - WebDriver Error: no such element: Unable to locate element: {"method":"xpath" at getPracticeArea():86 (Error reading 147th lawyer at page 1) 1x
    - WebDriver Error: no such element: Unable to locate element: {"method":"xpath" at getPracticeArea():86 (Error reading 148th lawyer at page 1) 1x
    - WebDriver Error: no such element: Unable to locate element: {"method":"xpath" at getPracticeArea():86 (Error reading 149th lawyer at page 1) 1x
    - WebDriver Error: no such element: Unable to locate element: {"method":"xpath" at getPracticeArea():86 (Error reading 14th lawyer at page 1) 1x
    - WebDriver Error: no such element: Unable to locate element: {"method":"xpath" at getPracticeArea():86 (Error reading 150th lawyer at page 1) 1x
    - WebDriver Error: no such element: Unable to locate element: {"method":"xpath" at getPracticeArea():86 (Error reading 151th lawyer at page 1) 1x
    - WebDriver Error: no such element: Unable to locate element: {"method":"xpath" at getPracticeArea():86 (Error reading 152th lawyer at page 1) 1x
    - WebDriver Error: no such element: Unable to locate element: {"method":"xpath" at getPracticeArea():86 (Error reading 153th lawyer at page 1) 1x
    - WebDriver Error: no such element: Unable to locate element: {"method":"xpath" at getPracticeArea():86 (Error reading 154th lawyer at page 1) 1x
    - WebDriver Error: no such element: Unable to locate element: {"method":"xpath" at getPracticeArea():86 (Error reading 155th lawyer at page 1) 1x
    - WebDriver Error: no such element: Unable to locate element: {"method":"xpath" at getPracticeArea():86 (Error reading 15th lawyer at page 1) 1x
    - WebDriver Error: no such element: Unable to locate element: {"method":"xpath" at getPracticeArea():86 (Error reading 16th lawyer at page 1) 1x
    - WebDriver Error: no such element: Unable to locate element: {"method":"xpath" at getPracticeArea():86 (Error reading 17th lawyer at page 1) 1x
    - WebDriver Error: no such element: Unable to locate element: {"method":"xpath" at getPracticeArea():86 (Error reading 18th lawyer at page 1) 1x
    - WebDriver Error: no such element: Unable to locate element: {"method":"xpath" at getPracticeArea():86 (Error reading 19th lawyer at page 1) 1x
    - WebDriver Error: no such element: Unable to locate element: {"method":"xpath" at getPracticeArea():86 (Error reading 1th lawyer at page 1) 1x
    - WebDriver Error: no such element: Unable to locate element: {"method":"xpath" at getPracticeArea():86 (Error reading 20th lawyer at page 1) 1x
    - WebDriver Error: no such element: Unable to locate element: {"method":"xpath" at getPracticeArea():86 (Error reading 21th lawyer at page 1) 1x
    - WebDriver Error: no such element: Unable to locate element: {"method":"xpath" at getPracticeArea():86 (Error reading 22th lawyer at page 1) 1x
    - WebDriver Error: no such element: Unable to locate element: {"method":"xpath" at getPracticeArea():86 (Error reading 23th lawyer at page 1) 1x
    - WebDriver Error: no such element: Unable to locate element: {"method":"xpath" at getPracticeArea():86 (Error reading 24th lawyer at page 1) 1x
    - WebDriver Error: no such element: Unable to locate element: {"method":"xpath" at getPracticeArea():86 (Error reading 25th lawyer at page 1) 1x
    - WebDriver Error: no such element: Unable to locate element: {"method":"xpath" at getPracticeArea():86 (Error reading 26th lawyer at page 1) 1x
    - WebDriver Error: no such element: Unable to locate element: {"method":"xpath" at getPracticeArea():86 (Error reading 27th lawyer at page 1) 1x
    - WebDriver Error: no such element: Unable to locate element: {"method":"xpath" at getPracticeArea():86 (Error reading 28th lawyer at page 1) 1x
    - WebDriver Error: no such element: Unable to locate element: {"method":"xpath" at getPracticeArea():86 (Error reading 29th lawyer at page 1) 1x
    - WebDriver Error: no such element: Unable to locate element: {"method":"xpath" at getPracticeArea():86 (Error reading 2th lawyer at page 1) 1x
    - WebDriver Error: no such element: Unable to locate element: {"method":"xpath" at getPracticeArea():86 (Error reading 30th lawyer at page 1) 1x
    - WebDriver Error: no such element: Unable to locate element: {"method":"xpath" at getPracticeArea():86 (Error reading 31th lawyer at page 1) 1x
    - WebDriver Error: no such element: Unable to locate element: {"method":"xpath" at getPracticeArea():86 (Error reading 32th lawyer at page 1) 1x
    - WebDriver Error: no such element: Unable to locate element: {"method":"xpath" at getPracticeArea():86 (Error reading 33th lawyer at page 1) 1x
    - WebDriver Error: no such element: Unable to locate element: {"method":"xpath" at getPracticeArea():86 (Error reading 34th lawyer at page 1) 1x
    - WebDriver Error: no such element: Unable to locate element: {"method":"xpath" at getPracticeArea():86 (Error reading 35th lawyer at page 1) 1x
    - WebDriver Error: no such element: Unable to locate element: {"method":"xpath" at getPracticeArea():86 (Error reading 36th lawyer at page 1) 1x
    - WebDriver Error: no such element: Unable to locate element: {"method":"xpath" at getPracticeArea():86 (Error reading 37th lawyer at page 1) 1x
    - WebDriver Error: no such element: Unable to locate element: {"method":"xpath" at getPracticeArea():86 (Error reading 38th lawyer at page 1) 1x
    - WebDriver Error: no such element: Unable to locate element: {"method":"xpath" at getPracticeArea():86 (Error reading 39th lawyer at page 1) 1x
    - WebDriver Error: no such element: Unable to locate element: {"method":"xpath" at getPracticeArea():86 (Error reading 3th lawyer at page 1) 1x
    - WebDriver Error: no such element: Unable to locate element: {"method":"xpath" at getPracticeArea():86 (Error reading 40th lawyer at page 1) 1x
    - WebDriver Error: no such element: Unable to locate element: {"method":"xpath" at getPracticeArea():86 (Error reading 41th lawyer at page 1) 1x
    - WebDriver Error: no such element: Unable to locate element: {"method":"xpath" at getPracticeArea():86 (Error reading 42th lawyer at page 1) 1x
    - WebDriver Error: no such element: Unable to locate element: {"method":"xpath" at getPracticeArea():86 (Error reading 43th lawyer at page 1) 1x
    - WebDriver Error: no such element: Unable to locate element: {"method":"xpath" at getPracticeArea():86 (Error reading 44th lawyer at page 1) 1x
    - WebDriver Error: no such element: Unable to locate element: {"method":"xpath" at getPracticeArea():86 (Error reading 45th lawyer at page 1) 1x
    - WebDriver Error: no such element: Unable to locate element: {"method":"xpath" at getPracticeArea():86 (Error reading 46th lawyer at page 1) 1x
    - WebDriver Error: no such element: Unable to locate element: {"method":"xpath" at getPracticeArea():86 (Error reading 47th lawyer at page 1) 1x
    - WebDriver Error: no such element: Unable to locate element: {"method":"xpath" at getPracticeArea():86 (Error reading 48th lawyer at page 1) 1x
    - WebDriver Error: no such element: Unable to locate element: {"method":"xpath" at getPracticeArea():86 (Error reading 49th lawyer at page 1) 1x
    - WebDriver Error: no such element: Unable to locate element: {"method":"xpath" at getPracticeArea():86 (Error reading 4th lawyer at page 1) 1x
    - WebDriver Error: no such element: Unable to locate element: {"method":"xpath" at getPracticeArea():86 (Error reading 50th lawyer at page 1) 1x
    - WebDriver Error: no such element: Unable to locate element: {"method":"xpath" at getPracticeArea():86 (Error reading 51th lawyer at page 1) 1x
    - WebDriver Error: no such element: Unable to locate element: {"method":"xpath" at getPracticeArea():86 (Error reading 52th lawyer at page 1) 1x
    - WebDriver Error: no such element: Unable to locate element: {"method":"xpath" at getPracticeArea():86 (Error reading 53th lawyer at page 1) 1x
    - WebDriver Error: no such element: Unable to locate element: {"method":"xpath" at getPracticeArea():86 (Error reading 54th lawyer at page 1) 1x
    - WebDriver Error: no such element: Unable to locate element: {"method":"xpath" at getPracticeArea():86 (Error reading 55th lawyer at page 1) 1x
    - WebDriver Error: no such element: Unable to locate element: {"method":"xpath" at getPracticeArea():86 (Error reading 56th lawyer at page 1) 1x
    - WebDriver Error: no such element: Unable to locate element: {"method":"xpath" at getPracticeArea():86 (Error reading 57th lawyer at page 1) 1x
    - WebDriver Error: no such element: Unable to locate element: {"method":"xpath" at getPracticeArea():86 (Error reading 58th lawyer at page 1) 1x
    - WebDriver Error: no such element: Unable to locate element: {"method":"xpath" at getPracticeArea():86 (Error reading 59th lawyer at page 1) 1x
    - WebDriver Error: no such element: Unable to locate element: {"method":"xpath" at getPracticeArea():86 (Error reading 5th lawyer at page 1) 1x
    - WebDriver Error: no such element: Unable to locate element: {"method":"xpath" at getPracticeArea():86 (Error reading 60th lawyer at page 1) 1x
    - WebDriver Error: no such element: Unable to locate element: {"method":"xpath" at getPracticeArea():86 (Error reading 61th lawyer at page 1) 1x
    - WebDriver Error: no such element: Unable to locate element: {"method":"xpath" at getPracticeArea():86 (Error reading 62th lawyer at page 1) 1x
    - WebDriver Error: no such element: Unable to locate element: {"method":"xpath" at getPracticeArea():86 (Error reading 63th lawyer at page 1) 1x
    - WebDriver Error: no such element: Unable to locate element: {"method":"xpath" at getPracticeArea():86 (Error reading 64th lawyer at page 1) 1x
    - WebDriver Error: no such element: Unable to locate element: {"method":"xpath" at getPracticeArea():86 (Error reading 65th lawyer at page 1) 1x
    - WebDriver Error: no such element: Unable to locate element: {"method":"xpath" at getPracticeArea():86 (Error reading 66th lawyer at page 1) 1x
    - WebDriver Error: no such element: Unable to locate element: {"method":"xpath" at getPracticeArea():86 (Error reading 67th lawyer at page 1) 1x
    - WebDriver Error: no such element: Unable to locate element: {"method":"xpath" at getPracticeArea():86 (Error reading 68th lawyer at page 1) 1x
    - WebDriver Error: no such element: Unable to locate element: {"method":"xpath" at getPracticeArea():86 (Error reading 69th lawyer at page 1) 1x
    - WebDriver Error: no such element: Unable to locate element: {"method":"xpath" at getPracticeArea():86 (Error reading 6th lawyer at page 1) 1x
    - WebDriver Error: no such element: Unable to locate element: {"method":"xpath" at getPracticeArea():86 (Error reading 70th lawyer at page 1) 1x
    - WebDriver Error: no such element: Unable to locate element: {"method":"xpath" at getPracticeArea():86 (Error reading 71th lawyer at page 1) 1x
    - WebDriver Error: no such element: Unable to locate element: {"method":"xpath" at getPracticeArea():86 (Error reading 72th lawyer at page 1) 1x
    - WebDriver Error: no such element: Unable to locate element: {"method":"xpath" at getPracticeArea():86 (Error reading 73th lawyer at page 1) 1x
    - WebDriver Error: no such element: Unable to locate element: {"method":"xpath" at getPracticeArea():86 (Error reading 74th lawyer at page 1) 1x
    - WebDriver Error: no such element: Unable to locate element: {"method":"xpath" at getPracticeArea():86 (Error reading 75th lawyer at page 1) 1x
    - WebDriver Error: no such element: Unable to locate element: {"method":"xpath" at getPracticeArea():86 (Error reading 76th lawyer at page 1) 1x
    - WebDriver Error: no such element: Unable to locate element: {"method":"xpath" at getPracticeArea():86 (Error reading 77th lawyer at page 1) 1x
    - WebDriver Error: no such element: Unable to locate element: {"method":"xpath" at getPracticeArea():86 (Error reading 78th lawyer at page 1) 1x
    - WebDriver Error: no such element: Unable to locate element: {"method":"xpath" at getPracticeArea():86 (Error reading 79th lawyer at page 1) 1x
    - WebDriver Error: no such element: Unable to locate element: {"method":"xpath" at getPracticeArea():86 (Error reading 7th lawyer at page 1) 1x
    - WebDriver Error: no such element: Unable to locate element: {"method":"xpath" at getPracticeArea():86 (Error reading 80th lawyer at page 1) 1x
    - WebDriver Error: no such element: Unable to locate element: {"method":"xpath" at getPracticeArea():86 (Error reading 81th lawyer at page 1) 1x
    - WebDriver Error: no such element: Unable to locate element: {"method":"xpath" at getPracticeArea():86 (Error reading 82th lawyer at page 1) 1x
    - WebDriver Error: no such element: Unable to locate element: {"method":"xpath" at getPracticeArea():86 (Error reading 83th lawyer at page 1) 1x
    - WebDriver Error: no such element: Unable to locate element: {"method":"xpath" at getPracticeArea():86 (Error reading 84th lawyer at page 1) 1x
    - WebDriver Error: no such element: Unable to locate element: {"method":"xpath" at getPracticeArea():86 (Error reading 85th lawyer at page 1) 1x
    - WebDriver Error: no such element: Unable to locate element: {"method":"xpath" at getPracticeArea():86 (Error reading 86th lawyer at page 1) 1x
    - WebDriver Error: no such element: Unable to locate element: {"method":"xpath" at getPracticeArea():86 (Error reading 87th lawyer at page 1) 1x
    - WebDriver Error: no such element: Unable to locate element: {"method":"xpath" at getPracticeArea():86 (Error reading 88th lawyer at page 1) 1x
    - WebDriver Error: no such element: Unable to locate element: {"method":"xpath" at getPracticeArea():86 (Error reading 89th lawyer at page 1) 1x
    - WebDriver Error: no such element: Unable to locate element: {"method":"xpath" at getPracticeArea():86 (Error reading 8th lawyer at page 1) 1x
    - WebDriver Error: no such element: Unable to locate element: {"method":"xpath" at getPracticeArea():86 (Error reading 90th lawyer at page 1) 1x
    - WebDriver Error: no such element: Unable to locate element: {"method":"xpath" at getPracticeArea():86 (Error reading 91th lawyer at page 1) 1x
    - WebDriver Error: no such element: Unable to locate element: {"method":"xpath" at getPracticeArea():86 (Error reading 92th lawyer at page 1) 1x
    - WebDriver Error: no such element: Unable to locate element: {"method":"xpath" at getPracticeArea():86 (Error reading 93th lawyer at page 1) 1x
    - WebDriver Error: no such element: Unable to locate element: {"method":"xpath" at getPracticeArea():86 (Error reading 94th lawyer at page 1) 1x
    - WebDriver Error: no such element: Unable to locate element: {"method":"xpath" at getPracticeArea():86 (Error reading 95th lawyer at page 1) 1x
    - WebDriver Error: no such element: Unable to locate element: {"method":"xpath" at getPracticeArea():86 (Error reading 96th lawyer at page 1) 1x
    - WebDriver Error: no such element: Unable to locate element: {"method":"xpath" at getPracticeArea():86 (Error reading 97th lawyer at page 1) 1x
    - WebDriver Error: no such element: Unable to locate element: {"method":"xpath" at getPracticeArea():86 (Error reading 98th lawyer at page 1) 1x
    - WebDriver Error: no such element: Unable to locate element: {"method":"xpath" at getPracticeArea():86 (Error reading 99th lawyer at page 1) 1x
    - WebDriver Error: no such element: Unable to locate element: {"method":"xpath" at getPracticeArea():86 (Error reading 9th lawyer at page 1) 1x
====================================================================================================

====================================================================================================
PM&P

Errors:
    - WebDriver Error: unknown error: unsupported protocol at openNewTab():45 (Error reading 5th lawyer at page 1) 1x
====================================================================================================

====================================================================================================
KLC Law

Errors:
    - Runtime Error: Failed to find lawyer elements at getLawyersInPage():48 (Error fetching lawyers on page 1) 1x
    - Runtime Error: Failed to find lawyer elements at getLawyersInPage():48 (Error fetching lawyers on page 2) 1x
====================================================================================================

====================================================================================================
Hill Dickinson

Errors:
    - Runtime Error: Failed to find lawyer elements at getLawyersInPage():63 (Error fetching lawyers on page 10) 1x
    - Runtime Error: Failed to find lawyer elements at getLawyersInPage():63 (Error fetching lawyers on page 11) 1x
    - Runtime Error: Failed to find lawyer elements at getLawyersInPage():63 (Error fetching lawyers on page 12) 1x
    - Runtime Error: Failed to find lawyer elements at getLawyersInPage():63 (Error fetching lawyers on page 13) 1x
    - Runtime Error: Failed to find lawyer elements at getLawyersInPage():63 (Error fetching lawyers on page 2) 1x
    - Runtime Error: Failed to find lawyer elements at getLawyersInPage():63 (Error fetching lawyers on page 3) 1x
    - Runtime Error: Failed to find lawyer elements at getLawyersInPage():63 (Error fetching lawyers on page 4) 1x
    - Runtime Error: Failed to find lawyer elements at getLawyersInPage():63 (Error fetching lawyers on page 5) 1x
    - Runtime Error: Failed to find lawyer elements at getLawyersInPage():63 (Error fetching lawyers on page 6) 1x
    - Runtime Error: Failed to find lawyer elements at getLawyersInPage():63 (Error fetching lawyers on page 7) 1x
    - Runtime Error: Failed to find lawyer elements at getLawyersInPage():63 (Error fetching lawyers on page 8) 1x
    - Runtime Error: Failed to find lawyer elements at getLawyersInPage():63 (Error fetching lawyers on page 9) 1x
    - WebDriver Error: Expected condition failed: waiting for presence of element l at accessPage():50 (Error accessing page 1) 1x
====================================================================================================

====================================================================================================
Langseth Advokat

Errors:
    - Runtime Error: Failed to find lawyer elements at getLawyersInPage():48 (Error fetching lawyers on page 1) 1x
====================================================================================================

====================================================================================================
elih And Partnerji

Errors:
    - Runtime Error: Failed to find lawyer elements at getLawyersInPage():49 (Error fetching lawyers on page 1) 1x
====================================================================================================

====================================================================================================
Garcia Bodan

Errors:
    - Runtime Error: Failed to find lawyer elements at getLawyersInPage():69 (Error fetching lawyers on page 1) 1x
====================================================================================================

====================================================================================================
Myers Fletcher And Gordon

Errors:
    - Runtime Error: Failed to find lawyer elements at getLawyersInPage():59 (Error fetching lawyers on page 1) 1x
====================================================================================================

====================================================================================================
Morgan Lewis

Errors:
    - WebDriver Error: no such element: Unable to locate element: {"method":"css se at accessPage():82 (Error accessing page 10) 1x
    - WebDriver Error: no such element: Unable to locate element: {"method":"css se at accessPage():82 (Error accessing page 11) 1x
    - WebDriver Error: no such element: Unable to locate element: {"method":"css se at accessPage():82 (Error accessing page 12) 1x
    - WebDriver Error: no such element: Unable to locate element: {"method":"css se at accessPage():82 (Error accessing page 13) 1x
    - WebDriver Error: no such element: Unable to locate element: {"method":"css se at accessPage():82 (Error accessing page 14) 1x
    - WebDriver Error: no such element: Unable to locate element: {"method":"css se at accessPage():82 (Error accessing page 15) 1x
    - WebDriver Error: no such element: Unable to locate element: {"method":"css se at accessPage():82 (Error accessing page 18) 1x
    - WebDriver Error: no such element: Unable to locate element: {"method":"css se at accessPage():82 (Error accessing page 19) 1x
    - WebDriver Error: no such element: Unable to locate element: {"method":"css se at accessPage():82 (Error accessing page 2) 1x
    - WebDriver Error: no such element: Unable to locate element: {"method":"css se at accessPage():82 (Error accessing page 20) 1x
    - WebDriver Error: no such element: Unable to locate element: {"method":"css se at accessPage():82 (Error accessing page 21) 1x
    - WebDriver Error: no such element: Unable to locate element: {"method":"css se at accessPage():82 (Error accessing page 22) 1x
    - WebDriver Error: no such element: Unable to locate element: {"method":"css se at accessPage():82 (Error accessing page 23) 1x
    - WebDriver Error: no such element: Unable to locate element: {"method":"css se at accessPage():82 (Error accessing page 25) 1x
    - WebDriver Error: no such element: Unable to locate element: {"method":"css se at accessPage():82 (Error accessing page 26) 1x
    - WebDriver Error: no such element: Unable to locate element: {"method":"css se at accessPage():82 (Error accessing page 27) 1x
    - WebDriver Error: no such element: Unable to locate element: {"method":"css se at accessPage():82 (Error accessing page 28) 1x
    - WebDriver Error: no such element: Unable to locate element: {"method":"css se at accessPage():82 (Error accessing page 3) 1x
    - WebDriver Error: no such element: Unable to locate element: {"method":"css se at accessPage():82 (Error accessing page 30) 1x
    - WebDriver Error: no such element: Unable to locate element: {"method":"css se at accessPage():82 (Error accessing page 31) 1x
    - WebDriver Error: no such element: Unable to locate element: {"method":"css se at accessPage():82 (Error accessing page 34) 1x
    - WebDriver Error: no such element: Unable to locate element: {"method":"css se at accessPage():82 (Error accessing page 36) 1x
    - WebDriver Error: no such element: Unable to locate element: {"method":"css se at accessPage():82 (Error accessing page 37) 1x
    - WebDriver Error: no such element: Unable to locate element: {"method":"css se at accessPage():82 (Error accessing page 38) 1x
    - WebDriver Error: no such element: Unable to locate element: {"method":"css se at accessPage():82 (Error accessing page 4) 1x
    - WebDriver Error: no such element: Unable to locate element: {"method":"css se at accessPage():82 (Error accessing page 40) 1x
    - WebDriver Error: no such element: Unable to locate element: {"method":"css se at accessPage():82 (Error accessing page 41) 1x
    - WebDriver Error: no such element: Unable to locate element: {"method":"css se at accessPage():82 (Error accessing page 5) 1x
    - WebDriver Error: no such element: Unable to locate element: {"method":"css se at accessPage():82 (Error accessing page 6) 1x
    - WebDriver Error: no such element: Unable to locate element: {"method":"css se at accessPage():82 (Error accessing page 7) 1x
====================================================================================================

====================================================================================================
LEFOSSE

Errors:
    - Runtime Error: Failed to find lawyer elements at getLawyersInPage():52 (Error fetching lawyers on page 1) 1x
    - Runtime Error: Failed to find lawyer elements at getLawyersInPage():52 (Error fetching lawyers on page 10) 1x
    - Runtime Error: Failed to find lawyer elements at getLawyersInPage():52 (Error fetching lawyers on page 11) 1x
    - Runtime Error: Failed to find lawyer elements at getLawyersInPage():52 (Error fetching lawyers on page 2) 1x
    - Runtime Error: Failed to find lawyer elements at getLawyersInPage():52 (Error fetching lawyers on page 3) 1x
    - Runtime Error: Failed to find lawyer elements at getLawyersInPage():52 (Error fetching lawyers on page 4) 1x
    - Runtime Error: Failed to find lawyer elements at getLawyersInPage():52 (Error fetching lawyers on page 5) 1x
    - Runtime Error: Failed to find lawyer elements at getLawyersInPage():52 (Error fetching lawyers on page 6) 1x
    - Runtime Error: Failed to find lawyer elements at getLawyersInPage():52 (Error fetching lawyers on page 7) 1x
    - Runtime Error: Failed to find lawyer elements at getLawyersInPage():52 (Error fetching lawyers on page 8) 1x
    - Runtime Error: Failed to find lawyer elements at getLawyersInPage():52 (Error fetching lawyers on page 9) 1x
====================================================================================================

====================================================================================================
Moore Legal Kovcs

Errors:
    - Runtime Error: Failed to find lawyer elements at getLawyersInPage():45 (Error fetching lawyers on page 1) 1x
====================================================================================================

====================================================================================================
Arthur Cox

Errors:
    - Runtime Error: Failed to find lawyer elements at getLawyersInPage():70 (Error fetching lawyers on page 10) 1x
    - Runtime Error: Failed to find lawyer elements at getLawyersInPage():70 (Error fetching lawyers on page 11) 1x
    - Runtime Error: Failed to find lawyer elements at getLawyersInPage():70 (Error fetching lawyers on page 12) 1x
    - Runtime Error: Failed to find lawyer elements at getLawyersInPage():70 (Error fetching lawyers on page 13) 1x
    - Runtime Error: Failed to find lawyer elements at getLawyersInPage():70 (Error fetching lawyers on page 14) 1x
    - Runtime Error: Failed to find lawyer elements at getLawyersInPage():70 (Error fetching lawyers on page 15) 1x
    - Runtime Error: Failed to find lawyer elements at getLawyersInPage():70 (Error fetching lawyers on page 16) 1x
    - Runtime Error: Failed to find lawyer elements at getLawyersInPage():70 (Error fetching lawyers on page 5) 1x
    - Runtime Error: Failed to find lawyer elements at getLawyersInPage():70 (Error fetching lawyers on page 6) 1x
    - Runtime Error: Failed to find lawyer elements at getLawyersInPage():70 (Error fetching lawyers on page 7) 1x
    - Runtime Error: Failed to find lawyer elements at getLawyersInPage():70 (Error fetching lawyers on page 8) 1x
    - Runtime Error: Failed to find lawyer elements at getLawyersInPage():70 (Error fetching lawyers on page 9) 1x
    - WebDriver Error: Build info: version: '4.35.0', revision: '1c58e5028b' at accessPage():41 (Error accessing page 17) 1x
    - WebDriver Error: Build info: version: '4.35.0', revision: '1c58e5028b' at accessPage():41 (Error accessing page 18) 1x
    - WebDriver Error: Build info: version: '4.35.0', revision: '1c58e5028b' at accessPage():41 (Error accessing page 19) 1x
    - WebDriver Error: Build info: version: '4.35.0', revision: '1c58e5028b' at accessPage():41 (Error accessing page 20) 1x
====================================================================================================

====================================================================================================
Ogletree Deakins

Errors:
    - WebDriver Error: invalid argument at openNewTab():66 (Error reading 12th lawyer at page 1) 1x
====================================================================================================

====================================================================================================
Ashitiva

Errors:
    - WebDriver Error: unknown error: net::ERR_CONNECTION_TIMED_OUT at accessPage():31 (Error accessing page 1) 1x
====================================================================================================

====================================================================================================
Nova Law

Errors:
    - WebDriver Error: no such element: Unable to locate element: {"method":"css se at getLink():57 (Error reading 10th lawyer at page 1) 1x
    - WebDriver Error: no such element: Unable to locate element: {"method":"css se at getLink():57 (Error reading 11th lawyer at page 1) 1x
    - WebDriver Error: no such element: Unable to locate element: {"method":"css se at getLink():57 (Error reading 12th lawyer at page 1) 1x
    - WebDriver Error: no such element: Unable to locate element: {"method":"css se at getLink():57 (Error reading 13th lawyer at page 1) 1x
    - WebDriver Error: no such element: Unable to locate element: {"method":"css se at getLink():57 (Error reading 14th lawyer at page 1) 1x
    - WebDriver Error: no such element: Unable to locate element: {"method":"css se at getLink():57 (Error reading 15th lawyer at page 1) 1x
    - WebDriver Error: no such element: Unable to locate element: {"method":"css se at getLink():57 (Error reading 16th lawyer at page 1) 1x
    - WebDriver Error: no such element: Unable to locate element: {"method":"css se at getLink():57 (Error reading 17th lawyer at page 1) 1x
    - WebDriver Error: no such element: Unable to locate element: {"method":"css se at getLink():57 (Error reading 18th lawyer at page 1) 1x
    - WebDriver Error: no such element: Unable to locate element: {"method":"css se at getLink():57 (Error reading 19th lawyer at page 1) 1x
    - WebDriver Error: no such element: Unable to locate element: {"method":"css se at getLink():57 (Error reading 20th lawyer at page 1) 1x
    - WebDriver Error: no such element: Unable to locate element: {"method":"css se at getLink():57 (Error reading 3th lawyer at page 1) 1x
    - WebDriver Error: no such element: Unable to locate element: {"method":"css se at getLink():57 (Error reading 4th lawyer at page 1) 1x
    - WebDriver Error: no such element: Unable to locate element: {"method":"css se at getLink():57 (Error reading 5th lawyer at page 1) 1x
    - WebDriver Error: no such element: Unable to locate element: {"method":"css se at getLink():57 (Error reading 6th lawyer at page 1) 1x
    - WebDriver Error: no such element: Unable to locate element: {"method":"css se at getLink():57 (Error reading 7th lawyer at page 1) 1x
    - WebDriver Error: no such element: Unable to locate element: {"method":"css se at getLink():57 (Error reading 8th lawyer at page 1) 1x
    - WebDriver Error: no such element: Unable to locate element: {"method":"css se at getLink():57 (Error reading 9th lawyer at page 1) 1x
====================================================================================================

====================================================================================================
Hans Offia And Associates

Errors:
    - WebDriver Error: no such element: Unable to locate element: {"method":"css se at newInstance():62 (Error reading 3th lawyer at page 1) 1x
====================================================================================================

====================================================================================================
Pulegal

Errors:
    - Runtime Error: Failed to find lawyer elements at getLawyersInPage():52 (Error fetching lawyers on page 1) 1x
====================================================================================================

====================================================================================================
Sorainen

Errors:
    - WebDriver Error: unknown error: net::ERR_CONNECTION_TIMED_OUT at accessPage():33 (Error accessing page 1) 1x
====================================================================================================

====================================================================================================
Consortium Legal

Errors:
    - Runtime Error: Failed to find lawyer elements at getLawyersInPage():45 (Error fetching lawyers on page 1) 1x
    - Runtime Error: Failed to find lawyer elements at getLawyersInPage():45 (Error fetching lawyers on page 2) 1x
    - Runtime Error: Failed to find lawyer elements at getLawyersInPage():45 (Error fetching lawyers on page 3) 1x
    - Runtime Error: Failed to find lawyer elements at getLawyersInPage():45 (Error fetching lawyers on page 4) 1x
    - Runtime Error: Failed to find lawyer elements at getLawyersInPage():45 (Error fetching lawyers on page 5) 1x
    - Runtime Error: Failed to find lawyer elements at getLawyersInPage():45 (Error fetching lawyers on page 6) 1x
    - Runtime Error: Failed to find lawyer elements at getLawyersInPage():45 (Error fetching lawyers on page 7) 1x
    - Runtime Error: Failed to find lawyer elements at getLawyersInPage():45 (Error fetching lawyers on page 8) 1x
====================================================================================================

====================================================================================================
DGKV

Errors:
    - Runtime Error: Failed to find lawyer elements at getLawyersInPage():61 (Error fetching lawyers on page 1) 1x
    - Runtime Error: Failed to find lawyer elements at getLawyersInPage():61 (Error fetching lawyers on page 2) 1x
    - Runtime Error: Failed to find lawyer elements at getLawyersInPage():61 (Error fetching lawyers on page 3) 1x
====================================================================================================

====================================================================================================
Sidley

Errors:
    - Runtime Error: Failed to find lawyer elements at getLawyersInPage():88 (Error fetching lawyers on page 1) 1x
    - Runtime Error: Failed to find lawyer elements at getLawyersInPage():88 (Error fetching lawyers on page 2) 1x
    - Runtime Error: Failed to find lawyer elements at getLawyersInPage():88 (Error fetching lawyers on page 3) 1x
    - Runtime Error: Failed to find lawyer elements at getLawyersInPage():88 (Error fetching lawyers on page 4) 1x
====================================================================================================

====================================================================================================
Simmons And Simmons

Errors:
    - WebDriver Error: no such element: Unable to locate element: {"method":"css se at getSocials():98 (Error reading 1th lawyer at page 1) 1x
    - WebDriver Error: no such element: Unable to locate element: {"method":"css se at getSocials():98 (Error reading 2th lawyer at page 1) 1x
    - WebDriver Error: no such element: Unable to locate element: {"method":"css se at getSocials():98 (Error reading 3th lawyer at page 1) 1x
====================================================================================================

====================================================================================================
Philippe & Partners

Errors:
    - Runtime Error: NullPointerException at openNewTab():55 (Error reading 31th lawyer at page 1) 1x
    - Runtime Error: NullPointerException at openNewTab():55 (Error reading 32th lawyer at page 1) 1x
====================================================================================================

====================================================================================================
AWA

Errors:
    - Runtime Error: Failed to find lawyer elements at getLawyersInPage():75 (Error fetching lawyers on page 1) 1x
    - Runtime Error: Failed to find lawyer elements at getLawyersInPage():75 (Error fetching lawyers on page 10) 1x
    - Runtime Error: Failed to find lawyer elements at getLawyersInPage():75 (Error fetching lawyers on page 11) 1x
    - Runtime Error: Failed to find lawyer elements at getLawyersInPage():75 (Error fetching lawyers on page 12) 1x
    - Runtime Error: Failed to find lawyer elements at getLawyersInPage():75 (Error fetching lawyers on page 13) 1x
    - Runtime Error: Failed to find lawyer elements at getLawyersInPage():75 (Error fetching lawyers on page 14) 1x
    - Runtime Error: Failed to find lawyer elements at getLawyersInPage():75 (Error fetching lawyers on page 15) 1x
    - Runtime Error: Failed to find lawyer elements at getLawyersInPage():75 (Error fetching lawyers on page 16) 1x
    - Runtime Error: Failed to find lawyer elements at getLawyersInPage():75 (Error fetching lawyers on page 17) 1x
    - Runtime Error: Failed to find lawyer elements at getLawyersInPage():75 (Error fetching lawyers on page 2) 1x
    - Runtime Error: Failed to find lawyer elements at getLawyersInPage():75 (Error fetching lawyers on page 3) 1x
    - Runtime Error: Failed to find lawyer elements at getLawyersInPage():75 (Error fetching lawyers on page 4) 1x
    - Runtime Error: Failed to find lawyer elements at getLawyersInPage():75 (Error fetching lawyers on page 5) 1x
    - Runtime Error: Failed to find lawyer elements at getLawyersInPage():75 (Error fetching lawyers on page 6) 1x
    - Runtime Error: Failed to find lawyer elements at getLawyersInPage():75 (Error fetching lawyers on page 7) 1x
    - Runtime Error: Failed to find lawyer elements at getLawyersInPage():75 (Error fetching lawyers on page 8) 1x
    - Runtime Error: Failed to find lawyer elements at getLawyersInPage():75 (Error fetching lawyers on page 9) 1x
    - WebDriver Error: Build info: version: '4.35.0', revision: '1c58e5028b' at accessPage():47 (Error accessing page 18) 1x
    - WebDriver Error: Build info: version: '4.35.0', revision: '1c58e5028b' at accessPage():47 (Error accessing page 19) 1x
    - WebDriver Error: Build info: version: '4.35.0', revision: '1c58e5028b' at accessPage():47 (Error accessing page 20) 1x
    - WebDriver Error: Build info: version: '4.35.0', revision: '1c58e5028b' at accessPage():47 (Error accessing page 21) 1x
    - WebDriver Error: Build info: version: '4.35.0', revision: '1c58e5028b' at accessPage():47 (Error accessing page 22) 1x
    - WebDriver Error: Build info: version: '4.35.0', revision: '1c58e5028b' at accessPage():47 (Error accessing page 23) 1x
    - WebDriver Error: Build info: version: '4.35.0', revision: '1c58e5028b' at accessPage():47 (Error accessing page 24) 1x
    - WebDriver Error: Build info: version: '4.35.0', revision: '1c58e5028b' at accessPage():47 (Error accessing page 25) 1x
    - WebDriver Error: Build info: version: '4.35.0', revision: '1c58e5028b' at accessPage():47 (Error accessing page 26) 1x
    - WebDriver Error: Build info: version: '4.35.0', revision: '1c58e5028b' at accessPage():47 (Error accessing page 27) 1x
    - WebDriver Error: Build info: version: '4.35.0', revision: '1c58e5028b' at accessPage():47 (Error accessing page 28) 1x
====================================================================================================

====================================================================================================
CBA

Errors:
    - Runtime Error: Failed to find lawyer elements at getLawyersInPage():45 (Error fetching lawyers on page 1) 1x
====================================================================================================

====================================================================================================
Stephenson Harwood

Errors:
    - Runtime Error: Failed to find lawyer elements at getLawyersInPage():78 (Error fetching lawyers on page 1) 1x
    - WebDriver Error: no such element: Unable to locate element: {"method":"css se at accessPage():55 (Error accessing page 10) 1x
    - WebDriver Error: no such element: Unable to locate element: {"method":"css se at accessPage():55 (Error accessing page 11) 1x
    - WebDriver Error: no such element: Unable to locate element: {"method":"css se at accessPage():55 (Error accessing page 12) 1x
    - WebDriver Error: no such element: Unable to locate element: {"method":"css se at accessPage():55 (Error accessing page 13) 1x
    - WebDriver Error: no such element: Unable to locate element: {"method":"css se at accessPage():55 (Error accessing page 14) 1x
    - WebDriver Error: no such element: Unable to locate element: {"method":"css se at accessPage():55 (Error accessing page 15) 1x
    - WebDriver Error: no such element: Unable to locate element: {"method":"css se at accessPage():55 (Error accessing page 16) 1x
    - WebDriver Error: no such element: Unable to locate element: {"method":"css se at accessPage():55 (Error accessing page 17) 1x
    - WebDriver Error: no such element: Unable to locate element: {"method":"css se at accessPage():55 (Error accessing page 18) 1x
    - WebDriver Error: no such element: Unable to locate element: {"method":"css se at accessPage():55 (Error accessing page 19) 1x
    - WebDriver Error: no such element: Unable to locate element: {"method":"css se at accessPage():55 (Error accessing page 2) 1x
    - WebDriver Error: no such element: Unable to locate element: {"method":"css se at accessPage():55 (Error accessing page 20) 1x
    - WebDriver Error: no such element: Unable to locate element: {"method":"css se at accessPage():55 (Error accessing page 21) 1x
    - WebDriver Error: no such element: Unable to locate element: {"method":"css se at accessPage():55 (Error accessing page 22) 1x
    - WebDriver Error: no such element: Unable to locate element: {"method":"css se at accessPage():55 (Error accessing page 23) 1x
    - WebDriver Error: no such element: Unable to locate element: {"method":"css se at accessPage():55 (Error accessing page 24) 1x
    - WebDriver Error: no such element: Unable to locate element: {"method":"css se at accessPage():55 (Error accessing page 25) 1x
    - WebDriver Error: no such element: Unable to locate element: {"method":"css se at accessPage():55 (Error accessing page 26) 1x
    - WebDriver Error: no such element: Unable to locate element: {"method":"css se at accessPage():55 (Error accessing page 27) 1x
    - WebDriver Error: no such element: Unable to locate element: {"method":"css se at accessPage():55 (Error accessing page 28) 1x
    - WebDriver Error: no such element: Unable to locate element: {"method":"css se at accessPage():55 (Error accessing page 29) 1x
    - WebDriver Error: no such element: Unable to locate element: {"method":"css se at accessPage():55 (Error accessing page 3) 1x
    - WebDriver Error: no such element: Unable to locate element: {"method":"css se at accessPage():55 (Error accessing page 30) 1x
    - WebDriver Error: no such element: Unable to locate element: {"method":"css se at accessPage():55 (Error accessing page 4) 1x
    - WebDriver Error: no such element: Unable to locate element: {"method":"css se at accessPage():55 (Error accessing page 5) 1x
    - WebDriver Error: no such element: Unable to locate element: {"method":"css se at accessPage():55 (Error accessing page 6) 1x
    - WebDriver Error: no such element: Unable to locate element: {"method":"css se at accessPage():55 (Error accessing page 7) 1x
    - WebDriver Error: no such element: Unable to locate element: {"method":"css se at accessPage():55 (Error accessing page 8) 1x
    - WebDriver Error: no such element: Unable to locate element: {"method":"css se at accessPage():55 (Error accessing page 9) 1x
====================================================================================================

====================================================================================================
AOil

Errors:
    - WebDriver Error: unknown error: net::ERR_NAME_NOT_RESOLVED at accessPage():32 (Error accessing page 1) 1x
====================================================================================================

====================================================================================================
BCLP Law

Errors:
    - Runtime Error: Failed to find lawyer elements at getLawyersInPage():65 (Error fetching lawyers on page 10) 1x
====================================================================================================

====================================================================================================
Clifford Chance

Errors:
    - WebDriver Error: Build info: version: '4.35.0', revision: '1c58e5028b' at accessPage():72 (Error accessing page 10) 1x
    - WebDriver Error: Build info: version: '4.35.0', revision: '1c58e5028b' at accessPage():72 (Error accessing page 11) 1x
    - WebDriver Error: Build info: version: '4.35.0', revision: '1c58e5028b' at accessPage():72 (Error accessing page 12) 1x
    - WebDriver Error: Build info: version: '4.35.0', revision: '1c58e5028b' at accessPage():72 (Error accessing page 13) 1x
    - WebDriver Error: Build info: version: '4.35.0', revision: '1c58e5028b' at accessPage():72 (Error accessing page 14) 1x
    - WebDriver Error: Build info: version: '4.35.0', revision: '1c58e5028b' at accessPage():72 (Error accessing page 15) 1x
    - WebDriver Error: Build info: version: '4.35.0', revision: '1c58e5028b' at accessPage():72 (Error accessing page 2) 1x
    - WebDriver Error: Build info: version: '4.35.0', revision: '1c58e5028b' at accessPage():72 (Error accessing page 3) 1x
    - WebDriver Error: Build info: version: '4.35.0', revision: '1c58e5028b' at accessPage():72 (Error accessing page 4) 1x
    - WebDriver Error: Build info: version: '4.35.0', revision: '1c58e5028b' at accessPage():72 (Error accessing page 5) 1x
    - WebDriver Error: Build info: version: '4.35.0', revision: '1c58e5028b' at accessPage():72 (Error accessing page 6) 1x
    - WebDriver Error: Build info: version: '4.35.0', revision: '1c58e5028b' at accessPage():72 (Error accessing page 7) 1x
    - WebDriver Error: Build info: version: '4.35.0', revision: '1c58e5028b' at accessPage():72 (Error accessing page 8) 1x
    - WebDriver Error: Build info: version: '4.35.0', revision: '1c58e5028b' at accessPage():72 (Error accessing page 9) 1x
    - WebDriver Error: Build info: version: '4.35.0', revision: '1c58e5028b' at getSocials():140 (Error reading 100th lawyer at page 1) 1x
    - WebDriver Error: Build info: version: '4.35.0', revision: '1c58e5028b' at getSocials():140 (Error reading 101th lawyer at page 1) 1x
    - WebDriver Error: Build info: version: '4.35.0', revision: '1c58e5028b' at getSocials():140 (Error reading 102th lawyer at page 1) 1x
    - WebDriver Error: Build info: version: '4.35.0', revision: '1c58e5028b' at getSocials():140 (Error reading 103th lawyer at page 1) 1x
    - WebDriver Error: Build info: version: '4.35.0', revision: '1c58e5028b' at getSocials():140 (Error reading 104th lawyer at page 1) 1x
    - WebDriver Error: Build info: version: '4.35.0', revision: '1c58e5028b' at getSocials():140 (Error reading 105th lawyer at page 1) 1x
    - WebDriver Error: Build info: version: '4.35.0', revision: '1c58e5028b' at getSocials():140 (Error reading 106th lawyer at page 1) 1x
    - WebDriver Error: Build info: version: '4.35.0', revision: '1c58e5028b' at getSocials():140 (Error reading 107th lawyer at page 1) 1x
    - WebDriver Error: Build info: version: '4.35.0', revision: '1c58e5028b' at getSocials():140 (Error reading 108th lawyer at page 1) 1x
    - WebDriver Error: Build info: version: '4.35.0', revision: '1c58e5028b' at getSocials():140 (Error reading 34th lawyer at page 1) 1x
    - WebDriver Error: Build info: version: '4.35.0', revision: '1c58e5028b' at getSocials():140 (Error reading 35th lawyer at page 1) 1x
    - WebDriver Error: Build info: version: '4.35.0', revision: '1c58e5028b' at getSocials():140 (Error reading 36th lawyer at page 1) 1x
    - WebDriver Error: Build info: version: '4.35.0', revision: '1c58e5028b' at getSocials():140 (Error reading 37th lawyer at page 1) 1x
    - WebDriver Error: Build info: version: '4.35.0', revision: '1c58e5028b' at getSocials():140 (Error reading 38th lawyer at page 1) 1x
    - WebDriver Error: Build info: version: '4.35.0', revision: '1c58e5028b' at getSocials():140 (Error reading 39th lawyer at page 1) 1x
    - WebDriver Error: Build info: version: '4.35.0', revision: '1c58e5028b' at getSocials():140 (Error reading 40th lawyer at page 1) 1x
    - WebDriver Error: Build info: version: '4.35.0', revision: '1c58e5028b' at getSocials():140 (Error reading 41th lawyer at page 1) 1x
    - WebDriver Error: Build info: version: '4.35.0', revision: '1c58e5028b' at getSocials():140 (Error reading 42th lawyer at page 1) 1x
    - WebDriver Error: Build info: version: '4.35.0', revision: '1c58e5028b' at getSocials():140 (Error reading 43th lawyer at page 1) 1x
    - WebDriver Error: Build info: version: '4.35.0', revision: '1c58e5028b' at getSocials():140 (Error reading 44th lawyer at page 1) 1x
    - WebDriver Error: Build info: version: '4.35.0', revision: '1c58e5028b' at getSocials():140 (Error reading 45th lawyer at page 1) 1x
    - WebDriver Error: Build info: version: '4.35.0', revision: '1c58e5028b' at getSocials():140 (Error reading 46th lawyer at page 1) 1x
    - WebDriver Error: Build info: version: '4.35.0', revision: '1c58e5028b' at getSocials():140 (Error reading 47th lawyer at page 1) 1x
    - WebDriver Error: Build info: version: '4.35.0', revision: '1c58e5028b' at getSocials():140 (Error reading 48th lawyer at page 1) 1x
    - WebDriver Error: Build info: version: '4.35.0', revision: '1c58e5028b' at getSocials():140 (Error reading 49th lawyer at page 1) 1x
    - WebDriver Error: Build info: version: '4.35.0', revision: '1c58e5028b' at getSocials():140 (Error reading 50th lawyer at page 1) 1x
    - WebDriver Error: Build info: version: '4.35.0', revision: '1c58e5028b' at getSocials():140 (Error reading 51th lawyer at page 1) 1x
    - WebDriver Error: Build info: version: '4.35.0', revision: '1c58e5028b' at getSocials():140 (Error reading 52th lawyer at page 1) 1x
    - WebDriver Error: Build info: version: '4.35.0', revision: '1c58e5028b' at getSocials():140 (Error reading 53th lawyer at page 1) 1x
    - WebDriver Error: Build info: version: '4.35.0', revision: '1c58e5028b' at getSocials():140 (Error reading 54th lawyer at page 1) 1x
    - WebDriver Error: Build info: version: '4.35.0', revision: '1c58e5028b' at getSocials():140 (Error reading 55th lawyer at page 1) 1x
    - WebDriver Error: Build info: version: '4.35.0', revision: '1c58e5028b' at getSocials():140 (Error reading 56th lawyer at page 1) 1x
    - WebDriver Error: Build info: version: '4.35.0', revision: '1c58e5028b' at getSocials():140 (Error reading 57th lawyer at page 1) 1x
    - WebDriver Error: Build info: version: '4.35.0', revision: '1c58e5028b' at getSocials():140 (Error reading 58th lawyer at page 1) 1x
    - WebDriver Error: Build info: version: '4.35.0', revision: '1c58e5028b' at getSocials():140 (Error reading 59th lawyer at page 1) 1x
    - WebDriver Error: Build info: version: '4.35.0', revision: '1c58e5028b' at getSocials():140 (Error reading 60th lawyer at page 1) 1x
    - WebDriver Error: Build info: version: '4.35.0', revision: '1c58e5028b' at getSocials():140 (Error reading 61th lawyer at page 1) 1x
    - WebDriver Error: Build info: version: '4.35.0', revision: '1c58e5028b' at getSocials():140 (Error reading 62th lawyer at page 1) 1x
    - WebDriver Error: Build info: version: '4.35.0', revision: '1c58e5028b' at getSocials():140 (Error reading 63th lawyer at page 1) 1x
    - WebDriver Error: Build info: version: '4.35.0', revision: '1c58e5028b' at getSocials():140 (Error reading 64th lawyer at page 1) 1x
    - WebDriver Error: Build info: version: '4.35.0', revision: '1c58e5028b' at getSocials():140 (Error reading 65th lawyer at page 1) 1x
    - WebDriver Error: Build info: version: '4.35.0', revision: '1c58e5028b' at getSocials():140 (Error reading 66th lawyer at page 1) 1x
    - WebDriver Error: Build info: version: '4.35.0', revision: '1c58e5028b' at getSocials():140 (Error reading 67th lawyer at page 1) 1x
    - WebDriver Error: Build info: version: '4.35.0', revision: '1c58e5028b' at getSocials():140 (Error reading 68th lawyer at page 1) 1x
    - WebDriver Error: Build info: version: '4.35.0', revision: '1c58e5028b' at getSocials():140 (Error reading 69th lawyer at page 1) 1x
    - WebDriver Error: Build info: version: '4.35.0', revision: '1c58e5028b' at getSocials():140 (Error reading 70th lawyer at page 1) 1x
    - WebDriver Error: Build info: version: '4.35.0', revision: '1c58e5028b' at getSocials():140 (Error reading 71th lawyer at page 1) 1x
    - WebDriver Error: Build info: version: '4.35.0', revision: '1c58e5028b' at getSocials():140 (Error reading 72th lawyer at page 1) 1x
    - WebDriver Error: Build info: version: '4.35.0', revision: '1c58e5028b' at getSocials():140 (Error reading 73th lawyer at page 1) 1x
    - WebDriver Error: Build info: version: '4.35.0', revision: '1c58e5028b' at getSocials():140 (Error reading 74th lawyer at page 1) 1x
    - WebDriver Error: Build info: version: '4.35.0', revision: '1c58e5028b' at getSocials():140 (Error reading 75th lawyer at page 1) 1x
    - WebDriver Error: Build info: version: '4.35.0', revision: '1c58e5028b' at getSocials():140 (Error reading 76th lawyer at page 1) 1x
    - WebDriver Error: Build info: version: '4.35.0', revision: '1c58e5028b' at getSocials():140 (Error reading 77th lawyer at page 1) 1x
    - WebDriver Error: Build info: version: '4.35.0', revision: '1c58e5028b' at getSocials():140 (Error reading 78th lawyer at page 1) 1x
    - WebDriver Error: Build info: version: '4.35.0', revision: '1c58e5028b' at getSocials():140 (Error reading 79th lawyer at page 1) 1x
    - WebDriver Error: Build info: version: '4.35.0', revision: '1c58e5028b' at getSocials():140 (Error reading 80th lawyer at page 1) 1x
    - WebDriver Error: Build info: version: '4.35.0', revision: '1c58e5028b' at getSocials():140 (Error reading 81th lawyer at page 1) 1x
    - WebDriver Error: Build info: version: '4.35.0', revision: '1c58e5028b' at getSocials():140 (Error reading 82th lawyer at page 1) 1x
    - WebDriver Error: Build info: version: '4.35.0', revision: '1c58e5028b' at getSocials():140 (Error reading 83th lawyer at page 1) 1x
    - WebDriver Error: Build info: version: '4.35.0', revision: '1c58e5028b' at getSocials():140 (Error reading 84th lawyer at page 1) 1x
    - WebDriver Error: Build info: version: '4.35.0', revision: '1c58e5028b' at getSocials():140 (Error reading 85th lawyer at page 1) 1x
    - WebDriver Error: Build info: version: '4.35.0', revision: '1c58e5028b' at getSocials():140 (Error reading 86th lawyer at page 1) 1x
    - WebDriver Error: Build info: version: '4.35.0', revision: '1c58e5028b' at getSocials():140 (Error reading 87th lawyer at page 1) 1x
    - WebDriver Error: Build info: version: '4.35.0', revision: '1c58e5028b' at getSocials():140 (Error reading 88th lawyer at page 1) 1x
    - WebDriver Error: Build info: version: '4.35.0', revision: '1c58e5028b' at getSocials():140 (Error reading 89th lawyer at page 1) 1x
    - WebDriver Error: Build info: version: '4.35.0', revision: '1c58e5028b' at getSocials():140 (Error reading 90th lawyer at page 1) 1x
    - WebDriver Error: Build info: version: '4.35.0', revision: '1c58e5028b' at getSocials():140 (Error reading 91th lawyer at page 1) 1x
    - WebDriver Error: Build info: version: '4.35.0', revision: '1c58e5028b' at getSocials():140 (Error reading 92th lawyer at page 1) 1x
    - WebDriver Error: Build info: version: '4.35.0', revision: '1c58e5028b' at getSocials():140 (Error reading 93th lawyer at page 1) 1x
    - WebDriver Error: Build info: version: '4.35.0', revision: '1c58e5028b' at getSocials():140 (Error reading 94th lawyer at page 1) 1x
    - WebDriver Error: Build info: version: '4.35.0', revision: '1c58e5028b' at getSocials():140 (Error reading 95th lawyer at page 1) 1x
    - WebDriver Error: Build info: version: '4.35.0', revision: '1c58e5028b' at getSocials():140 (Error reading 96th lawyer at page 1) 1x
    - WebDriver Error: Build info: version: '4.35.0', revision: '1c58e5028b' at getSocials():140 (Error reading 97th lawyer at page 1) 1x
    - WebDriver Error: Build info: version: '4.35.0', revision: '1c58e5028b' at getSocials():140 (Error reading 98th lawyer at page 1) 1x
    - WebDriver Error: Build info: version: '4.35.0', revision: '1c58e5028b' at getSocials():140 (Error reading 99th lawyer at page 1) 1x
====================================================================================================

====================================================================================================
Matheson

Errors:
    - Runtime Error: Failed to find lawyer elements at getLawyersInPage():51 (Error fetching lawyers on page 1) 1x
====================================================================================================

====================================================================================================
S Horowitz & Co

Errors:
    - Runtime Error: Failed to find lawyer elements at getLawyersInPage():53 (Error fetching lawyers on page 1) 1x
====================================================================================================

====================================================================================================
Gomez Acebo And Pombo

Errors:
    - WebDriver Error: java.lang.InterruptedException: sleep interrupted at goToPage():46 (Error accessing page 4) 1x
====================================================================================================

====================================================================================================
Steinmetz Haring Gurman

Errors:
    - Runtime Error: Failed to find lawyer elements at getLawyersInPage():48 (Error fetching lawyers on page 1) 1x
====================================================================================================

====================================================================================================
Ronan Daly Jermyn

Errors:
    - InterruptedException: sleep interrupted at accessPage():35 (Error accessing page 21) 1x
    - Runtime Error: Failed to find lawyer elements at getLawyersInPage():53 (Error fetching lawyers on page 10) 1x
    - Runtime Error: Failed to find lawyer elements at getLawyersInPage():53 (Error fetching lawyers on page 11) 1x
    - Runtime Error: Failed to find lawyer elements at getLawyersInPage():53 (Error fetching lawyers on page 12) 1x
    - Runtime Error: Failed to find lawyer elements at getLawyersInPage():53 (Error fetching lawyers on page 13) 1x
    - Runtime Error: Failed to find lawyer elements at getLawyersInPage():53 (Error fetching lawyers on page 14) 1x
    - Runtime Error: Failed to find lawyer elements at getLawyersInPage():53 (Error fetching lawyers on page 15) 1x
    - Runtime Error: Failed to find lawyer elements at getLawyersInPage():53 (Error fetching lawyers on page 16) 1x
    - Runtime Error: Failed to find lawyer elements at getLawyersInPage():53 (Error fetching lawyers on page 17) 1x
    - Runtime Error: Failed to find lawyer elements at getLawyersInPage():53 (Error fetching lawyers on page 18) 1x
    - Runtime Error: Failed to find lawyer elements at getLawyersInPage():53 (Error fetching lawyers on page 19) 1x
    - Runtime Error: Failed to find lawyer elements at getLawyersInPage():53 (Error fetching lawyers on page 2) 1x
    - Runtime Error: Failed to find lawyer elements at getLawyersInPage():53 (Error fetching lawyers on page 20) 1x
    - Runtime Error: Failed to find lawyer elements at getLawyersInPage():53 (Error fetching lawyers on page 22) 1x
    - Runtime Error: Failed to find lawyer elements at getLawyersInPage():53 (Error fetching lawyers on page 23) 1x
    - Runtime Error: Failed to find lawyer elements at getLawyersInPage():53 (Error fetching lawyers on page 24) 1x
    - Runtime Error: Failed to find lawyer elements at getLawyersInPage():53 (Error fetching lawyers on page 25) 1x
    - Runtime Error: Failed to find lawyer elements at getLawyersInPage():53 (Error fetching lawyers on page 26) 1x
    - Runtime Error: Failed to find lawyer elements at getLawyersInPage():53 (Error fetching lawyers on page 27) 1x
    - Runtime Error: Failed to find lawyer elements at getLawyersInPage():53 (Error fetching lawyers on page 28) 1x
    - Runtime Error: Failed to find lawyer elements at getLawyersInPage():53 (Error fetching lawyers on page 29) 1x
    - Runtime Error: Failed to find lawyer elements at getLawyersInPage():53 (Error fetching lawyers on page 3) 1x
    - Runtime Error: Failed to find lawyer elements at getLawyersInPage():53 (Error fetching lawyers on page 30) 1x
    - Runtime Error: Failed to find lawyer elements at getLawyersInPage():53 (Error fetching lawyers on page 31) 1x
    - Runtime Error: Failed to find lawyer elements at getLawyersInPage():53 (Error fetching lawyers on page 32) 1x
    - Runtime Error: Failed to find lawyer elements at getLawyersInPage():53 (Error fetching lawyers on page 33) 1x
    - Runtime Error: Failed to find lawyer elements at getLawyersInPage():53 (Error fetching lawyers on page 34) 1x
    - Runtime Error: Failed to find lawyer elements at getLawyersInPage():53 (Error fetching lawyers on page 35) 1x
    - Runtime Error: Failed to find lawyer elements at getLawyersInPage():53 (Error fetching lawyers on page 36) 1x
    - Runtime Error: Failed to find lawyer elements at getLawyersInPage():53 (Error fetching lawyers on page 37) 1x
    - Runtime Error: Failed to find lawyer elements at getLawyersInPage():53 (Error fetching lawyers on page 38) 1x
    - Runtime Error: Failed to find lawyer elements at getLawyersInPage():53 (Error fetching lawyers on page 39) 1x
    - Runtime Error: Failed to find lawyer elements at getLawyersInPage():53 (Error fetching lawyers on page 4) 1x
    - Runtime Error: Failed to find lawyer elements at getLawyersInPage():53 (Error fetching lawyers on page 40) 1x
    - Runtime Error: Failed to find lawyer elements at getLawyersInPage():53 (Error fetching lawyers on page 5) 1x
    - Runtime Error: Failed to find lawyer elements at getLawyersInPage():53 (Error fetching lawyers on page 6) 1x
    - Runtime Error: Failed to find lawyer elements at getLawyersInPage():53 (Error fetching lawyers on page 7) 1x
    - Runtime Error: Failed to find lawyer elements at getLawyersInPage():53 (Error fetching lawyers on page 8) 1x
    - Runtime Error: Failed to find lawyer elements at getLawyersInPage():53 (Error fetching lawyers on page 9) 1x
====================================================================================================

